2025-06-23 01:31:51,101 - INFO - Initialisation de la fenetre principale
2025-06-23 01:31:51,109 - DEBUG - Configuration fenetre principale appliquee
2025-06-23 01:31:51,111 - INFO - Initialisation de la barre de titre
2025-06-23 01:31:53,964 - DEBUG - Barre de titre creee
2025-06-23 01:31:53,968 - INFO - Creation du Tool avec 2 colonnes
2025-06-23 01:31:53,970 - INFO - Ajout du bouton 'Nouveau.'
2025-06-23 01:31:53,972 - DEBUG - Ajout tooltip a 'Nouveau.': Creer un nouveau fichier
2025-06-23 01:31:53,973 - DEBUG - Connexion de la fonction au bouton 'Nouveau.'
2025-06-23 01:31:53,976 - DEBUG - Bouton 'Nouveau.' ajoute en position (0, 0)
2025-06-23 01:31:53,990 - INFO - Ajout du bouton 'Ouvrir.'
2025-06-23 01:31:53,990 - DEBUG - Ajout tooltip a 'Ouvrir.': Ouvrir un fichier .md
2025-06-23 01:31:53,998 - DEBUG - Connexion de la fonction au bouton 'Ouvrir.'
2025-06-23 01:31:54,007 - DEBUG - Bouton 'Ouvrir.' ajoute en position (0, 1)
2025-06-23 01:31:54,009 - INFO - Ajout du bouton 'Sauvegarder.'
2025-06-23 01:31:54,010 - DEBUG - Ajout tooltip a 'Sauvegarder.': Sauvegarder le fichier
2025-06-23 01:31:54,014 - DEBUG - Connexion de la fonction au bouton 'Sauvegarder.'
2025-06-23 01:31:54,023 - DEBUG - Bouton 'Sauvegarder.' ajoute en position (1, 0)
2025-06-23 01:31:54,024 - INFO - Ajout du bouton 'Informations.'
2025-06-23 01:31:54,025 - DEBUG - Ajout tooltip a 'Informations.': Afficher les informations du document
2025-06-23 01:31:54,026 - DEBUG - Connexion de la fonction au bouton 'Informations.'
2025-06-23 01:31:54,028 - DEBUG - Bouton 'Informations.' ajoute en position (1, 1)
2025-06-23 01:31:54,029 - DEBUG - Tool1 (fichier) initialise
2025-06-23 01:31:54,040 - INFO - Creation du Tool avec 2 colonnes
2025-06-23 01:31:54,045 - INFO - Ajout du bouton 'G.'
2025-06-23 01:31:54,055 - DEBUG - Ajout tooltip a 'G.': Gras
2025-06-23 01:31:54,056 - DEBUG - Connexion de la fonction au bouton 'G.'
2025-06-23 01:31:54,057 - DEBUG - Bouton 'G.' ajoute en position (0, 0)
2025-06-23 01:31:54,059 - INFO - Ajout du bouton 'I.'
2025-06-23 01:31:54,060 - DEBUG - Ajout tooltip a 'I.': Italique
2025-06-23 01:31:54,061 - DEBUG - Connexion de la fonction au bouton 'I.'
2025-06-23 01:31:54,062 - DEBUG - Bouton 'I.' ajoute en position (0, 1)
2025-06-23 01:31:54,072 - INFO - Ajout du bouton 'S.'
2025-06-23 01:31:54,073 - DEBUG - Ajout tooltip a 'S.': Souligne
2025-06-23 01:31:54,075 - DEBUG - Connexion de la fonction au bouton 'S.'
2025-06-23 01:31:54,076 - DEBUG - Bouton 'S.' ajoute en position (1, 0)
2025-06-23 01:31:54,077 - INFO - Ajout du bouton 'ab.'
2025-06-23 01:31:54,086 - DEBUG - Ajout tooltip a 'ab.': Barre
2025-06-23 01:31:54,087 - DEBUG - Connexion de la fonction au bouton 'ab.'
2025-06-23 01:31:54,091 - DEBUG - Bouton 'ab.' ajoute en position (1, 1)
2025-06-23 01:31:54,095 - DEBUG - Tool2 (styles texte) initialise
2025-06-23 01:31:54,096 - INFO - Creation du Tool avec 2 colonnes
2025-06-23 01:31:54,103 - INFO - Ajout du bouton 'Lien.'
2025-06-23 01:31:54,105 - DEBUG - Ajout icone a 'Lien.': ui/icons/add_link.png
2025-06-23 01:31:54,110 - DEBUG - Ajout tooltip a 'Lien.': Inserer un lien
2025-06-23 01:31:54,111 - DEBUG - Connexion de la fonction au bouton 'Lien.'
2025-06-23 01:31:54,123 - DEBUG - Bouton 'Lien.' ajoute en position (0, 0)
2025-06-23 01:31:54,125 - INFO - Ajout du bouton 'Tableau.'
2025-06-23 01:31:54,126 - DEBUG - Ajout icone a 'Tableau.': ui/icons/table.png
2025-06-23 01:31:54,138 - DEBUG - Ajout tooltip a 'Tableau.': Inserer un tableau
2025-06-23 01:31:54,142 - DEBUG - Connexion de la fonction au bouton 'Tableau.'
2025-06-23 01:31:54,143 - DEBUG - Bouton 'Tableau.' ajoute en position (0, 1)
2025-06-23 01:31:54,144 - INFO - Ajout du bouton 'Image.'
2025-06-23 01:31:54,168 - DEBUG - Ajout icone a 'Image.': ui/icons/add_photo.png
2025-06-23 01:31:54,170 - DEBUG - Ajout tooltip a 'Image.': Inserer une image
2025-06-23 01:31:54,171 - DEBUG - Connexion de la fonction au bouton 'Image.'
2025-06-23 01:31:54,173 - DEBUG - Bouton 'Image.' ajoute en position (1, 0)
2025-06-23 01:31:54,175 - DEBUG - Tool3 (insertion) initialise
2025-06-23 01:31:54,176 - INFO - Creation du Tool avec 2 colonnes
2025-06-23 01:31:54,189 - INFO - Ajout du bouton ''
2025-06-23 01:31:54,190 - DEBUG - Ajout icone a '': ui/icons/align_left.png
2025-06-23 01:31:54,192 - DEBUG - Ajout tooltip a '': Aligner a gauche
2025-06-23 01:31:54,194 - DEBUG - Connexion de la fonction au bouton ''
2025-06-23 01:31:54,201 - DEBUG - Bouton '' ajoute en position (0, 0)
2025-06-23 01:31:54,204 - INFO - Ajout du bouton ''
2025-06-23 01:31:54,206 - DEBUG - Ajout icone a '': ui/icons/align_center.png
2025-06-23 01:31:54,207 - DEBUG - Ajout tooltip a '': Centrer le texte
2025-06-23 01:31:54,208 - DEBUG - Connexion de la fonction au bouton ''
2025-06-23 01:31:54,209 - DEBUG - Bouton '' ajoute en position (0, 1)
2025-06-23 01:31:54,210 - INFO - Ajout du bouton ''
2025-06-23 01:31:54,212 - DEBUG - Ajout icone a '': ui/icons/align_right.png
2025-06-23 01:31:54,223 - DEBUG - Ajout tooltip a '': Aligner a droite
2025-06-23 01:31:54,224 - DEBUG - Connexion de la fonction au bouton ''
2025-06-23 01:31:54,226 - DEBUG - Bouton '' ajoute en position (1, 0)
2025-06-23 01:31:54,240 - INFO - Ajout du bouton ''
2025-06-23 01:31:54,243 - DEBUG - Ajout icone a '': ui/icons/align_justify.png
2025-06-23 01:31:54,245 - DEBUG - Ajout tooltip a '': Justifier le texte
2025-06-23 01:31:54,257 - DEBUG - Connexion de la fonction au bouton ''
2025-06-23 01:31:54,258 - DEBUG - Bouton '' ajoute en position (1, 1)
2025-06-23 01:31:54,259 - DEBUG - Tool4 (alignement) initialise
2025-06-23 01:31:54,262 - INFO - Creation du Tool avec 2 colonnes
2025-06-23 01:31:54,274 - INFO - Ajout du bouton ''
2025-06-23 01:31:54,276 - DEBUG - Ajout icone a '': ui/icons/indent_decrease.png
2025-06-23 01:31:54,278 - DEBUG - Ajout tooltip a '': Diminuer le retrait
2025-06-23 01:31:54,290 - DEBUG - Connexion de la fonction au bouton ''
2025-06-23 01:31:54,291 - DEBUG - Bouton '' ajoute en position (0, 0)
2025-06-23 01:31:54,292 - INFO - Ajout du bouton ''
2025-06-23 01:31:54,293 - DEBUG - Ajout icone a '': ui/icons/indent_increase.png
2025-06-23 01:31:54,295 - DEBUG - Ajout tooltip a '': Augmenter le retrait
2025-06-23 01:31:54,304 - DEBUG - Connexion de la fonction au bouton ''
2025-06-23 01:31:54,306 - DEBUG - Bouton '' ajoute en position (0, 1)
2025-06-23 01:31:54,307 - INFO - Ajout du bouton ''
2025-06-23 01:31:54,308 - DEBUG - Ajout icone a '': ui/icons/list_numbered.png
2025-06-23 01:31:54,310 - DEBUG - Ajout tooltip a '': Creer une liste numerotee
2025-06-23 01:31:54,311 - DEBUG - Connexion de la fonction au bouton ''
2025-06-23 01:31:54,322 - DEBUG - Bouton '' ajoute en position (1, 0)
2025-06-23 01:31:54,323 - INFO - Ajout du bouton ''
2025-06-23 01:31:54,325 - DEBUG - Ajout icone a '': ui/icons/list_bulleted.png
2025-06-23 01:31:54,327 - DEBUG - Ajout tooltip a '': Creer une liste a puces
2025-06-23 01:31:54,337 - DEBUG - Connexion de la fonction au bouton ''
2025-06-23 01:31:54,339 - DEBUG - Bouton '' ajoute en position (1, 1)
2025-06-23 01:31:54,340 - DEBUG - Tool5 (listes et retraits) initialise
2025-06-23 01:31:54,343 - INFO - Creation du Tool avec 2 colonnes
2025-06-23 01:31:54,354 - INFO - Ajout du bouton '.'
2025-06-23 01:31:54,360 - DEBUG - Ajout icone a '.': ui/icons/paste.png
2025-06-23 01:31:54,373 - DEBUG - Ajout tooltip a '.': Coller
2025-06-23 01:31:54,378 - DEBUG - Connexion de la fonction au bouton '.'
2025-06-23 01:31:54,388 - DEBUG - Bouton '.' ajoute en position (0, 0)
2025-06-23 01:31:54,390 - INFO - Ajout du bouton '.'
2025-06-23 01:31:54,392 - DEBUG - Ajout icone a '.': ui/icons/cut.png
2025-06-23 01:31:54,394 - DEBUG - Ajout tooltip a '.': Couper
2025-06-23 01:31:54,407 - DEBUG - Connexion de la fonction au bouton '.'
2025-06-23 01:31:54,409 - DEBUG - Bouton '.' ajoute en position (0, 1)
2025-06-23 01:31:54,410 - INFO - Ajout du bouton '.'
2025-06-23 01:31:54,423 - DEBUG - Ajout icone a '.': ui/icons/copy.png
2025-06-23 01:31:54,427 - DEBUG - Ajout tooltip a '.': Copier
2025-06-23 01:31:54,441 - DEBUG - Connexion de la fonction au bouton '.'
2025-06-23 01:31:54,443 - DEBUG - Bouton '.' ajoute en position (1, 0)
2025-06-23 01:31:54,444 - INFO - Ajout du bouton ''
2025-06-23 01:31:54,456 - DEBUG - Ajout icone a '': ui/icons/paint.png
2025-06-23 01:31:54,461 - DEBUG - Ajout tooltip a '': Appliquer le style (pinceau)
2025-06-23 01:31:54,471 - DEBUG - Connexion de la fonction au bouton ''
2025-06-23 01:31:54,473 - DEBUG - Bouton '' ajoute en position (1, 1)
2025-06-23 01:31:54,475 - DEBUG - Tool6 (edition) initialise
2025-06-23 01:31:54,493 - INFO - Creation du Tool avec 2 colonnes
2025-06-23 01:31:54,525 - INFO - Ajout du bouton 'H1.'
2025-06-23 01:31:54,592 - DEBUG - Ajout tooltip a 'H1.': Titre 1
2025-06-23 01:31:54,604 - DEBUG - Connexion de la fonction au bouton 'H1.'
2025-06-23 01:31:54,611 - DEBUG - Bouton 'H1.' ajoute en position (0, 0)
2025-06-23 01:31:54,627 - INFO - Ajout du bouton 'H2.'
2025-06-23 01:31:54,629 - DEBUG - Ajout tooltip a 'H2.': Titre 2
2025-06-23 01:31:54,641 - DEBUG - Connexion de la fonction au bouton 'H2.'
2025-06-23 01:31:54,643 - DEBUG - Bouton 'H2.' ajoute en position (0, 1)
2025-06-23 01:31:54,644 - INFO - Ajout du bouton 'H3.'
2025-06-23 01:31:54,645 - DEBUG - Ajout tooltip a 'H3.': Titre 3
2025-06-23 01:31:54,660 - DEBUG - Connexion de la fonction au bouton 'H3.'
2025-06-23 01:31:54,673 - DEBUG - Bouton 'H3.' ajoute en position (1, 0)
2025-06-23 01:31:54,674 - INFO - Ajout du bouton 'H4.'
2025-06-23 01:31:54,675 - DEBUG - Ajout tooltip a 'H4.': Titre 4
2025-06-23 01:31:54,676 - DEBUG - Connexion de la fonction au bouton 'H4.'
2025-06-23 01:31:54,691 - DEBUG - Bouton 'H4.' ajoute en position (1, 1)
2025-06-23 01:31:54,693 - DEBUG - Tool7 (titres) initialise
2025-06-23 01:31:54,694 - INFO - Creation du Tool avec 2 colonnes
2025-06-23 01:31:54,703 - INFO - Ajout du bouton '.'
2025-06-23 01:31:54,710 - DEBUG - Ajout icone a '.': ui/icons/note_add.png
2025-06-23 01:31:54,728 - DEBUG - Ajout tooltip a '.': Ajouter une note
2025-06-23 01:31:54,745 - DEBUG - Connexion de la fonction au bouton '.'
2025-06-23 01:31:54,775 - DEBUG - Bouton '.' ajoute en position (0, 0)
2025-06-23 01:31:54,776 - INFO - Ajout du bouton ''
2025-06-23 01:31:54,777 - DEBUG - Ajout icone a '': ui/icons/checklist.png
2025-06-23 01:31:54,784 - DEBUG - Ajout tooltip a '': Ajouter une checklist
2025-06-23 01:31:54,786 - DEBUG - Connexion de la fonction au bouton ''
2025-06-23 01:31:54,788 - DEBUG - Bouton '' ajoute en position (0, 1)
2025-06-23 01:31:54,789 - INFO - Ajout du bouton '.'
2025-06-23 01:31:54,789 - DEBUG - Ajout icone a '.': ui/icons/flip.png
2025-06-23 01:31:54,791 - DEBUG - Ajout tooltip a '.': Ajouter une ligne de separateur
2025-06-23 01:31:54,808 - DEBUG - Connexion de la fonction au bouton '.'
2025-06-23 01:31:54,859 - DEBUG - Bouton '.' ajoute en position (1, 0)
2025-06-23 01:31:54,892 - INFO - Ajout du bouton '.'
2025-06-23 01:31:54,904 - DEBUG - Ajout icone a '.': ui/icons/add_reaction.png
2025-06-23 01:31:54,910 - DEBUG - Ajout tooltip a '.': Ajouter un emoji
2025-06-23 01:31:54,939 - DEBUG - Connexion de la fonction au bouton '.'
2025-06-23 01:31:54,973 - DEBUG - Bouton '.' ajoute en position (1, 1)
2025-06-23 01:31:54,977 - DEBUG - Tool8 (ajout de contenu : note, checklist, section, emoji) initialise
2025-06-23 01:31:55,007 - DEBUG - Header configure et widgets ajoutes
2025-06-23 01:31:55,036 - DEBUG - editeur de texte initialise
2025-06-23 01:31:55,039 - DEBUG - Container central configure
2025-06-23 01:31:55,044 - DEBUG - Footer configure
2025-06-23 01:31:55,088 - INFO - Initialisation complete de la fenetre principale terminee
2025-06-23 01:32:06,302 - DEBUG - Insertion de lien annulee par l'utilisateur
2025-06-23 01:32:14,199 - DEBUG - Insertion d'une ligne de separation (table HTML)
2025-06-23 01:32:14,202 - DEBUG - Etat des boutons mis a jour
2025-06-23 01:32:15,744 - DEBUG - Etat des boutons mis a jour
2025-06-23 01:32:16,119 - DEBUG - Etat des boutons mis a jour
2025-06-23 01:32:16,254 - DEBUG - Etat des boutons mis a jour
2025-06-23 01:32:16,470 - DEBUG - Etat des boutons mis a jour
2025-06-23 01:32:16,687 - DEBUG - Etat des boutons mis a jour
2025-06-23 01:32:16,973 - DEBUG - Etat des boutons mis a jour
2025-06-23 01:32:17,220 - DEBUG - Etat des boutons mis a jour
2025-06-23 01:32:17,269 - DEBUG - Etat des boutons mis a jour
2025-06-23 01:32:17,483 - DEBUG - Etat des boutons mis a jour
2025-06-23 01:32:17,741 - DEBUG - Etat des boutons mis a jour
2025-06-23 01:32:17,809 - DEBUG - Etat des boutons mis a jour
2025-06-23 01:32:18,313 - DEBUG - Etat des boutons mis a jour
2025-06-23 01:32:18,353 - DEBUG - Etat des boutons mis a jour
2025-06-23 01:32:18,398 - DEBUG - Etat des boutons mis a jour
2025-06-23 01:32:18,437 - DEBUG - Etat des boutons mis a jour
2025-06-23 01:32:18,477 - DEBUG - Etat des boutons mis a jour
2025-06-23 01:32:18,501 - DEBUG - Etat des boutons mis a jour
2025-06-23 01:32:18,651 - DEBUG - Etat des boutons mis a jour
2025-06-23 01:32:18,687 - DEBUG - Etat des boutons mis a jour
2025-06-23 01:32:18,847 - DEBUG - Etat des boutons mis a jour
2025-06-23 01:32:19,509 - DEBUG - Etat des boutons mis a jour
2025-06-23 01:32:19,700 - DEBUG - Etat des boutons mis a jour
2025-06-23 01:32:20,759 - DEBUG - Toggling style : h1
2025-06-23 01:32:20,763 - DEBUG - Changement titre H1
2025-06-23 01:32:20,776 - DEBUG - Style applique avec succes
2025-06-23 01:32:21,515 - DEBUG - Etat des boutons mis a jour
2025-06-23 01:32:22,420 - DEBUG - Etat des boutons mis a jour
2025-06-23 01:32:24,161 - DEBUG - Etat des boutons mis a jour
2025-06-23 01:32:27,335 - DEBUG - Toggling style : h1
2025-06-23 01:32:27,336 - DEBUG - Aucune selection, selection du mot sous le curseur
2025-06-23 01:32:27,336 - DEBUG - Changement titre H1
2025-06-23 01:32:27,338 - DEBUG - Style applique avec succes
2025-06-23 01:32:33,919 - DEBUG - Etat des boutons mis a jour
2025-06-23 01:32:34,138 - DEBUG - Etat des boutons mis a jour
2025-06-23 01:32:35,268 - DEBUG - Etat des boutons mis a jour
2025-06-23 01:32:35,269 - DEBUG - Texte coupe et copie dans le presse-papiers
2025-06-23 01:32:41,250 - DEBUG - Etat des boutons mis a jour
2025-06-23 01:32:46,112 - DEBUG - Ouverture de la boîte de dialogue pour choisir une image
2025-06-23 01:32:51,048 - DEBUG - Image selectionnee : C:/Users/Utilisateur/Downloads/checked.png
2025-06-23 01:32:51,068 - DEBUG - Etat des boutons mis a jour
2025-06-23 01:32:51,076 - DEBUG - Image inseree dans le QTextEdit
2025-06-23 01:33:10,512 - DEBUG - Application fermee
