2025-06-22 21:31:20,388 - INFO - Initialisation de la fenetre principale
2025-06-22 21:31:20,392 - DEBUG - Configuration fenetre principale appliquee
2025-06-22 21:31:20,392 - INFO - Initialisation de la barre de titre
2025-06-22 21:31:20,957 - DEBUG - Barre de titre creee
2025-06-22 21:31:20,958 - INFO - Creation du Tool avec 2 colonnes
2025-06-22 21:31:20,959 - INFO - Ajout du bouton 'Nouveau.'
2025-06-22 21:31:20,959 - DEBUG - Ajout tooltip a 'Nouveau.': Creer un nouveau fichier
2025-06-22 21:31:20,960 - DEBUG - Connexion de la fonction au bouton 'Nouveau.'
2025-06-22 21:31:20,960 - DEBUG - Bouton 'Nouveau.' ajoute en position (0, 0)
2025-06-22 21:31:20,964 - INFO - Ajout du bouton 'Ouvrir.'
2025-06-22 21:31:20,965 - DEBUG - Ajout tooltip a 'Ouvrir.': Ouvrir un fichier .md
2025-06-22 21:31:20,965 - DEBUG - Connexion de la fonction au bouton 'Ouvrir.'
2025-06-22 21:31:20,966 - DEBUG - Bouton 'Ouvrir.' ajoute en position (0, 1)
2025-06-22 21:31:20,967 - INFO - Ajout du bouton 'Sauvegarder.'
2025-06-22 21:31:20,967 - DEBUG - Ajout tooltip a 'Sauvegarder.': Sauvegarder le fichier
2025-06-22 21:31:20,968 - DEBUG - Connexion de la fonction au bouton 'Sauvegarder.'
2025-06-22 21:31:20,968 - DEBUG - Bouton 'Sauvegarder.' ajoute en position (1, 0)
2025-06-22 21:31:20,969 - INFO - Ajout du bouton 'Informations.'
2025-06-22 21:31:20,970 - DEBUG - Ajout tooltip a 'Informations.': Afficher les informations du document
2025-06-22 21:31:20,970 - DEBUG - Connexion de la fonction au bouton 'Informations.'
2025-06-22 21:31:20,976 - DEBUG - Bouton 'Informations.' ajoute en position (1, 1)
2025-06-22 21:31:20,976 - DEBUG - Tool1 (fichier) initialise
2025-06-22 21:31:20,977 - INFO - Creation du Tool avec 2 colonnes
2025-06-22 21:31:20,978 - INFO - Ajout du bouton 'G.'
2025-06-22 21:31:20,978 - DEBUG - Ajout tooltip a 'G.': Gras
2025-06-22 21:31:20,979 - DEBUG - Connexion de la fonction au bouton 'G.'
2025-06-22 21:31:20,981 - DEBUG - Bouton 'G.' ajoute en position (0, 0)
2025-06-22 21:31:20,982 - INFO - Ajout du bouton 'I.'
2025-06-22 21:31:20,982 - DEBUG - Ajout tooltip a 'I.': Italique
2025-06-22 21:31:20,983 - DEBUG - Connexion de la fonction au bouton 'I.'
2025-06-22 21:31:20,983 - DEBUG - Bouton 'I.' ajoute en position (0, 1)
2025-06-22 21:31:20,984 - INFO - Ajout du bouton 'S.'
2025-06-22 21:31:20,984 - DEBUG - Ajout tooltip a 'S.': Souligne
2025-06-22 21:31:20,985 - DEBUG - Connexion de la fonction au bouton 'S.'
2025-06-22 21:31:20,987 - DEBUG - Bouton 'S.' ajoute en position (1, 0)
2025-06-22 21:31:20,987 - INFO - Ajout du bouton 'ab.'
2025-06-22 21:31:20,987 - DEBUG - Ajout tooltip a 'ab.': Barre
2025-06-22 21:31:20,992 - DEBUG - Connexion de la fonction au bouton 'ab.'
2025-06-22 21:31:20,993 - DEBUG - Bouton 'ab.' ajoute en position (1, 1)
2025-06-22 21:31:20,994 - DEBUG - Tool2 (styles texte) initialise
2025-06-22 21:31:20,994 - INFO - Creation du Tool avec 2 colonnes
2025-06-22 21:31:20,995 - INFO - Ajout du bouton 'Lien.'
2025-06-22 21:31:20,997 - DEBUG - Ajout icone a 'Lien.': ui/icons/add_link.png
2025-06-22 21:31:20,998 - DEBUG - Ajout tooltip a 'Lien.': Inserer un lien
2025-06-22 21:31:20,999 - DEBUG - Connexion de la fonction au bouton 'Lien.'
2025-06-22 21:31:21,000 - DEBUG - Bouton 'Lien.' ajoute en position (0, 0)
2025-06-22 21:31:21,000 - INFO - Ajout du bouton 'Tableau.'
2025-06-22 21:31:21,001 - DEBUG - Ajout icone a 'Tableau.': ui/icons/table.png
2025-06-22 21:31:21,002 - DEBUG - Ajout tooltip a 'Tableau.': Inserer un tableau
2025-06-22 21:31:21,002 - DEBUG - Connexion de la fonction au bouton 'Tableau.'
2025-06-22 21:31:21,003 - DEBUG - Bouton 'Tableau.' ajoute en position (0, 1)
2025-06-22 21:31:21,003 - INFO - Ajout du bouton 'Image.'
2025-06-22 21:31:21,004 - DEBUG - Ajout icone a 'Image.': ui/icons/add_photo.png
2025-06-22 21:31:21,005 - DEBUG - Ajout tooltip a 'Image.': Inserer une image
2025-06-22 21:31:21,008 - DEBUG - Connexion de la fonction au bouton 'Image.'
2025-06-22 21:31:21,008 - DEBUG - Bouton 'Image.' ajoute en position (1, 0)
2025-06-22 21:31:21,009 - DEBUG - Tool3 (insertion) initialise
2025-06-22 21:31:21,010 - INFO - Creation du Tool avec 2 colonnes
2025-06-22 21:31:21,011 - INFO - Ajout du bouton ''
2025-06-22 21:31:21,011 - DEBUG - Ajout icone a '': ui/icons/align_left.png
2025-06-22 21:31:21,012 - DEBUG - Ajout tooltip a '': Aligner a gauche
2025-06-22 21:31:21,012 - DEBUG - Connexion de la fonction au bouton ''
2025-06-22 21:31:21,013 - DEBUG - Bouton '' ajoute en position (0, 0)
2025-06-22 21:31:21,014 - INFO - Ajout du bouton ''
2025-06-22 21:31:21,014 - DEBUG - Ajout icone a '': ui/icons/align_center.png
2025-06-22 21:31:21,015 - DEBUG - Ajout tooltip a '': Centrer le texte
2025-06-22 21:31:21,015 - DEBUG - Connexion de la fonction au bouton ''
2025-06-22 21:31:21,016 - DEBUG - Bouton '' ajoute en position (0, 1)
2025-06-22 21:31:21,016 - INFO - Ajout du bouton ''
2025-06-22 21:31:21,017 - DEBUG - Ajout icone a '': ui/icons/align_right.png
2025-06-22 21:31:21,017 - DEBUG - Ajout tooltip a '': Aligner a droite
2025-06-22 21:31:21,018 - DEBUG - Connexion de la fonction au bouton ''
2025-06-22 21:31:21,018 - DEBUG - Bouton '' ajoute en position (1, 0)
2025-06-22 21:31:21,019 - INFO - Ajout du bouton ''
2025-06-22 21:31:21,019 - DEBUG - Ajout icone a '': ui/icons/align_justify.png
2025-06-22 21:31:21,020 - DEBUG - Ajout tooltip a '': Justifier le texte
2025-06-22 21:31:21,021 - DEBUG - Connexion de la fonction au bouton ''
2025-06-22 21:31:21,021 - DEBUG - Bouton '' ajoute en position (1, 1)
2025-06-22 21:31:21,026 - DEBUG - Tool4 (alignement) initialise
2025-06-22 21:31:21,026 - INFO - Creation du Tool avec 2 colonnes
2025-06-22 21:31:21,027 - INFO - Ajout du bouton ''
2025-06-22 21:31:21,027 - DEBUG - Ajout icone a '': ui/icons/indent_decrease.png
2025-06-22 21:31:21,028 - DEBUG - Ajout tooltip a '': Diminuer le retrait
2025-06-22 21:31:21,029 - DEBUG - Connexion de la fonction au bouton ''
2025-06-22 21:31:21,029 - DEBUG - Bouton '' ajoute en position (0, 0)
2025-06-22 21:31:21,029 - INFO - Ajout du bouton ''
2025-06-22 21:31:21,030 - DEBUG - Ajout icone a '': ui/icons/indent_increase.png
2025-06-22 21:31:21,030 - DEBUG - Ajout tooltip a '': Augmenter le retrait
2025-06-22 21:31:21,031 - DEBUG - Connexion de la fonction au bouton ''
2025-06-22 21:31:21,031 - DEBUG - Bouton '' ajoute en position (0, 1)
2025-06-22 21:31:21,032 - INFO - Ajout du bouton ''
2025-06-22 21:31:21,033 - DEBUG - Ajout icone a '': ui/icons/list_numbered.png
2025-06-22 21:31:21,034 - DEBUG - Ajout tooltip a '': Creer une liste numerotee
2025-06-22 21:31:21,034 - DEBUG - Connexion de la fonction au bouton ''
2025-06-22 21:31:21,035 - DEBUG - Bouton '' ajoute en position (1, 0)
2025-06-22 21:31:21,035 - INFO - Ajout du bouton ''
2025-06-22 21:31:21,035 - DEBUG - Ajout icone a '': ui/icons/list_bulleted.png
2025-06-22 21:31:21,036 - DEBUG - Ajout tooltip a '': Creer une liste a puces
2025-06-22 21:31:21,036 - DEBUG - Connexion de la fonction au bouton ''
2025-06-22 21:31:21,037 - DEBUG - Bouton '' ajoute en position (1, 1)
2025-06-22 21:31:21,037 - DEBUG - Tool5 (listes et retraits) initialise
2025-06-22 21:31:21,038 - INFO - Creation du Tool avec 2 colonnes
2025-06-22 21:31:21,042 - INFO - Ajout du bouton '.'
2025-06-22 21:31:21,043 - DEBUG - Ajout icone a '.': ui/icons/paste.png
2025-06-22 21:31:21,044 - DEBUG - Ajout tooltip a '.': Coller
2025-06-22 21:31:21,044 - DEBUG - Connexion de la fonction au bouton '.'
2025-06-22 21:31:21,045 - DEBUG - Bouton '.' ajoute en position (0, 0)
2025-06-22 21:31:21,045 - INFO - Ajout du bouton '.'
2025-06-22 21:31:21,046 - DEBUG - Ajout icone a '.': ui/icons/cut.png
2025-06-22 21:31:21,047 - DEBUG - Ajout tooltip a '.': Couper
2025-06-22 21:31:21,047 - DEBUG - Connexion de la fonction au bouton '.'
2025-06-22 21:31:21,048 - DEBUG - Bouton '.' ajoute en position (0, 1)
2025-06-22 21:31:21,048 - INFO - Ajout du bouton '.'
2025-06-22 21:31:21,048 - DEBUG - Ajout icone a '.': ui/icons/copy.png
2025-06-22 21:31:21,049 - DEBUG - Ajout tooltip a '.': Copier
2025-06-22 21:31:21,050 - DEBUG - Connexion de la fonction au bouton '.'
2025-06-22 21:31:21,050 - DEBUG - Bouton '.' ajoute en position (1, 0)
2025-06-22 21:31:21,051 - INFO - Ajout du bouton ''
2025-06-22 21:31:21,051 - DEBUG - Ajout icone a '': ui/icons/paint.png
2025-06-22 21:31:21,052 - DEBUG - Ajout tooltip a '': Appliquer le style (pinceau)
2025-06-22 21:31:21,052 - DEBUG - Connexion de la fonction au bouton ''
2025-06-22 21:31:21,053 - DEBUG - Bouton '' ajoute en position (1, 1)
2025-06-22 21:31:21,053 - DEBUG - Tool6 (edition) initialise
2025-06-22 21:31:21,054 - INFO - Creation du Tool avec 2 colonnes
2025-06-22 21:31:21,055 - INFO - Ajout du bouton 'H1.'
2025-06-22 21:31:21,059 - DEBUG - Ajout tooltip a 'H1.': Titre 1
2025-06-22 21:31:21,061 - DEBUG - Connexion de la fonction au bouton 'H1.'
2025-06-22 21:31:21,061 - DEBUG - Bouton 'H1.' ajoute en position (0, 0)
2025-06-22 21:31:21,062 - INFO - Ajout du bouton 'H2.'
2025-06-22 21:31:21,062 - DEBUG - Ajout tooltip a 'H2.': Titre 2
2025-06-22 21:31:21,063 - DEBUG - Connexion de la fonction au bouton 'H2.'
2025-06-22 21:31:21,063 - DEBUG - Bouton 'H2.' ajoute en position (0, 1)
2025-06-22 21:31:21,063 - INFO - Ajout du bouton 'H3.'
2025-06-22 21:31:21,064 - DEBUG - Ajout tooltip a 'H3.': Titre 3
2025-06-22 21:31:21,064 - DEBUG - Connexion de la fonction au bouton 'H3.'
2025-06-22 21:31:21,065 - DEBUG - Bouton 'H3.' ajoute en position (1, 0)
2025-06-22 21:31:21,065 - INFO - Ajout du bouton 'H4.'
2025-06-22 21:31:21,066 - DEBUG - Ajout tooltip a 'H4.': Titre 4
2025-06-22 21:31:21,066 - DEBUG - Connexion de la fonction au bouton 'H4.'
2025-06-22 21:31:21,067 - DEBUG - Bouton 'H4.' ajoute en position (1, 1)
2025-06-22 21:31:21,067 - DEBUG - Tool7 (titres) initialise
2025-06-22 21:31:21,068 - INFO - Creation du Tool avec 2 colonnes
2025-06-22 21:31:21,068 - INFO - Ajout du bouton '.'
2025-06-22 21:31:21,069 - DEBUG - Ajout icone a '.': ui/icons/note_add.png
2025-06-22 21:31:21,069 - DEBUG - Ajout tooltip a '.': Ajouter une note
2025-06-22 21:31:21,070 - DEBUG - Connexion de la fonction au bouton '.'
2025-06-22 21:31:21,070 - DEBUG - Bouton '.' ajoute en position (0, 0)
2025-06-22 21:31:21,071 - INFO - Ajout du bouton ''
2025-06-22 21:31:21,071 - DEBUG - Ajout icone a '': ui/icons/checklist.png
2025-06-22 21:31:21,076 - DEBUG - Ajout tooltip a '': Ajouter une checklist
2025-06-22 21:31:21,077 - DEBUG - Connexion de la fonction au bouton ''
2025-06-22 21:31:21,077 - DEBUG - Bouton '' ajoute en position (0, 1)
2025-06-22 21:31:21,077 - INFO - Ajout du bouton '.'
2025-06-22 21:31:21,078 - DEBUG - Ajout icone a '.': ui/icons/flip.png
2025-06-22 21:31:21,079 - DEBUG - Ajout tooltip a '.': Ajouter une ligne de separateur
2025-06-22 21:31:21,079 - DEBUG - Connexion de la fonction au bouton '.'
2025-06-22 21:31:21,080 - DEBUG - Bouton '.' ajoute en position (1, 0)
2025-06-22 21:31:21,080 - INFO - Ajout du bouton '.'
2025-06-22 21:31:21,081 - DEBUG - Ajout icone a '.': ui/icons/add_reaction.png
2025-06-22 21:31:21,082 - DEBUG - Ajout tooltip a '.': Ajouter un emoji
2025-06-22 21:31:21,082 - DEBUG - Connexion de la fonction au bouton '.'
2025-06-22 21:31:21,083 - DEBUG - Bouton '.' ajoute en position (1, 1)
2025-06-22 21:31:21,083 - DEBUG - Tool8 (ajout de contenu : note, checklist, section, emoji) initialise
2025-06-22 21:31:21,087 - DEBUG - Header configure et widgets ajoutes
2025-06-22 21:31:21,098 - DEBUG - editeur de texte initialise
2025-06-22 21:31:21,100 - DEBUG - Container central configure
2025-06-22 21:31:21,101 - DEBUG - Footer configure
2025-06-22 21:31:21,112 - INFO - Initialisation complete de la fenetre principale terminee
2025-06-22 21:31:24,385 - DEBUG - Insertion de lien annulee par l'utilisateur
2025-06-22 21:31:25,315 - DEBUG - Application fermee
