2025-06-22 21:13:36,632 - INFO - Initialisation de la fenetre principale
2025-06-22 21:13:36,634 - DEBUG - Configuration fenetre principale appliquee
2025-06-22 21:13:36,635 - INFO - Initialisation de la barre de titre
2025-06-22 21:13:37,224 - DEBUG - Barre de titre creee
2025-06-22 21:13:37,225 - INFO - Creation du Tool avec 2 colonnes
2025-06-22 21:13:37,225 - INFO - Ajout du bouton 'Nouveau.'
2025-06-22 21:13:37,229 - DEBUG - Ajout tooltip a 'Nouveau.': Creer un nouveau fichier
2025-06-22 21:13:37,230 - DEBUG - Connexion de la fonction au bouton 'Nouveau.'
2025-06-22 21:13:37,231 - DEBUG - Bouton 'Nouveau.' ajoute en position (0, 0)
2025-06-22 21:13:37,231 - INFO - Ajout du bouton 'Ouvrir.'
2025-06-22 21:13:37,232 - DEBUG - Ajout tooltip a 'Ouvrir.': Ouvrir un fichier .md
2025-06-22 21:13:37,232 - DEBUG - Connexion de la fonction au bouton 'Ouvrir.'
2025-06-22 21:13:37,233 - DEBUG - Bouton 'Ouvrir.' ajoute en position (0, 1)
2025-06-22 21:13:37,233 - INFO - Ajout du bouton 'Sauvegarder'
2025-06-22 21:13:37,234 - DEBUG - Ajout tooltip a 'Sauvegarder': Sauvegarder le fichier
2025-06-22 21:13:37,234 - DEBUG - Connexion de la fonction au bouton 'Sauvegarder'
2025-06-22 21:13:37,234 - DEBUG - Bouton 'Sauvegarder' ajoute en position (1, 0)
2025-06-22 21:13:37,235 - INFO - Ajout du bouton 'Informations'
2025-06-22 21:13:37,235 - DEBUG - Ajout tooltip a 'Informations': Afficher les informations du document
2025-06-22 21:13:37,236 - DEBUG - Connexion de la fonction au bouton 'Informations'
2025-06-22 21:13:37,236 - DEBUG - Bouton 'Informations' ajoute en position (1, 1)
2025-06-22 21:13:37,237 - DEBUG - Tool1 (fichier) initialise
2025-06-22 21:13:37,237 - INFO - Creation du Tool avec 2 colonnes
2025-06-22 21:13:37,238 - INFO - Ajout du bouton 'G.'
2025-06-22 21:13:37,238 - DEBUG - Ajout tooltip a 'G.': Gras
2025-06-22 21:13:37,239 - DEBUG - Connexion de la fonction au bouton 'G.'
2025-06-22 21:13:37,239 - DEBUG - Bouton 'G.' ajoute en position (0, 0)
2025-06-22 21:13:37,239 - INFO - Ajout du bouton 'I.'
2025-06-22 21:13:37,240 - DEBUG - Ajout tooltip a 'I.': Italique
2025-06-22 21:13:37,240 - DEBUG - Connexion de la fonction au bouton 'I.'
2025-06-22 21:13:37,241 - DEBUG - Bouton 'I.' ajoute en position (0, 1)
2025-06-22 21:13:37,241 - INFO - Ajout du bouton 'S.'
2025-06-22 21:13:37,242 - DEBUG - Ajout tooltip a 'S.': Souligne
2025-06-22 21:13:37,244 - DEBUG - Connexion de la fonction au bouton 'S.'
2025-06-22 21:13:37,245 - DEBUG - Bouton 'S.' ajoute en position (1, 0)
2025-06-22 21:13:37,246 - INFO - Ajout du bouton 'ab.'
2025-06-22 21:13:37,247 - DEBUG - Ajout tooltip a 'ab.': Barre
2025-06-22 21:13:37,247 - DEBUG - Connexion de la fonction au bouton 'ab.'
2025-06-22 21:13:37,248 - DEBUG - Bouton 'ab.' ajoute en position (1, 1)
2025-06-22 21:13:37,248 - DEBUG - Tool2 (styles texte) initialise
2025-06-22 21:13:37,249 - INFO - Creation du Tool avec 2 colonnes
2025-06-22 21:13:37,249 - INFO - Ajout du bouton 'Lien.'
2025-06-22 21:13:37,251 - DEBUG - Ajout icone a 'Lien.': ui/icons/add_link.png
2025-06-22 21:13:37,252 - DEBUG - Ajout tooltip a 'Lien.': Inserer un lien
2025-06-22 21:13:37,253 - DEBUG - Connexion de la fonction au bouton 'Lien.'
2025-06-22 21:13:37,254 - DEBUG - Bouton 'Lien.' ajoute en position (0, 0)
2025-06-22 21:13:37,254 - INFO - Ajout du bouton 'Tableau.'
2025-06-22 21:13:37,255 - DEBUG - Ajout icone a 'Tableau.': ui/icons/table.png
2025-06-22 21:13:37,256 - DEBUG - Ajout tooltip a 'Tableau.': Inserer un tableau
2025-06-22 21:13:37,256 - DEBUG - Connexion de la fonction au bouton 'Tableau.'
2025-06-22 21:13:37,257 - DEBUG - Bouton 'Tableau.' ajoute en position (0, 1)
2025-06-22 21:13:37,257 - INFO - Ajout du bouton 'Image.'
2025-06-22 21:13:37,257 - DEBUG - Ajout icone a 'Image.': ui/icons/add_photo.png
2025-06-22 21:13:37,258 - DEBUG - Ajout tooltip a 'Image.': Inserer une image
2025-06-22 21:13:37,259 - DEBUG - Connexion de la fonction au bouton 'Image.'
2025-06-22 21:13:37,263 - DEBUG - Bouton 'Image.' ajoute en position (1, 0)
2025-06-22 21:13:37,263 - DEBUG - Tool3 (insertion) initialise
2025-06-22 21:13:37,264 - INFO - Creation du Tool avec 2 colonnes
2025-06-22 21:13:37,265 - INFO - Ajout du bouton ''
2025-06-22 21:13:37,265 - DEBUG - Ajout icone a '': ui/icons/align_left.png
2025-06-22 21:13:37,267 - DEBUG - Ajout tooltip a '': Aligner a gauche
2025-06-22 21:13:37,268 - DEBUG - Connexion de la fonction au bouton ''
2025-06-22 21:13:37,269 - DEBUG - Bouton '' ajoute en position (0, 0)
2025-06-22 21:13:37,269 - INFO - Ajout du bouton ''
2025-06-22 21:13:37,270 - DEBUG - Ajout icone a '': ui/icons/align_center.png
2025-06-22 21:13:37,270 - DEBUG - Ajout tooltip a '': Centrer le texte
2025-06-22 21:13:37,271 - DEBUG - Connexion de la fonction au bouton ''
2025-06-22 21:13:37,271 - DEBUG - Bouton '' ajoute en position (0, 1)
2025-06-22 21:13:37,271 - INFO - Ajout du bouton ''
2025-06-22 21:13:37,272 - DEBUG - Ajout icone a '': ui/icons/align_right.png
2025-06-22 21:13:37,273 - DEBUG - Ajout tooltip a '': Aligner a droite
2025-06-22 21:13:37,274 - DEBUG - Connexion de la fonction au bouton ''
2025-06-22 21:13:37,274 - DEBUG - Bouton '' ajoute en position (1, 0)
2025-06-22 21:13:37,275 - INFO - Ajout du bouton ''
2025-06-22 21:13:37,275 - DEBUG - Ajout icone a '': ui/icons/align_justify.png
2025-06-22 21:13:37,278 - DEBUG - Ajout tooltip a '': Justifier le texte
2025-06-22 21:13:37,280 - DEBUG - Connexion de la fonction au bouton ''
2025-06-22 21:13:37,281 - DEBUG - Bouton '' ajoute en position (1, 1)
2025-06-22 21:13:37,281 - DEBUG - Tool4 (alignement) initialise
2025-06-22 21:13:37,282 - INFO - Creation du Tool avec 2 colonnes
2025-06-22 21:13:37,282 - INFO - Ajout du bouton ''
2025-06-22 21:13:37,283 - DEBUG - Ajout icone a '': ui/icons/indent_decrease.png
2025-06-22 21:13:37,284 - DEBUG - Ajout tooltip a '': Diminuer le retrait
2025-06-22 21:13:37,284 - DEBUG - Connexion de la fonction au bouton ''
2025-06-22 21:13:37,285 - DEBUG - Bouton '' ajoute en position (0, 0)
2025-06-22 21:13:37,285 - INFO - Ajout du bouton ''
2025-06-22 21:13:37,285 - DEBUG - Ajout icone a '': ui/icons/indent_increase.png
2025-06-22 21:13:37,286 - DEBUG - Ajout tooltip a '': Augmenter le retrait
2025-06-22 21:13:37,287 - DEBUG - Connexion de la fonction au bouton ''
2025-06-22 21:13:37,288 - DEBUG - Bouton '' ajoute en position (0, 1)
2025-06-22 21:13:37,288 - INFO - Ajout du bouton ''
2025-06-22 21:13:37,288 - DEBUG - Ajout icone a '': ui/icons/list_numbered.png
2025-06-22 21:13:37,289 - DEBUG - Ajout tooltip a '': Creer une liste numerotee
2025-06-22 21:13:37,289 - DEBUG - Connexion de la fonction au bouton ''
2025-06-22 21:13:37,290 - DEBUG - Bouton '' ajoute en position (1, 0)
2025-06-22 21:13:37,290 - INFO - Ajout du bouton ''
2025-06-22 21:13:37,291 - DEBUG - Ajout icone a '': ui/icons/list_bulleted.png
2025-06-22 21:13:37,292 - DEBUG - Ajout tooltip a '': Creer une liste a puces
2025-06-22 21:13:37,292 - DEBUG - Connexion de la fonction au bouton ''
2025-06-22 21:13:37,297 - DEBUG - Bouton '' ajoute en position (1, 1)
2025-06-22 21:13:37,297 - DEBUG - Tool5 (listes et retraits) initialise
2025-06-22 21:13:37,298 - INFO - Creation du Tool avec 2 colonnes
2025-06-22 21:13:37,298 - INFO - Ajout du bouton '.'
2025-06-22 21:13:37,301 - DEBUG - Ajout icone a '.': ui/icons/paste.png
2025-06-22 21:13:37,303 - DEBUG - Ajout tooltip a '.': Coller
2025-06-22 21:13:37,304 - DEBUG - Connexion de la fonction au bouton '.'
2025-06-22 21:13:37,304 - DEBUG - Bouton '.' ajoute en position (0, 0)
2025-06-22 21:13:37,305 - INFO - Ajout du bouton '.'
2025-06-22 21:13:37,305 - DEBUG - Ajout icone a '.': ui/icons/cut.png
2025-06-22 21:13:37,306 - DEBUG - Ajout tooltip a '.': Couper
2025-06-22 21:13:37,307 - DEBUG - Connexion de la fonction au bouton '.'
2025-06-22 21:13:37,308 - DEBUG - Bouton '.' ajoute en position (0, 1)
2025-06-22 21:13:37,308 - INFO - Ajout du bouton '.'
2025-06-22 21:13:37,311 - DEBUG - Ajout icone a '.': ui/icons/copy.png
2025-06-22 21:13:37,314 - DEBUG - Ajout tooltip a '.': Copier
2025-06-22 21:13:37,314 - DEBUG - Connexion de la fonction au bouton '.'
2025-06-22 21:13:37,316 - DEBUG - Bouton '.' ajoute en position (1, 0)
2025-06-22 21:13:37,317 - INFO - Ajout du bouton ''
2025-06-22 21:13:37,317 - DEBUG - Ajout icone a '': ui/icons/paint.png
2025-06-22 21:13:37,318 - DEBUG - Ajout tooltip a '': Appliquer le style (pinceau)
2025-06-22 21:13:37,319 - DEBUG - Connexion de la fonction au bouton ''
2025-06-22 21:13:37,319 - DEBUG - Bouton '' ajoute en position (1, 1)
2025-06-22 21:13:37,320 - DEBUG - Tool6 (edition) initialise
2025-06-22 21:13:37,320 - INFO - Creation du Tool avec 2 colonnes
2025-06-22 21:13:37,321 - INFO - Ajout du bouton 'H1.'
2025-06-22 21:13:37,321 - DEBUG - Ajout tooltip a 'H1.': Titre 1
2025-06-22 21:13:37,322 - DEBUG - Connexion de la fonction au bouton 'H1.'
2025-06-22 21:13:37,323 - DEBUG - Bouton 'H1.' ajoute en position (0, 0)
2025-06-22 21:13:37,323 - INFO - Ajout du bouton 'H2.'
2025-06-22 21:13:37,324 - DEBUG - Ajout tooltip a 'H2.': Titre 2
2025-06-22 21:13:37,324 - DEBUG - Connexion de la fonction au bouton 'H2.'
2025-06-22 21:13:37,325 - DEBUG - Bouton 'H2.' ajoute en position (0, 1)
2025-06-22 21:13:37,325 - INFO - Ajout du bouton 'H3.'
2025-06-22 21:13:37,325 - DEBUG - Ajout tooltip a 'H3.': Titre 3
2025-06-22 21:13:37,326 - DEBUG - Connexion de la fonction au bouton 'H3.'
2025-06-22 21:13:37,330 - DEBUG - Bouton 'H3.' ajoute en position (1, 0)
2025-06-22 21:13:37,330 - INFO - Ajout du bouton 'H4.'
2025-06-22 21:13:37,331 - DEBUG - Ajout tooltip a 'H4.': Titre 4
2025-06-22 21:13:37,331 - DEBUG - Connexion de la fonction au bouton 'H4.'
2025-06-22 21:13:37,332 - DEBUG - Bouton 'H4.' ajoute en position (1, 1)
2025-06-22 21:13:37,333 - DEBUG - Tool7 (titres) initialise
2025-06-22 21:13:37,333 - INFO - Creation du Tool avec 2 colonnes
2025-06-22 21:13:37,334 - INFO - Ajout du bouton '.'
2025-06-22 21:13:37,334 - DEBUG - Ajout icone a '.': ui/icons/note_add.png
2025-06-22 21:13:37,335 - DEBUG - Ajout tooltip a '.': Ajouter une note
2025-06-22 21:13:37,335 - DEBUG - Connexion de la fonction au bouton '.'
2025-06-22 21:13:37,336 - DEBUG - Bouton '.' ajoute en position (0, 0)
2025-06-22 21:13:37,336 - INFO - Ajout du bouton ''
2025-06-22 21:13:37,337 - DEBUG - Ajout icone a '': ui/icons/checklist.png
2025-06-22 21:13:37,338 - DEBUG - Ajout tooltip a '': Ajouter une checklist
2025-06-22 21:13:37,338 - DEBUG - Connexion de la fonction au bouton ''
2025-06-22 21:13:37,339 - DEBUG - Bouton '' ajoute en position (0, 1)
2025-06-22 21:13:37,341 - INFO - Ajout du bouton '.'
2025-06-22 21:13:37,342 - DEBUG - Ajout icone a '.': ui/icons/flip.png
2025-06-22 21:13:37,346 - DEBUG - Ajout tooltip a '.': Ajouter une ligne de separateur
2025-06-22 21:13:37,347 - DEBUG - Connexion de la fonction au bouton '.'
2025-06-22 21:13:37,348 - DEBUG - Bouton '.' ajoute en position (1, 0)
2025-06-22 21:13:37,348 - INFO - Ajout du bouton '.'
2025-06-22 21:13:37,349 - DEBUG - Ajout icone a '.': ui/icons/add_reaction.png
2025-06-22 21:13:37,350 - DEBUG - Ajout tooltip a '.': Ajouter un emoji
2025-06-22 21:13:37,351 - DEBUG - Connexion de la fonction au bouton '.'
2025-06-22 21:13:37,351 - DEBUG - Bouton '.' ajoute en position (1, 1)
2025-06-22 21:13:37,351 - DEBUG - Tool8 (ajout de contenu : note, checklist, section, emoji) initialise
2025-06-22 21:13:37,357 - DEBUG - Header configure et widgets ajoutes
2025-06-22 21:13:37,367 - DEBUG - editeur de texte initialise
2025-06-22 21:13:37,369 - DEBUG - Container central configure
2025-06-22 21:13:37,370 - DEBUG - Footer configure
2025-06-22 21:13:37,380 - INFO - Initialisation complete de la fenetre principale terminee
2025-06-22 21:13:39,024 - DEBUG - Etat des boutons mis a jour
