2025-06-22 21:20:42,811 - INFO - Initialisation de la fenetre principale
2025-06-22 21:20:42,813 - DEBUG - Configuration fenetre principale appliquee
2025-06-22 21:20:42,813 - INFO - Initialisation de la barre de titre
2025-06-22 21:20:43,495 - DEBUG - Barre de titre creee
2025-06-22 21:20:43,503 - INFO - Creation du Tool avec 2 colonnes
2025-06-22 21:20:43,506 - INFO - Ajout du bouton 'Nouveau.'
2025-06-22 21:20:43,508 - DEBUG - Ajout tooltip a 'Nouveau.': Creer un nouveau fichier
2025-06-22 21:20:43,509 - DEBUG - Connexion de la fonction au bouton 'Nouveau.'
2025-06-22 21:20:43,509 - DEBUG - Bouton 'Nouveau.' ajoute en position (0, 0)
2025-06-22 21:20:43,513 - INFO - Ajout du bouton 'Ouvrir.'
2025-06-22 21:20:43,513 - DEBUG - Ajout tooltip a 'Ouvrir.': Ouvrir un fichier .md
2025-06-22 21:20:43,514 - DEBUG - Connexion de la fonction au bouton 'Ouvrir.'
2025-06-22 21:20:43,515 - DEBUG - Bouton 'Ouvrir.' ajoute en position (0, 1)
2025-06-22 21:20:43,515 - INFO - Ajout du bouton 'Sauvegarder'
2025-06-22 21:20:43,516 - DEBUG - Ajout tooltip a 'Sauvegarder': Sauvegarder le fichier
2025-06-22 21:20:43,517 - DEBUG - Connexion de la fonction au bouton 'Sauvegarder'
2025-06-22 21:20:43,530 - DEBUG - Bouton 'Sauvegarder' ajoute en position (1, 0)
2025-06-22 21:20:43,530 - INFO - Ajout du bouton 'Informations'
2025-06-22 21:20:43,531 - DEBUG - Ajout tooltip a 'Informations': Afficher les informations du document
2025-06-22 21:20:43,532 - DEBUG - Connexion de la fonction au bouton 'Informations'
2025-06-22 21:20:43,533 - DEBUG - Bouton 'Informations' ajoute en position (1, 1)
2025-06-22 21:20:43,535 - DEBUG - Tool1 (fichier) initialise
2025-06-22 21:20:43,547 - INFO - Creation du Tool avec 2 colonnes
2025-06-22 21:20:43,549 - INFO - Ajout du bouton 'G.'
2025-06-22 21:20:43,550 - DEBUG - Ajout tooltip a 'G.': Gras
2025-06-22 21:20:43,550 - DEBUG - Connexion de la fonction au bouton 'G.'
2025-06-22 21:20:43,551 - DEBUG - Bouton 'G.' ajoute en position (0, 0)
2025-06-22 21:20:43,552 - INFO - Ajout du bouton 'I.'
2025-06-22 21:20:43,552 - DEBUG - Ajout tooltip a 'I.': Italique
2025-06-22 21:20:43,553 - DEBUG - Connexion de la fonction au bouton 'I.'
2025-06-22 21:20:43,553 - DEBUG - Bouton 'I.' ajoute en position (0, 1)
2025-06-22 21:20:43,554 - INFO - Ajout du bouton 'S.'
2025-06-22 21:20:43,558 - DEBUG - Ajout tooltip a 'S.': Souligne
2025-06-22 21:20:43,559 - DEBUG - Connexion de la fonction au bouton 'S.'
2025-06-22 21:20:43,560 - DEBUG - Bouton 'S.' ajoute en position (1, 0)
2025-06-22 21:20:43,560 - INFO - Ajout du bouton 'ab.'
2025-06-22 21:20:43,561 - DEBUG - Ajout tooltip a 'ab.': Barre
2025-06-22 21:20:43,561 - DEBUG - Connexion de la fonction au bouton 'ab.'
2025-06-22 21:20:43,562 - DEBUG - Bouton 'ab.' ajoute en position (1, 1)
2025-06-22 21:20:43,562 - DEBUG - Tool2 (styles texte) initialise
2025-06-22 21:20:43,563 - INFO - Creation du Tool avec 2 colonnes
2025-06-22 21:20:43,563 - INFO - Ajout du bouton 'Lien.'
2025-06-22 21:20:43,564 - DEBUG - Ajout icone a 'Lien.': ui/icons/add_link.png
2025-06-22 21:20:43,565 - DEBUG - Ajout tooltip a 'Lien.': Inserer un lien
2025-06-22 21:20:43,565 - DEBUG - Connexion de la fonction au bouton 'Lien.'
2025-06-22 21:20:43,566 - DEBUG - Bouton 'Lien.' ajoute en position (0, 0)
2025-06-22 21:20:43,566 - INFO - Ajout du bouton 'Tableau.'
2025-06-22 21:20:43,566 - DEBUG - Ajout icone a 'Tableau.': ui/icons/table.png
2025-06-22 21:20:43,567 - DEBUG - Ajout tooltip a 'Tableau.': Inserer un tableau
2025-06-22 21:20:43,568 - DEBUG - Connexion de la fonction au bouton 'Tableau.'
2025-06-22 21:20:43,568 - DEBUG - Bouton 'Tableau.' ajoute en position (0, 1)
2025-06-22 21:20:43,568 - INFO - Ajout du bouton 'Image.'
2025-06-22 21:20:43,569 - DEBUG - Ajout icone a 'Image.': ui/icons/add_photo.png
2025-06-22 21:20:43,570 - DEBUG - Ajout tooltip a 'Image.': Inserer une image
2025-06-22 21:20:43,570 - DEBUG - Connexion de la fonction au bouton 'Image.'
2025-06-22 21:20:43,572 - DEBUG - Bouton 'Image.' ajoute en position (1, 0)
2025-06-22 21:20:43,574 - DEBUG - Tool3 (insertion) initialise
2025-06-22 21:20:43,575 - INFO - Creation du Tool avec 2 colonnes
2025-06-22 21:20:43,575 - INFO - Ajout du bouton ''
2025-06-22 21:20:43,576 - DEBUG - Ajout icone a '': ui/icons/align_left.png
2025-06-22 21:20:43,577 - DEBUG - Ajout tooltip a '': Aligner a gauche
2025-06-22 21:20:43,577 - DEBUG - Connexion de la fonction au bouton ''
2025-06-22 21:20:43,578 - DEBUG - Bouton '' ajoute en position (0, 0)
2025-06-22 21:20:43,578 - INFO - Ajout du bouton ''
2025-06-22 21:20:43,579 - DEBUG - Ajout icone a '': ui/icons/align_center.png
2025-06-22 21:20:43,580 - DEBUG - Ajout tooltip a '': Centrer le texte
2025-06-22 21:20:43,582 - DEBUG - Connexion de la fonction au bouton ''
2025-06-22 21:20:43,583 - DEBUG - Bouton '' ajoute en position (0, 1)
2025-06-22 21:20:43,584 - INFO - Ajout du bouton ''
2025-06-22 21:20:43,584 - DEBUG - Ajout icone a '': ui/icons/align_right.png
2025-06-22 21:20:43,585 - DEBUG - Ajout tooltip a '': Aligner a droite
2025-06-22 21:20:43,585 - DEBUG - Connexion de la fonction au bouton ''
2025-06-22 21:20:43,586 - DEBUG - Bouton '' ajoute en position (1, 0)
2025-06-22 21:20:43,586 - INFO - Ajout du bouton ''
2025-06-22 21:20:43,587 - DEBUG - Ajout icone a '': ui/icons/align_justify.png
2025-06-22 21:20:43,593 - DEBUG - Ajout tooltip a '': Justifier le texte
2025-06-22 21:20:43,593 - DEBUG - Connexion de la fonction au bouton ''
2025-06-22 21:20:43,594 - DEBUG - Bouton '' ajoute en position (1, 1)
2025-06-22 21:20:43,595 - DEBUG - Tool4 (alignement) initialise
2025-06-22 21:20:43,595 - INFO - Creation du Tool avec 2 colonnes
2025-06-22 21:20:43,596 - INFO - Ajout du bouton ''
2025-06-22 21:20:43,596 - DEBUG - Ajout icone a '': ui/icons/indent_decrease.png
2025-06-22 21:20:43,597 - DEBUG - Ajout tooltip a '': Diminuer le retrait
2025-06-22 21:20:43,598 - DEBUG - Connexion de la fonction au bouton ''
2025-06-22 21:20:43,598 - DEBUG - Bouton '' ajoute en position (0, 0)
2025-06-22 21:20:43,599 - INFO - Ajout du bouton ''
2025-06-22 21:20:43,599 - DEBUG - Ajout icone a '': ui/icons/indent_increase.png
2025-06-22 21:20:43,600 - DEBUG - Ajout tooltip a '': Augmenter le retrait
2025-06-22 21:20:43,601 - DEBUG - Connexion de la fonction au bouton ''
2025-06-22 21:20:43,601 - DEBUG - Bouton '' ajoute en position (0, 1)
2025-06-22 21:20:43,601 - INFO - Ajout du bouton ''
2025-06-22 21:20:43,602 - DEBUG - Ajout icone a '': ui/icons/list_numbered.png
2025-06-22 21:20:43,603 - DEBUG - Ajout tooltip a '': Creer une liste numerotee
2025-06-22 21:20:43,603 - DEBUG - Connexion de la fonction au bouton ''
2025-06-22 21:20:43,606 - DEBUG - Bouton '' ajoute en position (1, 0)
2025-06-22 21:20:43,607 - INFO - Ajout du bouton ''
2025-06-22 21:20:43,608 - DEBUG - Ajout icone a '': ui/icons/list_bulleted.png
2025-06-22 21:20:43,610 - DEBUG - Ajout tooltip a '': Creer une liste a puces
2025-06-22 21:20:43,610 - DEBUG - Connexion de la fonction au bouton ''
2025-06-22 21:20:43,611 - DEBUG - Bouton '' ajoute en position (1, 1)
2025-06-22 21:20:43,612 - DEBUG - Tool5 (listes et retraits) initialise
2025-06-22 21:20:43,612 - INFO - Creation du Tool avec 2 colonnes
2025-06-22 21:20:43,613 - INFO - Ajout du bouton '.'
2025-06-22 21:20:43,613 - DEBUG - Ajout icone a '.': ui/icons/paste.png
2025-06-22 21:20:43,614 - DEBUG - Ajout tooltip a '.': Coller
2025-06-22 21:20:43,614 - DEBUG - Connexion de la fonction au bouton '.'
2025-06-22 21:20:43,615 - DEBUG - Bouton '.' ajoute en position (0, 0)
2025-06-22 21:20:43,615 - INFO - Ajout du bouton '.'
2025-06-22 21:20:43,616 - DEBUG - Ajout icone a '.': ui/icons/cut.png
2025-06-22 21:20:43,617 - DEBUG - Ajout tooltip a '.': Couper
2025-06-22 21:20:43,617 - DEBUG - Connexion de la fonction au bouton '.'
2025-06-22 21:20:43,618 - DEBUG - Bouton '.' ajoute en position (0, 1)
2025-06-22 21:20:43,618 - INFO - Ajout du bouton '.'
2025-06-22 21:20:43,618 - DEBUG - Ajout icone a '.': ui/icons/copy.png
2025-06-22 21:20:43,619 - DEBUG - Ajout tooltip a '.': Copier
2025-06-22 21:20:43,619 - DEBUG - Connexion de la fonction au bouton '.'
2025-06-22 21:20:43,620 - DEBUG - Bouton '.' ajoute en position (1, 0)
2025-06-22 21:20:43,622 - INFO - Ajout du bouton ''
2025-06-22 21:20:43,623 - DEBUG - Ajout icone a '': ui/icons/paint.png
2025-06-22 21:20:43,626 - DEBUG - Ajout tooltip a '': Appliquer le style (pinceau)
2025-06-22 21:20:43,627 - DEBUG - Connexion de la fonction au bouton ''
2025-06-22 21:20:43,628 - DEBUG - Bouton '' ajoute en position (1, 1)
2025-06-22 21:20:43,628 - DEBUG - Tool6 (edition) initialise
2025-06-22 21:20:43,629 - INFO - Creation du Tool avec 2 colonnes
2025-06-22 21:20:43,629 - INFO - Ajout du bouton 'H1.'
2025-06-22 21:20:43,630 - DEBUG - Ajout tooltip a 'H1.': Titre 1
2025-06-22 21:20:43,630 - DEBUG - Connexion de la fonction au bouton 'H1.'
2025-06-22 21:20:43,631 - DEBUG - Bouton 'H1.' ajoute en position (0, 0)
2025-06-22 21:20:43,631 - INFO - Ajout du bouton 'H2.'
2025-06-22 21:20:43,631 - DEBUG - Ajout tooltip a 'H2.': Titre 2
2025-06-22 21:20:43,632 - DEBUG - Connexion de la fonction au bouton 'H2.'
2025-06-22 21:20:43,632 - DEBUG - Bouton 'H2.' ajoute en position (0, 1)
2025-06-22 21:20:43,633 - INFO - Ajout du bouton 'H3.'
2025-06-22 21:20:43,633 - DEBUG - Ajout tooltip a 'H3.': Titre 3
2025-06-22 21:20:43,634 - DEBUG - Connexion de la fonction au bouton 'H3.'
2025-06-22 21:20:43,634 - DEBUG - Bouton 'H3.' ajoute en position (1, 0)
2025-06-22 21:20:43,635 - INFO - Ajout du bouton 'H4.'
2025-06-22 21:20:43,635 - DEBUG - Ajout tooltip a 'H4.': Titre 4
2025-06-22 21:20:43,635 - DEBUG - Connexion de la fonction au bouton 'H4.'
2025-06-22 21:20:43,636 - DEBUG - Bouton 'H4.' ajoute en position (1, 1)
2025-06-22 21:20:43,636 - DEBUG - Tool7 (titres) initialise
2025-06-22 21:20:43,637 - INFO - Creation du Tool avec 2 colonnes
2025-06-22 21:20:43,642 - INFO - Ajout du bouton '.'
2025-06-22 21:20:43,643 - DEBUG - Ajout icone a '.': ui/icons/note_add.png
2025-06-22 21:20:43,645 - DEBUG - Ajout tooltip a '.': Ajouter une note
2025-06-22 21:20:43,645 - DEBUG - Connexion de la fonction au bouton '.'
2025-06-22 21:20:43,646 - DEBUG - Bouton '.' ajoute en position (0, 0)
2025-06-22 21:20:43,646 - INFO - Ajout du bouton ''
2025-06-22 21:20:43,646 - DEBUG - Ajout icone a '': ui/icons/checklist.png
2025-06-22 21:20:43,647 - DEBUG - Ajout tooltip a '': Ajouter une checklist
2025-06-22 21:20:43,648 - DEBUG - Connexion de la fonction au bouton ''
2025-06-22 21:20:43,649 - DEBUG - Bouton '' ajoute en position (0, 1)
2025-06-22 21:20:43,649 - INFO - Ajout du bouton '.'
2025-06-22 21:20:43,650 - DEBUG - Ajout icone a '.': ui/icons/flip.png
2025-06-22 21:20:43,651 - DEBUG - Ajout tooltip a '.': Ajouter une ligne de separateur
2025-06-22 21:20:43,651 - DEBUG - Connexion de la fonction au bouton '.'
2025-06-22 21:20:43,652 - DEBUG - Bouton '.' ajoute en position (1, 0)
2025-06-22 21:20:43,652 - INFO - Ajout du bouton '.'
2025-06-22 21:20:43,653 - DEBUG - Ajout icone a '.': ui/icons/add_reaction.png
2025-06-22 21:20:43,654 - DEBUG - Ajout tooltip a '.': Ajouter un emoji
2025-06-22 21:20:43,659 - DEBUG - Connexion de la fonction au bouton '.'
2025-06-22 21:20:43,660 - DEBUG - Bouton '.' ajoute en position (1, 1)
2025-06-22 21:20:43,661 - DEBUG - Tool8 (ajout de contenu : note, checklist, section, emoji) initialise
2025-06-22 21:20:43,666 - DEBUG - Header configure et widgets ajoutes
2025-06-22 21:20:43,678 - DEBUG - editeur de texte initialise
2025-06-22 21:20:43,680 - DEBUG - Container central configure
2025-06-22 21:20:43,681 - DEBUG - Footer configure
2025-06-22 21:20:43,687 - INFO - Initialisation complete de la fenetre principale terminee
2025-06-22 21:20:45,433 - DEBUG - Etat des boutons mis a jour
2025-06-22 21:20:48,493 - DEBUG - Fenetre reduite
2025-06-22 21:20:51,568 - DEBUG - Etat des boutons mis a jour
2025-06-22 21:20:53,900 - DEBUG - Fenetre reduite
2025-06-22 21:21:28,719 - DEBUG - Etat des boutons mis a jour
2025-06-22 21:21:29,691 - DEBUG - Etat des boutons mis a jour
2025-06-22 21:21:31,042 - DEBUG - Etat des boutons mis a jour
2025-06-22 21:21:31,801 - DEBUG - Etat des boutons mis a jour
2025-06-22 21:21:34,140 - DEBUG - Insertion d'une ligne de separation (table HTML)
2025-06-22 21:21:34,142 - DEBUG - Etat des boutons mis a jour
2025-06-22 21:21:35,327 - DEBUG - Etat des boutons mis a jour
2025-06-22 21:21:36,173 - DEBUG - Etat des boutons mis a jour
2025-06-22 21:21:39,778 - DEBUG - Etat des boutons mis a jour
2025-06-22 21:21:40,951 - INFO - Fichier sauvegarder sous le nom de Sans titre
2025-06-22 21:21:42,485 - DEBUG - Fenetre reduite
2025-06-22 21:22:45,300 - DEBUG - Application fermee
