2025-06-22 21:30:38,103 - INFO - Initialisation de la fenetre principale
2025-06-22 21:30:38,106 - DEBUG - Configuration fenetre principale appliquee
2025-06-22 21:30:38,107 - INFO - Initialisation de la barre de titre
2025-06-22 21:30:38,722 - DEBUG - Barre de titre creee
2025-06-22 21:30:38,722 - INFO - Creation du Tool avec 2 colonnes
2025-06-22 21:30:38,723 - INFO - Ajout du bouton 'Nouveau.'
2025-06-22 21:30:38,723 - DEBUG - Ajout tooltip a 'Nouveau.': Creer un nouveau fichier
2025-06-22 21:30:38,724 - DEBUG - Connexion de la fonction au bouton 'Nouveau.'
2025-06-22 21:30:38,724 - DEBUG - Bouton 'Nouveau.' ajoute en position (0, 0)
2025-06-22 21:30:38,729 - INFO - Ajout du bouton 'Ouvrir.'
2025-06-22 21:30:38,730 - DEBUG - Ajout tooltip a 'Ouvrir.': Ouvrir un fichier .md
2025-06-22 21:30:38,731 - DEBUG - Connexion de la fonction au bouton 'Ouvrir.'
2025-06-22 21:30:38,731 - DEBUG - Bouton 'Ouvrir.' ajoute en position (0, 1)
2025-06-22 21:30:38,732 - INFO - Ajout du bouton 'Sauvegarder.'
2025-06-22 21:30:38,732 - DEBUG - Ajout tooltip a 'Sauvegarder.': Sauvegarder le fichier
2025-06-22 21:30:38,733 - DEBUG - Connexion de la fonction au bouton 'Sauvegarder.'
2025-06-22 21:30:38,733 - DEBUG - Bouton 'Sauvegarder.' ajoute en position (1, 0)
2025-06-22 21:30:38,734 - INFO - Ajout du bouton 'Informations.'
2025-06-22 21:30:38,734 - DEBUG - Ajout tooltip a 'Informations.': Afficher les informations du document
2025-06-22 21:30:38,735 - DEBUG - Connexion de la fonction au bouton 'Informations.'
2025-06-22 21:30:38,737 - DEBUG - Bouton 'Informations.' ajoute en position (1, 1)
2025-06-22 21:30:38,737 - DEBUG - Tool1 (fichier) initialise
2025-06-22 21:30:38,738 - INFO - Creation du Tool avec 2 colonnes
2025-06-22 21:30:38,739 - INFO - Ajout du bouton 'G.'
2025-06-22 21:30:38,739 - DEBUG - Ajout tooltip a 'G.': Gras
2025-06-22 21:30:38,739 - DEBUG - Connexion de la fonction au bouton 'G.'
2025-06-22 21:30:38,740 - DEBUG - Bouton 'G.' ajoute en position (0, 0)
2025-06-22 21:30:38,740 - INFO - Ajout du bouton 'I.'
2025-06-22 21:30:38,741 - DEBUG - Ajout tooltip a 'I.': Italique
2025-06-22 21:30:38,741 - DEBUG - Connexion de la fonction au bouton 'I.'
2025-06-22 21:30:38,741 - DEBUG - Bouton 'I.' ajoute en position (0, 1)
2025-06-22 21:30:38,742 - INFO - Ajout du bouton 'S.'
2025-06-22 21:30:38,743 - DEBUG - Ajout tooltip a 'S.': Souligne
2025-06-22 21:30:38,743 - DEBUG - Connexion de la fonction au bouton 'S.'
2025-06-22 21:30:38,744 - DEBUG - Bouton 'S.' ajoute en position (1, 0)
2025-06-22 21:30:38,748 - INFO - Ajout du bouton 'ab.'
2025-06-22 21:30:38,748 - DEBUG - Ajout tooltip a 'ab.': Barre
2025-06-22 21:30:38,749 - DEBUG - Connexion de la fonction au bouton 'ab.'
2025-06-22 21:30:38,749 - DEBUG - Bouton 'ab.' ajoute en position (1, 1)
2025-06-22 21:30:38,750 - DEBUG - Tool2 (styles texte) initialise
2025-06-22 21:30:38,750 - INFO - Creation du Tool avec 2 colonnes
2025-06-22 21:30:38,751 - INFO - Ajout du bouton 'Lien.'
2025-06-22 21:30:38,752 - DEBUG - Ajout icone a 'Lien.': ui/icons/add_link.png
2025-06-22 21:30:38,754 - DEBUG - Ajout tooltip a 'Lien.': Inserer un lien
2025-06-22 21:30:38,754 - DEBUG - Connexion de la fonction au bouton 'Lien.'
2025-06-22 21:30:38,755 - DEBUG - Bouton 'Lien.' ajoute en position (0, 0)
2025-06-22 21:30:38,755 - INFO - Ajout du bouton 'Tableau.'
2025-06-22 21:30:38,756 - DEBUG - Ajout icone a 'Tableau.': ui/icons/table.png
2025-06-22 21:30:38,757 - DEBUG - Ajout tooltip a 'Tableau.': Inserer un tableau
2025-06-22 21:30:38,757 - DEBUG - Connexion de la fonction au bouton 'Tableau.'
2025-06-22 21:30:38,758 - DEBUG - Bouton 'Tableau.' ajoute en position (0, 1)
2025-06-22 21:30:38,758 - INFO - Ajout du bouton 'Image.'
2025-06-22 21:30:38,759 - DEBUG - Ajout icone a 'Image.': ui/icons/add_photo.png
2025-06-22 21:30:38,765 - DEBUG - Ajout tooltip a 'Image.': Inserer une image
2025-06-22 21:30:38,766 - DEBUG - Connexion de la fonction au bouton 'Image.'
2025-06-22 21:30:38,767 - DEBUG - Bouton 'Image.' ajoute en position (1, 0)
2025-06-22 21:30:38,767 - DEBUG - Tool3 (insertion) initialise
2025-06-22 21:30:38,768 - INFO - Creation du Tool avec 2 colonnes
2025-06-22 21:30:38,769 - INFO - Ajout du bouton ''
2025-06-22 21:30:38,769 - DEBUG - Ajout icone a '': ui/icons/align_left.png
2025-06-22 21:30:38,770 - DEBUG - Ajout tooltip a '': Aligner a gauche
2025-06-22 21:30:38,770 - DEBUG - Connexion de la fonction au bouton ''
2025-06-22 21:30:38,771 - DEBUG - Bouton '' ajoute en position (0, 0)
2025-06-22 21:30:38,772 - INFO - Ajout du bouton ''
2025-06-22 21:30:38,772 - DEBUG - Ajout icone a '': ui/icons/align_center.png
2025-06-22 21:30:38,774 - DEBUG - Ajout tooltip a '': Centrer le texte
2025-06-22 21:30:38,774 - DEBUG - Connexion de la fonction au bouton ''
2025-06-22 21:30:38,774 - DEBUG - Bouton '' ajoute en position (0, 1)
2025-06-22 21:30:38,775 - INFO - Ajout du bouton ''
2025-06-22 21:30:38,775 - DEBUG - Ajout icone a '': ui/icons/align_right.png
2025-06-22 21:30:38,776 - DEBUG - Ajout tooltip a '': Aligner a droite
2025-06-22 21:30:38,777 - DEBUG - Connexion de la fonction au bouton ''
2025-06-22 21:30:38,781 - DEBUG - Bouton '' ajoute en position (1, 0)
2025-06-22 21:30:38,782 - INFO - Ajout du bouton ''
2025-06-22 21:30:38,783 - DEBUG - Ajout icone a '': ui/icons/align_justify.png
2025-06-22 21:30:38,783 - DEBUG - Ajout tooltip a '': Justifier le texte
2025-06-22 21:30:38,784 - DEBUG - Connexion de la fonction au bouton ''
2025-06-22 21:30:38,784 - DEBUG - Bouton '' ajoute en position (1, 1)
2025-06-22 21:30:38,785 - DEBUG - Tool4 (alignement) initialise
2025-06-22 21:30:38,785 - INFO - Creation du Tool avec 2 colonnes
2025-06-22 21:30:38,786 - INFO - Ajout du bouton ''
2025-06-22 21:30:38,787 - DEBUG - Ajout icone a '': ui/icons/indent_decrease.png
2025-06-22 21:30:38,787 - DEBUG - Ajout tooltip a '': Diminuer le retrait
2025-06-22 21:30:38,788 - DEBUG - Connexion de la fonction au bouton ''
2025-06-22 21:30:38,788 - DEBUG - Bouton '' ajoute en position (0, 0)
2025-06-22 21:30:38,789 - INFO - Ajout du bouton ''
2025-06-22 21:30:38,789 - DEBUG - Ajout icone a '': ui/icons/indent_increase.png
2025-06-22 21:30:38,790 - DEBUG - Ajout tooltip a '': Augmenter le retrait
2025-06-22 21:30:38,790 - DEBUG - Connexion de la fonction au bouton ''
2025-06-22 21:30:38,791 - DEBUG - Bouton '' ajoute en position (0, 1)
2025-06-22 21:30:38,792 - INFO - Ajout du bouton ''
2025-06-22 21:30:38,792 - DEBUG - Ajout icone a '': ui/icons/list_numbered.png
2025-06-22 21:30:38,793 - DEBUG - Ajout tooltip a '': Creer une liste numerotee
2025-06-22 21:30:38,793 - DEBUG - Connexion de la fonction au bouton ''
2025-06-22 21:30:38,798 - DEBUG - Bouton '' ajoute en position (1, 0)
2025-06-22 21:30:38,798 - INFO - Ajout du bouton ''
2025-06-22 21:30:38,799 - DEBUG - Ajout icone a '': ui/icons/list_bulleted.png
2025-06-22 21:30:38,800 - DEBUG - Ajout tooltip a '': Creer une liste a puces
2025-06-22 21:30:38,800 - DEBUG - Connexion de la fonction au bouton ''
2025-06-22 21:30:38,801 - DEBUG - Bouton '' ajoute en position (1, 1)
2025-06-22 21:30:38,801 - DEBUG - Tool5 (listes et retraits) initialise
2025-06-22 21:30:38,801 - INFO - Creation du Tool avec 2 colonnes
2025-06-22 21:30:38,802 - INFO - Ajout du bouton '.'
2025-06-22 21:30:38,802 - DEBUG - Ajout icone a '.': ui/icons/paste.png
2025-06-22 21:30:38,803 - DEBUG - Ajout tooltip a '.': Coller
2025-06-22 21:30:38,804 - DEBUG - Connexion de la fonction au bouton '.'
2025-06-22 21:30:38,804 - DEBUG - Bouton '.' ajoute en position (0, 0)
2025-06-22 21:30:38,805 - INFO - Ajout du bouton '.'
2025-06-22 21:30:38,805 - DEBUG - Ajout icone a '.': ui/icons/cut.png
2025-06-22 21:30:38,806 - DEBUG - Ajout tooltip a '.': Couper
2025-06-22 21:30:38,807 - DEBUG - Connexion de la fonction au bouton '.'
2025-06-22 21:30:38,807 - DEBUG - Bouton '.' ajoute en position (0, 1)
2025-06-22 21:30:38,808 - INFO - Ajout du bouton '.'
2025-06-22 21:30:38,808 - DEBUG - Ajout icone a '.': ui/icons/copy.png
2025-06-22 21:30:38,809 - DEBUG - Ajout tooltip a '.': Copier
2025-06-22 21:30:38,809 - DEBUG - Connexion de la fonction au bouton '.'
2025-06-22 21:30:38,810 - DEBUG - Bouton '.' ajoute en position (1, 0)
2025-06-22 21:30:38,812 - INFO - Ajout du bouton ''
2025-06-22 21:30:38,815 - DEBUG - Ajout icone a '': ui/icons/paint.png
2025-06-22 21:30:38,816 - DEBUG - Ajout tooltip a '': Appliquer le style (pinceau)
2025-06-22 21:30:38,817 - DEBUG - Connexion de la fonction au bouton ''
2025-06-22 21:30:38,817 - DEBUG - Bouton '' ajoute en position (1, 1)
2025-06-22 21:30:38,818 - DEBUG - Tool6 (edition) initialise
2025-06-22 21:30:38,818 - INFO - Creation du Tool avec 2 colonnes
2025-06-22 21:30:38,819 - INFO - Ajout du bouton 'H1.'
2025-06-22 21:30:38,819 - DEBUG - Ajout tooltip a 'H1.': Titre 1
2025-06-22 21:30:38,819 - DEBUG - Connexion de la fonction au bouton 'H1.'
2025-06-22 21:30:38,820 - DEBUG - Bouton 'H1.' ajoute en position (0, 0)
2025-06-22 21:30:38,820 - INFO - Ajout du bouton 'H2.'
2025-06-22 21:30:38,821 - DEBUG - Ajout tooltip a 'H2.': Titre 2
2025-06-22 21:30:38,823 - DEBUG - Connexion de la fonction au bouton 'H2.'
2025-06-22 21:30:38,824 - DEBUG - Bouton 'H2.' ajoute en position (0, 1)
2025-06-22 21:30:38,824 - INFO - Ajout du bouton 'H3.'
2025-06-22 21:30:38,824 - DEBUG - Ajout tooltip a 'H3.': Titre 3
2025-06-22 21:30:38,825 - DEBUG - Connexion de la fonction au bouton 'H3.'
2025-06-22 21:30:38,825 - DEBUG - Bouton 'H3.' ajoute en position (1, 0)
2025-06-22 21:30:38,826 - INFO - Ajout du bouton 'H4.'
2025-06-22 21:30:38,826 - DEBUG - Ajout tooltip a 'H4.': Titre 4
2025-06-22 21:30:38,827 - DEBUG - Connexion de la fonction au bouton 'H4.'
2025-06-22 21:30:38,830 - DEBUG - Bouton 'H4.' ajoute en position (1, 1)
2025-06-22 21:30:38,832 - DEBUG - Tool7 (titres) initialise
2025-06-22 21:30:38,833 - INFO - Creation du Tool avec 2 colonnes
2025-06-22 21:30:38,834 - INFO - Ajout du bouton '.'
2025-06-22 21:30:38,834 - DEBUG - Ajout icone a '.': ui/icons/note_add.png
2025-06-22 21:30:38,835 - DEBUG - Ajout tooltip a '.': Ajouter une note
2025-06-22 21:30:38,836 - DEBUG - Connexion de la fonction au bouton '.'
2025-06-22 21:30:38,836 - DEBUG - Bouton '.' ajoute en position (0, 0)
2025-06-22 21:30:38,837 - INFO - Ajout du bouton ''
2025-06-22 21:30:38,837 - DEBUG - Ajout icone a '': ui/icons/checklist.png
2025-06-22 21:30:38,838 - DEBUG - Ajout tooltip a '': Ajouter une checklist
2025-06-22 21:30:38,839 - DEBUG - Connexion de la fonction au bouton ''
2025-06-22 21:30:38,840 - DEBUG - Bouton '' ajoute en position (0, 1)
2025-06-22 21:30:38,840 - INFO - Ajout du bouton '.'
2025-06-22 21:30:38,841 - DEBUG - Ajout icone a '.': ui/icons/flip.png
2025-06-22 21:30:38,842 - DEBUG - Ajout tooltip a '.': Ajouter une ligne de separateur
2025-06-22 21:30:38,842 - DEBUG - Connexion de la fonction au bouton '.'
2025-06-22 21:30:38,843 - DEBUG - Bouton '.' ajoute en position (1, 0)
2025-06-22 21:30:38,843 - INFO - Ajout du bouton '.'
2025-06-22 21:30:38,843 - DEBUG - Ajout icone a '.': ui/icons/add_reaction.png
2025-06-22 21:30:38,848 - DEBUG - Ajout tooltip a '.': Ajouter un emoji
2025-06-22 21:30:38,849 - DEBUG - Connexion de la fonction au bouton '.'
2025-06-22 21:30:38,850 - DEBUG - Bouton '.' ajoute en position (1, 1)
2025-06-22 21:30:38,850 - DEBUG - Tool8 (ajout de contenu : note, checklist, section, emoji) initialise
2025-06-22 21:30:38,855 - DEBUG - Header configure et widgets ajoutes
2025-06-22 21:30:38,865 - DEBUG - editeur de texte initialise
2025-06-22 21:30:38,866 - DEBUG - Container central configure
2025-06-22 21:30:38,867 - DEBUG - Footer configure
2025-06-22 21:30:38,875 - INFO - Initialisation complete de la fenetre principale terminee
2025-06-22 21:30:44,405 - DEBUG - Application fermee
