2025-06-23 02:19:19,888 - INFO - Initialisation de la fenetre principale
2025-06-23 02:19:19,891 - DEBUG - Configuration fenetre principale appliquee
2025-06-23 02:19:19,892 - INFO - Initialisation de la barre de titre
2025-06-23 02:19:21,333 - DEBUG - Barre de titre creee
2025-06-23 02:19:21,334 - INFO - Creation du Tool avec 2 colonnes
2025-06-23 02:19:21,336 - INFO - Ajout du bouton 'Nouveau.'
2025-06-23 02:19:21,336 - DEBUG - Ajout tooltip a 'Nouveau.': Creer un nouveau fichier
2025-06-23 02:19:21,337 - DEBUG - Connexion de la fonction au bouton 'Nouveau.'
2025-06-23 02:19:21,338 - DEBUG - Bouton 'Nouveau.' ajoute en position (0, 0)
2025-06-23 02:19:21,341 - INFO - Ajout du bouton 'Ouvrir.'
2025-06-23 02:19:21,342 - DEBUG - Ajout tooltip a 'Ouvrir.': Ouvrir un fichier .md
2025-06-23 02:19:21,343 - DEBUG - Connexion de la fonction au bouton 'Ouvrir.'
2025-06-23 02:19:21,344 - DEBUG - Bouton 'Ouvrir.' ajoute en position (0, 1)
2025-06-23 02:19:21,347 - INFO - Ajout du bouton 'Sauvegarder.'
2025-06-23 02:19:21,350 - DEBUG - Ajout tooltip a 'Sauvegarder.': Sauvegarder le fichier
2025-06-23 02:19:21,352 - DEBUG - Connexion de la fonction au bouton 'Sauvegarder.'
2025-06-23 02:19:21,353 - DEBUG - Bouton 'Sauvegarder.' ajoute en position (1, 0)
2025-06-23 02:19:21,353 - INFO - Ajout du bouton 'Informations.'
2025-06-23 02:19:21,356 - DEBUG - Ajout tooltip a 'Informations.': Afficher les informations du document
2025-06-23 02:19:21,357 - DEBUG - Connexion de la fonction au bouton 'Informations.'
2025-06-23 02:19:21,358 - DEBUG - Bouton 'Informations.' ajoute en position (1, 1)
2025-06-23 02:19:21,359 - DEBUG - Tool1 (fichier) initialise
2025-06-23 02:19:21,359 - INFO - Creation du Tool avec 2 colonnes
2025-06-23 02:19:21,360 - INFO - Ajout du bouton 'G.'
2025-06-23 02:19:21,361 - DEBUG - Ajout tooltip a 'G.': Gras
2025-06-23 02:19:21,368 - DEBUG - Connexion de la fonction au bouton 'G.'
2025-06-23 02:19:21,369 - DEBUG - Bouton 'G.' ajoute en position (0, 0)
2025-06-23 02:19:21,370 - INFO - Ajout du bouton 'I.'
2025-06-23 02:19:21,370 - DEBUG - Ajout tooltip a 'I.': Italique
2025-06-23 02:19:21,371 - DEBUG - Connexion de la fonction au bouton 'I.'
2025-06-23 02:19:21,372 - DEBUG - Bouton 'I.' ajoute en position (0, 1)
2025-06-23 02:19:21,372 - INFO - Ajout du bouton 'S.'
2025-06-23 02:19:21,373 - DEBUG - Ajout tooltip a 'S.': Souligne
2025-06-23 02:19:21,373 - DEBUG - Connexion de la fonction au bouton 'S.'
2025-06-23 02:19:21,374 - DEBUG - Bouton 'S.' ajoute en position (1, 0)
2025-06-23 02:19:21,374 - INFO - Ajout du bouton 'ab.'
2025-06-23 02:19:21,375 - DEBUG - Ajout tooltip a 'ab.': Barre
2025-06-23 02:19:21,376 - DEBUG - Connexion de la fonction au bouton 'ab.'
2025-06-23 02:19:21,376 - DEBUG - Bouton 'ab.' ajoute en position (1, 1)
2025-06-23 02:19:21,377 - DEBUG - Tool2 (styles texte) initialise
2025-06-23 02:19:21,377 - INFO - Creation du Tool avec 2 colonnes
2025-06-23 02:19:21,384 - INFO - Ajout du bouton 'Lien.'
2025-06-23 02:19:21,385 - DEBUG - Ajout icone a 'Lien.': ui/icons/add_link.png
2025-06-23 02:19:21,386 - DEBUG - Ajout tooltip a 'Lien.': Inserer un lien
2025-06-23 02:19:21,387 - DEBUG - Connexion de la fonction au bouton 'Lien.'
2025-06-23 02:19:21,387 - DEBUG - Bouton 'Lien.' ajoute en position (0, 0)
2025-06-23 02:19:21,388 - INFO - Ajout du bouton 'Tableau.'
2025-06-23 02:19:21,388 - DEBUG - Ajout icone a 'Tableau.': ui/icons/table.png
2025-06-23 02:19:21,390 - DEBUG - Ajout tooltip a 'Tableau.': Inserer un tableau
2025-06-23 02:19:21,390 - DEBUG - Connexion de la fonction au bouton 'Tableau.'
2025-06-23 02:19:21,392 - DEBUG - Bouton 'Tableau.' ajoute en position (0, 1)
2025-06-23 02:19:21,392 - INFO - Ajout du bouton 'Image.'
2025-06-23 02:19:21,393 - DEBUG - Ajout icone a 'Image.': ui/icons/add_photo.png
2025-06-23 02:19:21,394 - DEBUG - Ajout tooltip a 'Image.': Inserer une image
2025-06-23 02:19:21,399 - DEBUG - Connexion de la fonction au bouton 'Image.'
2025-06-23 02:19:21,402 - DEBUG - Bouton 'Image.' ajoute en position (1, 0)
2025-06-23 02:19:21,403 - DEBUG - Tool3 (insertion) initialise
2025-06-23 02:19:21,404 - INFO - Creation du Tool avec 2 colonnes
2025-06-23 02:19:21,404 - INFO - Ajout du bouton '.'
2025-06-23 02:19:21,405 - DEBUG - Ajout icone a '.': ui/icons/align_left.png
2025-06-23 02:19:21,408 - DEBUG - Ajout tooltip a '.': Aligner a gauche
2025-06-23 02:19:21,408 - DEBUG - Connexion de la fonction au bouton '.'
2025-06-23 02:19:21,409 - DEBUG - Bouton '.' ajoute en position (0, 0)
2025-06-23 02:19:21,410 - INFO - Ajout du bouton '.'
2025-06-23 02:19:21,411 - DEBUG - Ajout icone a '.': ui/icons/align_center.png
2025-06-23 02:19:21,417 - DEBUG - Ajout tooltip a '.': Centrer le texte
2025-06-23 02:19:21,418 - DEBUG - Connexion de la fonction au bouton '.'
2025-06-23 02:19:21,419 - DEBUG - Bouton '.' ajoute en position (0, 1)
2025-06-23 02:19:21,420 - INFO - Ajout du bouton '.'
2025-06-23 02:19:21,421 - DEBUG - Ajout icone a '.': ui/icons/align_right.png
2025-06-23 02:19:21,422 - DEBUG - Ajout tooltip a '.': Aligner a droite
2025-06-23 02:19:21,424 - DEBUG - Connexion de la fonction au bouton '.'
2025-06-23 02:19:21,425 - DEBUG - Bouton '.' ajoute en position (1, 0)
2025-06-23 02:19:21,426 - INFO - Ajout du bouton '.'
2025-06-23 02:19:21,427 - DEBUG - Ajout icone a '.': ui/icons/align_justify.png
2025-06-23 02:19:21,434 - DEBUG - Ajout tooltip a '.': Justifier le texte
2025-06-23 02:19:21,435 - DEBUG - Connexion de la fonction au bouton '.'
2025-06-23 02:19:21,436 - DEBUG - Bouton '.' ajoute en position (1, 1)
2025-06-23 02:19:21,437 - DEBUG - Tool4 (alignement) initialise
2025-06-23 02:19:21,437 - INFO - Creation du Tool avec 2 colonnes
2025-06-23 02:19:21,438 - INFO - Ajout du bouton ''
2025-06-23 02:19:21,438 - DEBUG - Ajout icone a '': ui/icons/indent_decrease.png
2025-06-23 02:19:21,440 - DEBUG - Ajout tooltip a '': Diminuer le retrait
2025-06-23 02:19:21,440 - DEBUG - Connexion de la fonction au bouton ''
2025-06-23 02:19:21,441 - DEBUG - Bouton '' ajoute en position (0, 0)
2025-06-23 02:19:21,441 - INFO - Ajout du bouton ''
2025-06-23 02:19:21,443 - DEBUG - Ajout icone a '': ui/icons/indent_increase.png
2025-06-23 02:19:21,444 - DEBUG - Ajout tooltip a '': Augmenter le retrait
2025-06-23 02:19:21,452 - DEBUG - Connexion de la fonction au bouton ''
2025-06-23 02:19:21,453 - DEBUG - Bouton '' ajoute en position (0, 1)
2025-06-23 02:19:21,454 - INFO - Ajout du bouton '.'
2025-06-23 02:19:21,454 - DEBUG - Ajout icone a '.': ui/icons/list_numbered.png
2025-06-23 02:19:21,455 - DEBUG - Ajout tooltip a '.': Creer une liste numerotee
2025-06-23 02:19:21,456 - DEBUG - Connexion de la fonction au bouton '.'
2025-06-23 02:19:21,457 - DEBUG - Bouton '.' ajoute en position (1, 0)
2025-06-23 02:19:21,457 - INFO - Ajout du bouton '.'
2025-06-23 02:19:21,458 - DEBUG - Ajout icone a '.': ui/icons/list_bulleted.png
2025-06-23 02:19:21,460 - DEBUG - Ajout tooltip a '.': Creer une liste a puces
2025-06-23 02:19:21,461 - DEBUG - Connexion de la fonction au bouton '.'
2025-06-23 02:19:21,466 - DEBUG - Bouton '.' ajoute en position (1, 1)
2025-06-23 02:19:21,469 - DEBUG - Tool5 (listes et retraits) initialise
2025-06-23 02:19:21,469 - INFO - Creation du Tool avec 2 colonnes
2025-06-23 02:19:21,470 - INFO - Ajout du bouton '.'
2025-06-23 02:19:21,471 - DEBUG - Ajout icone a '.': ui/icons/paste.png
2025-06-23 02:19:21,472 - DEBUG - Ajout tooltip a '.': Coller
2025-06-23 02:19:21,472 - DEBUG - Connexion de la fonction au bouton '.'
2025-06-23 02:19:21,473 - DEBUG - Bouton '.' ajoute en position (0, 0)
2025-06-23 02:19:21,473 - INFO - Ajout du bouton '.'
2025-06-23 02:19:21,474 - DEBUG - Ajout icone a '.': ui/icons/cut.png
2025-06-23 02:19:21,476 - DEBUG - Ajout tooltip a '.': Couper
2025-06-23 02:19:21,476 - DEBUG - Connexion de la fonction au bouton '.'
2025-06-23 02:19:21,477 - DEBUG - Bouton '.' ajoute en position (0, 1)
2025-06-23 02:19:21,477 - INFO - Ajout du bouton '.'
2025-06-23 02:19:21,485 - DEBUG - Ajout icone a '.': ui/icons/copy.png
2025-06-23 02:19:21,486 - DEBUG - Ajout tooltip a '.': Copier
2025-06-23 02:19:21,487 - DEBUG - Connexion de la fonction au bouton '.'
2025-06-23 02:19:21,487 - DEBUG - Bouton '.' ajoute en position (1, 0)
2025-06-23 02:19:21,488 - INFO - Ajout du bouton ''
2025-06-23 02:19:21,488 - DEBUG - Ajout icone a '': ui/icons/paint.png
2025-06-23 02:19:21,489 - DEBUG - Ajout tooltip a '': Appliquer le style (pinceau)
2025-06-23 02:19:21,490 - DEBUG - Connexion de la fonction au bouton ''
2025-06-23 02:19:21,491 - DEBUG - Bouton '' ajoute en position (1, 1)
2025-06-23 02:19:21,492 - DEBUG - Tool6 (edition) initialise
2025-06-23 02:19:21,493 - INFO - Creation du Tool avec 2 colonnes
2025-06-23 02:19:21,494 - INFO - Ajout du bouton 'H1.'
2025-06-23 02:19:21,501 - DEBUG - Ajout tooltip a 'H1.': Titre 1
2025-06-23 02:19:21,502 - DEBUG - Connexion de la fonction au bouton 'H1.'
2025-06-23 02:19:21,503 - DEBUG - Bouton 'H1.' ajoute en position (0, 0)
2025-06-23 02:19:21,503 - INFO - Ajout du bouton 'H2.'
2025-06-23 02:19:21,504 - DEBUG - Ajout tooltip a 'H2.': Titre 2
2025-06-23 02:19:21,505 - DEBUG - Connexion de la fonction au bouton 'H2.'
2025-06-23 02:19:21,507 - DEBUG - Bouton 'H2.' ajoute en position (0, 1)
2025-06-23 02:19:21,508 - INFO - Ajout du bouton 'H3.'
2025-06-23 02:19:21,509 - DEBUG - Ajout tooltip a 'H3.': Titre 3
2025-06-23 02:19:21,509 - DEBUG - Connexion de la fonction au bouton 'H3.'
2025-06-23 02:19:21,510 - DEBUG - Bouton 'H3.' ajoute en position (1, 0)
2025-06-23 02:19:21,511 - INFO - Ajout du bouton 'H4.'
2025-06-23 02:19:21,518 - DEBUG - Ajout tooltip a 'H4.': Titre 4
2025-06-23 02:19:21,519 - DEBUG - Connexion de la fonction au bouton 'H4.'
2025-06-23 02:19:21,520 - DEBUG - Bouton 'H4.' ajoute en position (1, 1)
2025-06-23 02:19:21,520 - DEBUG - Tool7 (titres) initialise
2025-06-23 02:19:21,521 - INFO - Creation du Tool avec 2 colonnes
2025-06-23 02:19:21,522 - INFO - Ajout du bouton '.'
2025-06-23 02:19:21,524 - DEBUG - Ajout icone a '.': ui/icons/note_add.png
2025-06-23 02:19:21,526 - DEBUG - Ajout tooltip a '.': Ajouter une note
2025-06-23 02:19:21,526 - DEBUG - Connexion de la fonction au bouton '.'
2025-06-23 02:19:21,527 - DEBUG - Bouton '.' ajoute en position (0, 0)
2025-06-23 02:19:21,527 - INFO - Ajout du bouton ''
2025-06-23 02:19:21,535 - DEBUG - Ajout icone a '': ui/icons/checklist.png
2025-06-23 02:19:21,537 - DEBUG - Ajout tooltip a '': Ajouter une checklist
2025-06-23 02:19:21,537 - DEBUG - Connexion de la fonction au bouton ''
2025-06-23 02:19:21,538 - DEBUG - Bouton '' ajoute en position (0, 1)
2025-06-23 02:19:21,538 - INFO - Ajout du bouton '.'
2025-06-23 02:19:21,539 - DEBUG - Ajout icone a '.': ui/icons/flip.png
2025-06-23 02:19:21,541 - DEBUG - Ajout tooltip a '.': Ajouter une ligne de separateur
2025-06-23 02:19:21,542 - DEBUG - Connexion de la fonction au bouton '.'
2025-06-23 02:19:21,542 - DEBUG - Bouton '.' ajoute en position (1, 0)
2025-06-23 02:19:21,543 - INFO - Ajout du bouton '.'
2025-06-23 02:19:21,543 - DEBUG - Ajout icone a '.': ui/icons/add_reaction.png
2025-06-23 02:19:21,551 - DEBUG - Ajout tooltip a '.': Ajouter un emoji
2025-06-23 02:19:21,552 - DEBUG - Connexion de la fonction au bouton '.'
2025-06-23 02:19:21,553 - DEBUG - Bouton '.' ajoute en position (1, 1)
2025-06-23 02:19:21,553 - DEBUG - Tool8 (ajout de contenu : note, checklist, section, emoji) initialise
2025-06-23 02:19:21,570 - DEBUG - Header configure et widgets ajoutes
2025-06-23 02:19:21,585 - DEBUG - editeur de texte initialise
2025-06-23 02:19:21,587 - DEBUG - Container central configure
2025-06-23 02:19:21,589 - DEBUG - Footer configure
2025-06-23 02:19:21,606 - INFO - Initialisation complete de la fenetre principale terminee
2025-06-23 02:19:25,027 - DEBUG - Etat des boutons mis a jour
2025-06-23 02:19:25,153 - DEBUG - Etat des boutons mis a jour
2025-06-23 02:19:25,332 - DEBUG - Etat des boutons mis a jour
2025-06-23 02:19:26,479 - DEBUG - Etat des boutons mis a jour
2025-06-23 02:19:28,374 - DEBUG - Etat des boutons mis a jour
2025-06-23 02:19:30,308 - DEBUG - Alignement demandé : 2
2025-06-23 02:19:30,659 - DEBUG - Etat des boutons mis a jour
2025-06-23 02:19:30,829 - DEBUG - Etat des boutons mis a jour
2025-06-23 02:19:31,029 - DEBUG - Etat des boutons mis a jour
2025-06-23 02:19:31,200 - DEBUG - Etat des boutons mis a jour
2025-06-23 02:19:31,319 - DEBUG - Etat des boutons mis a jour
2025-06-23 02:19:31,454 - DEBUG - Etat des boutons mis a jour
2025-06-23 02:19:31,554 - DEBUG - Etat des boutons mis a jour
2025-06-23 02:19:31,715 - DEBUG - Etat des boutons mis a jour
2025-06-23 02:19:31,839 - DEBUG - Etat des boutons mis a jour
2025-06-23 02:19:32,536 - DEBUG - Etat des boutons mis a jour
2025-06-23 02:19:33,430 - DEBUG - Etat des boutons mis a jour
2025-06-23 02:19:34,269 - DEBUG - Etat des boutons mis a jour
2025-06-23 02:19:35,565 - DEBUG - Alignement demandé : 2
2025-06-23 02:19:39,260 - DEBUG - Application fermee
