2025-06-22 21:32:56,388 - INFO - Initialisation de la fenetre principale
2025-06-22 21:32:56,391 - DEBUG - Configuration fenetre principale appliquee
2025-06-22 21:32:56,395 - INFO - Initialisation de la barre de titre
2025-06-22 21:32:57,052 - DEBUG - Barre de titre creee
2025-06-22 21:32:57,053 - INFO - Creation du Tool avec 2 colonnes
2025-06-22 21:32:57,053 - INFO - Ajout du bouton 'Nouveau.'
2025-06-22 21:32:57,054 - DEBUG - Ajout tooltip a 'Nouveau.': Creer un nouveau fichier
2025-06-22 21:32:57,054 - DEBUG - Connexion de la fonction au bouton 'Nouveau.'
2025-06-22 21:32:57,055 - DEBUG - Bouton 'Nouveau.' ajoute en position (0, 0)
2025-06-22 21:32:57,058 - INFO - Ajout du bouton 'Ouvrir.'
2025-06-22 21:32:57,059 - DEBUG - Ajout tooltip a 'Ouvrir.': Ouvrir un fichier .md
2025-06-22 21:32:57,061 - DEBUG - Connexion de la fonction au bouton 'Ouvrir.'
2025-06-22 21:32:57,062 - DEBUG - Bouton 'Ouvrir.' ajoute en position (0, 1)
2025-06-22 21:32:57,063 - INFO - Ajout du bouton 'Sauvegarder.'
2025-06-22 21:32:57,063 - DEBUG - Ajout tooltip a 'Sauvegarder.': Sauvegarder le fichier
2025-06-22 21:32:57,064 - DEBUG - Connexion de la fonction au bouton 'Sauvegarder.'
2025-06-22 21:32:57,064 - DEBUG - Bouton 'Sauvegarder.' ajoute en position (1, 0)
2025-06-22 21:32:57,065 - INFO - Ajout du bouton 'Informations.'
2025-06-22 21:32:57,065 - DEBUG - Ajout tooltip a 'Informations.': Afficher les informations du document
2025-06-22 21:32:57,066 - DEBUG - Connexion de la fonction au bouton 'Informations.'
2025-06-22 21:32:57,067 - DEBUG - Bouton 'Informations.' ajoute en position (1, 1)
2025-06-22 21:32:57,068 - DEBUG - Tool1 (fichier) initialise
2025-06-22 21:32:57,068 - INFO - Creation du Tool avec 2 colonnes
2025-06-22 21:32:57,069 - INFO - Ajout du bouton 'G.'
2025-06-22 21:32:57,070 - DEBUG - Ajout tooltip a 'G.': Gras
2025-06-22 21:32:57,070 - DEBUG - Connexion de la fonction au bouton 'G.'
2025-06-22 21:32:57,071 - DEBUG - Bouton 'G.' ajoute en position (0, 0)
2025-06-22 21:32:57,071 - INFO - Ajout du bouton 'I.'
2025-06-22 21:32:57,071 - DEBUG - Ajout tooltip a 'I.': Italique
2025-06-22 21:32:57,072 - DEBUG - Connexion de la fonction au bouton 'I.'
2025-06-22 21:32:57,072 - DEBUG - Bouton 'I.' ajoute en position (0, 1)
2025-06-22 21:32:57,073 - INFO - Ajout du bouton 'S.'
2025-06-22 21:32:57,073 - DEBUG - Ajout tooltip a 'S.': Souligne
2025-06-22 21:32:57,074 - DEBUG - Connexion de la fonction au bouton 'S.'
2025-06-22 21:32:57,074 - DEBUG - Bouton 'S.' ajoute en position (1, 0)
2025-06-22 21:32:57,075 - INFO - Ajout du bouton 'ab.'
2025-06-22 21:32:57,075 - DEBUG - Ajout tooltip a 'ab.': Barre
2025-06-22 21:32:57,076 - DEBUG - Connexion de la fonction au bouton 'ab.'
2025-06-22 21:32:57,078 - DEBUG - Bouton 'ab.' ajoute en position (1, 1)
2025-06-22 21:32:57,079 - DEBUG - Tool2 (styles texte) initialise
2025-06-22 21:32:57,080 - INFO - Creation du Tool avec 2 colonnes
2025-06-22 21:32:57,081 - INFO - Ajout du bouton 'Lien.'
2025-06-22 21:32:57,081 - DEBUG - Ajout icone a 'Lien.': ui/icons/add_link.png
2025-06-22 21:32:57,082 - DEBUG - Ajout tooltip a 'Lien.': Inserer un lien
2025-06-22 21:32:57,084 - DEBUG - Connexion de la fonction au bouton 'Lien.'
2025-06-22 21:32:57,084 - DEBUG - Bouton 'Lien.' ajoute en position (0, 0)
2025-06-22 21:32:57,085 - INFO - Ajout du bouton 'Tableau.'
2025-06-22 21:32:57,085 - DEBUG - Ajout icone a 'Tableau.': ui/icons/table.png
2025-06-22 21:32:57,086 - DEBUG - Ajout tooltip a 'Tableau.': Inserer un tableau
2025-06-22 21:32:57,087 - DEBUG - Connexion de la fonction au bouton 'Tableau.'
2025-06-22 21:32:57,087 - DEBUG - Bouton 'Tableau.' ajoute en position (0, 1)
2025-06-22 21:32:57,088 - INFO - Ajout du bouton 'Image.'
2025-06-22 21:32:57,088 - DEBUG - Ajout icone a 'Image.': ui/icons/add_photo.png
2025-06-22 21:32:57,089 - DEBUG - Ajout tooltip a 'Image.': Inserer une image
2025-06-22 21:32:57,089 - DEBUG - Connexion de la fonction au bouton 'Image.'
2025-06-22 21:32:57,090 - DEBUG - Bouton 'Image.' ajoute en position (1, 0)
2025-06-22 21:32:57,090 - DEBUG - Tool3 (insertion) initialise
2025-06-22 21:32:57,091 - INFO - Creation du Tool avec 2 colonnes
2025-06-22 21:32:57,092 - INFO - Ajout du bouton ''
2025-06-22 21:32:57,092 - DEBUG - Ajout icone a '': ui/icons/align_left.png
2025-06-22 21:32:57,095 - DEBUG - Ajout tooltip a '': Aligner a gauche
2025-06-22 21:32:57,098 - DEBUG - Connexion de la fonction au bouton ''
2025-06-22 21:32:57,099 - DEBUG - Bouton '' ajoute en position (0, 0)
2025-06-22 21:32:57,099 - INFO - Ajout du bouton ''
2025-06-22 21:32:57,100 - DEBUG - Ajout icone a '': ui/icons/align_center.png
2025-06-22 21:32:57,101 - DEBUG - Ajout tooltip a '': Centrer le texte
2025-06-22 21:32:57,101 - DEBUG - Connexion de la fonction au bouton ''
2025-06-22 21:32:57,102 - DEBUG - Bouton '' ajoute en position (0, 1)
2025-06-22 21:32:57,102 - INFO - Ajout du bouton ''
2025-06-22 21:32:57,102 - DEBUG - Ajout icone a '': ui/icons/align_right.png
2025-06-22 21:32:57,103 - DEBUG - Ajout tooltip a '': Aligner a droite
2025-06-22 21:32:57,104 - DEBUG - Connexion de la fonction au bouton ''
2025-06-22 21:32:57,104 - DEBUG - Bouton '' ajoute en position (1, 0)
2025-06-22 21:32:57,105 - INFO - Ajout du bouton ''
2025-06-22 21:32:57,105 - DEBUG - Ajout icone a '': ui/icons/align_justify.png
2025-06-22 21:32:57,106 - DEBUG - Ajout tooltip a '': Justifier le texte
2025-06-22 21:32:57,106 - DEBUG - Connexion de la fonction au bouton ''
2025-06-22 21:32:57,107 - DEBUG - Bouton '' ajoute en position (1, 1)
2025-06-22 21:32:57,107 - DEBUG - Tool4 (alignement) initialise
2025-06-22 21:32:57,107 - INFO - Creation du Tool avec 2 colonnes
2025-06-22 21:32:57,108 - INFO - Ajout du bouton ''
2025-06-22 21:32:57,109 - DEBUG - Ajout icone a '': ui/icons/indent_decrease.png
2025-06-22 21:32:57,112 - DEBUG - Ajout tooltip a '': Diminuer le retrait
2025-06-22 21:32:57,114 - DEBUG - Connexion de la fonction au bouton ''
2025-06-22 21:32:57,114 - DEBUG - Bouton '' ajoute en position (0, 0)
2025-06-22 21:32:57,115 - INFO - Ajout du bouton ''
2025-06-22 21:32:57,115 - DEBUG - Ajout icone a '': ui/icons/indent_increase.png
2025-06-22 21:32:57,116 - DEBUG - Ajout tooltip a '': Augmenter le retrait
2025-06-22 21:32:57,117 - DEBUG - Connexion de la fonction au bouton ''
2025-06-22 21:32:57,117 - DEBUG - Bouton '' ajoute en position (0, 1)
2025-06-22 21:32:57,117 - INFO - Ajout du bouton ''
2025-06-22 21:32:57,118 - DEBUG - Ajout icone a '': ui/icons/list_numbered.png
2025-06-22 21:32:57,118 - DEBUG - Ajout tooltip a '': Creer une liste numerotee
2025-06-22 21:32:57,119 - DEBUG - Connexion de la fonction au bouton ''
2025-06-22 21:32:57,120 - DEBUG - Bouton '' ajoute en position (1, 0)
2025-06-22 21:32:57,120 - INFO - Ajout du bouton ''
2025-06-22 21:32:57,120 - DEBUG - Ajout icone a '': ui/icons/list_bulleted.png
2025-06-22 21:32:57,122 - DEBUG - Ajout tooltip a '': Creer une liste a puces
2025-06-22 21:32:57,122 - DEBUG - Connexion de la fonction au bouton ''
2025-06-22 21:32:57,122 - DEBUG - Bouton '' ajoute en position (1, 1)
2025-06-22 21:32:57,123 - DEBUG - Tool5 (listes et retraits) initialise
2025-06-22 21:32:57,123 - INFO - Creation du Tool avec 2 colonnes
2025-06-22 21:32:57,124 - INFO - Ajout du bouton '.'
2025-06-22 21:32:57,125 - DEBUG - Ajout icone a '.': ui/icons/paste.png
2025-06-22 21:32:57,127 - DEBUG - Ajout tooltip a '.': Coller
2025-06-22 21:32:57,129 - DEBUG - Connexion de la fonction au bouton '.'
2025-06-22 21:32:57,130 - DEBUG - Bouton '.' ajoute en position (0, 0)
2025-06-22 21:32:57,130 - INFO - Ajout du bouton '.'
2025-06-22 21:32:57,131 - DEBUG - Ajout icone a '.': ui/icons/cut.png
2025-06-22 21:32:57,132 - DEBUG - Ajout tooltip a '.': Couper
2025-06-22 21:32:57,133 - DEBUG - Connexion de la fonction au bouton '.'
2025-06-22 21:32:57,134 - DEBUG - Bouton '.' ajoute en position (0, 1)
2025-06-22 21:32:57,134 - INFO - Ajout du bouton '.'
2025-06-22 21:32:57,134 - DEBUG - Ajout icone a '.': ui/icons/copy.png
2025-06-22 21:32:57,135 - DEBUG - Ajout tooltip a '.': Copier
2025-06-22 21:32:57,135 - DEBUG - Connexion de la fonction au bouton '.'
2025-06-22 21:32:57,136 - DEBUG - Bouton '.' ajoute en position (1, 0)
2025-06-22 21:32:57,136 - INFO - Ajout du bouton ''
2025-06-22 21:32:57,137 - DEBUG - Ajout icone a '': ui/icons/paint.png
2025-06-22 21:32:57,138 - DEBUG - Ajout tooltip a '': Appliquer le style (pinceau)
2025-06-22 21:32:57,138 - DEBUG - Connexion de la fonction au bouton ''
2025-06-22 21:32:57,139 - DEBUG - Bouton '' ajoute en position (1, 1)
2025-06-22 21:32:57,140 - DEBUG - Tool6 (edition) initialise
2025-06-22 21:32:57,140 - INFO - Creation du Tool avec 2 colonnes
2025-06-22 21:32:57,141 - INFO - Ajout du bouton 'H1.'
2025-06-22 21:32:57,142 - DEBUG - Ajout tooltip a 'H1.': Titre 1
2025-06-22 21:32:57,145 - DEBUG - Connexion de la fonction au bouton 'H1.'
2025-06-22 21:32:57,147 - DEBUG - Bouton 'H1.' ajoute en position (0, 0)
2025-06-22 21:32:57,148 - INFO - Ajout du bouton 'H2.'
2025-06-22 21:32:57,148 - DEBUG - Ajout tooltip a 'H2.': Titre 2
2025-06-22 21:32:57,149 - DEBUG - Connexion de la fonction au bouton 'H2.'
2025-06-22 21:32:57,149 - DEBUG - Bouton 'H2.' ajoute en position (0, 1)
2025-06-22 21:32:57,149 - INFO - Ajout du bouton 'H3.'
2025-06-22 21:32:57,150 - DEBUG - Ajout tooltip a 'H3.': Titre 3
2025-06-22 21:32:57,150 - DEBUG - Connexion de la fonction au bouton 'H3.'
2025-06-22 21:32:57,151 - DEBUG - Bouton 'H3.' ajoute en position (1, 0)
2025-06-22 21:32:57,151 - INFO - Ajout du bouton 'H4.'
2025-06-22 21:32:57,152 - DEBUG - Ajout tooltip a 'H4.': Titre 4
2025-06-22 21:32:57,152 - DEBUG - Connexion de la fonction au bouton 'H4.'
2025-06-22 21:32:57,152 - DEBUG - Bouton 'H4.' ajoute en position (1, 1)
2025-06-22 21:32:57,153 - DEBUG - Tool7 (titres) initialise
2025-06-22 21:32:57,153 - INFO - Creation du Tool avec 2 colonnes
2025-06-22 21:32:57,154 - INFO - Ajout du bouton '.'
2025-06-22 21:32:57,154 - DEBUG - Ajout icone a '.': ui/icons/note_add.png
2025-06-22 21:32:57,155 - DEBUG - Ajout tooltip a '.': Ajouter une note
2025-06-22 21:32:57,156 - DEBUG - Connexion de la fonction au bouton '.'
2025-06-22 21:32:57,156 - DEBUG - Bouton '.' ajoute en position (0, 0)
2025-06-22 21:32:57,156 - INFO - Ajout du bouton ''
2025-06-22 21:32:57,157 - DEBUG - Ajout icone a '': ui/icons/checklist.png
2025-06-22 21:32:57,158 - DEBUG - Ajout tooltip a '': Ajouter une checklist
2025-06-22 21:32:57,158 - DEBUG - Connexion de la fonction au bouton ''
2025-06-22 21:32:57,161 - DEBUG - Bouton '' ajoute en position (0, 1)
2025-06-22 21:32:57,162 - INFO - Ajout du bouton '.'
2025-06-22 21:32:57,163 - DEBUG - Ajout icone a '.': ui/icons/flip.png
2025-06-22 21:32:57,164 - DEBUG - Ajout tooltip a '.': Ajouter une ligne de separateur
2025-06-22 21:32:57,165 - DEBUG - Connexion de la fonction au bouton '.'
2025-06-22 21:32:57,168 - DEBUG - Bouton '.' ajoute en position (1, 0)
2025-06-22 21:32:57,168 - INFO - Ajout du bouton '.'
2025-06-22 21:32:57,169 - DEBUG - Ajout icone a '.': ui/icons/add_reaction.png
2025-06-22 21:32:57,169 - DEBUG - Ajout tooltip a '.': Ajouter un emoji
2025-06-22 21:32:57,170 - DEBUG - Connexion de la fonction au bouton '.'
2025-06-22 21:32:57,170 - DEBUG - Bouton '.' ajoute en position (1, 1)
2025-06-22 21:32:57,171 - DEBUG - Tool8 (ajout de contenu : note, checklist, section, emoji) initialise
2025-06-22 21:32:57,178 - DEBUG - Header configure et widgets ajoutes
2025-06-22 21:32:57,186 - DEBUG - editeur de texte initialise
2025-06-22 21:32:57,188 - DEBUG - Container central configure
2025-06-22 21:32:57,189 - DEBUG - Footer configure
2025-06-22 21:32:57,199 - INFO - Initialisation complete de la fenetre principale terminee
2025-06-22 21:33:17,384 - DEBUG - Insertion de lien annulee par l'utilisateur
