2025-06-22 21:35:23,119 - INFO - Initialisation de la fenetre principale
2025-06-22 21:35:23,122 - DEBUG - Configuration fenetre principale appliquee
2025-06-22 21:35:23,122 - INFO - Initialisation de la barre de titre
2025-06-22 21:35:23,710 - DEBUG - Barre de titre creee
2025-06-22 21:35:23,711 - INFO - Creation du Tool avec 2 colonnes
2025-06-22 21:35:23,712 - INFO - Ajout du bouton 'Nouveau.'
2025-06-22 21:35:23,712 - DEBUG - Ajout tooltip a 'Nouveau.': Creer un nouveau fichier
2025-06-22 21:35:23,713 - DEBUG - Connexion de la fonction au bouton 'Nouveau.'
2025-06-22 21:35:23,713 - DEBUG - Bouton 'Nouveau.' ajoute en position (0, 0)
2025-06-22 21:35:23,716 - INFO - Ajout du bouton 'Ouvrir.'
2025-06-22 21:35:23,717 - DEBUG - Ajout tooltip a 'Ouvrir.': Ouvrir un fichier .md
2025-06-22 21:35:23,718 - DEBUG - Connexion de la fonction au bouton 'Ouvrir.'
2025-06-22 21:35:23,718 - DEBUG - Bouton 'Ouvrir.' ajoute en position (0, 1)
2025-06-22 21:35:23,718 - INFO - Ajout du bouton 'Sauvegarder.'
2025-06-22 21:35:23,719 - DEBUG - Ajout tooltip a 'Sauvegarder.': Sauvegarder le fichier
2025-06-22 21:35:23,719 - DEBUG - Connexion de la fonction au bouton 'Sauvegarder.'
2025-06-22 21:35:23,720 - DEBUG - Bouton 'Sauvegarder.' ajoute en position (1, 0)
2025-06-22 21:35:23,721 - INFO - Ajout du bouton 'Informations.'
2025-06-22 21:35:23,721 - DEBUG - Ajout tooltip a 'Informations.': Afficher les informations du document
2025-06-22 21:35:23,722 - DEBUG - Connexion de la fonction au bouton 'Informations.'
2025-06-22 21:35:23,722 - DEBUG - Bouton 'Informations.' ajoute en position (1, 1)
2025-06-22 21:35:23,723 - DEBUG - Tool1 (fichier) initialise
2025-06-22 21:35:23,729 - INFO - Creation du Tool avec 2 colonnes
2025-06-22 21:35:23,729 - INFO - Ajout du bouton 'G.'
2025-06-22 21:35:23,730 - DEBUG - Ajout tooltip a 'G.': Gras
2025-06-22 21:35:23,730 - DEBUG - Connexion de la fonction au bouton 'G.'
2025-06-22 21:35:23,731 - DEBUG - Bouton 'G.' ajoute en position (0, 0)
2025-06-22 21:35:23,731 - INFO - Ajout du bouton 'I.'
2025-06-22 21:35:23,733 - DEBUG - Ajout tooltip a 'I.': Italique
2025-06-22 21:35:23,733 - DEBUG - Connexion de la fonction au bouton 'I.'
2025-06-22 21:35:23,734 - DEBUG - Bouton 'I.' ajoute en position (0, 1)
2025-06-22 21:35:23,734 - INFO - Ajout du bouton 'S.'
2025-06-22 21:35:23,734 - DEBUG - Ajout tooltip a 'S.': Souligne
2025-06-22 21:35:23,735 - DEBUG - Connexion de la fonction au bouton 'S.'
2025-06-22 21:35:23,735 - DEBUG - Bouton 'S.' ajoute en position (1, 0)
2025-06-22 21:35:23,736 - INFO - Ajout du bouton 'ab.'
2025-06-22 21:35:23,736 - DEBUG - Ajout tooltip a 'ab.': Barre
2025-06-22 21:35:23,736 - DEBUG - Connexion de la fonction au bouton 'ab.'
2025-06-22 21:35:23,737 - DEBUG - Bouton 'ab.' ajoute en position (1, 1)
2025-06-22 21:35:23,737 - DEBUG - Tool2 (styles texte) initialise
2025-06-22 21:35:23,737 - INFO - Creation du Tool avec 2 colonnes
2025-06-22 21:35:23,738 - INFO - Ajout du bouton 'Lien.'
2025-06-22 21:35:23,738 - DEBUG - Ajout icone a 'Lien.': ui/icons/add_link.png
2025-06-22 21:35:23,739 - DEBUG - Ajout tooltip a 'Lien.': Inserer un lien
2025-06-22 21:35:23,740 - DEBUG - Connexion de la fonction au bouton 'Lien.'
2025-06-22 21:35:23,743 - DEBUG - Bouton 'Lien.' ajoute en position (0, 0)
2025-06-22 21:35:23,745 - INFO - Ajout du bouton 'Tableau.'
2025-06-22 21:35:23,746 - DEBUG - Ajout icone a 'Tableau.': ui/icons/table.png
2025-06-22 21:35:23,747 - DEBUG - Ajout tooltip a 'Tableau.': Inserer un tableau
2025-06-22 21:35:23,747 - DEBUG - Connexion de la fonction au bouton 'Tableau.'
2025-06-22 21:35:23,748 - DEBUG - Bouton 'Tableau.' ajoute en position (0, 1)
2025-06-22 21:35:23,748 - INFO - Ajout du bouton 'Image.'
2025-06-22 21:35:23,748 - DEBUG - Ajout icone a 'Image.': ui/icons/add_photo.png
2025-06-22 21:35:23,749 - DEBUG - Ajout tooltip a 'Image.': Inserer une image
2025-06-22 21:35:23,750 - DEBUG - Connexion de la fonction au bouton 'Image.'
2025-06-22 21:35:23,750 - DEBUG - Bouton 'Image.' ajoute en position (1, 0)
2025-06-22 21:35:23,750 - DEBUG - Tool3 (insertion) initialise
2025-06-22 21:35:23,751 - INFO - Creation du Tool avec 2 colonnes
2025-06-22 21:35:23,752 - INFO - Ajout du bouton ''
2025-06-22 21:35:23,752 - DEBUG - Ajout icone a '': ui/icons/align_left.png
2025-06-22 21:35:23,753 - DEBUG - Ajout tooltip a '': Aligner a gauche
2025-06-22 21:35:23,753 - DEBUG - Connexion de la fonction au bouton ''
2025-06-22 21:35:23,754 - DEBUG - Bouton '' ajoute en position (0, 0)
2025-06-22 21:35:23,754 - INFO - Ajout du bouton ''
2025-06-22 21:35:23,754 - DEBUG - Ajout icone a '': ui/icons/align_center.png
2025-06-22 21:35:23,755 - DEBUG - Ajout tooltip a '': Centrer le texte
2025-06-22 21:35:23,755 - DEBUG - Connexion de la fonction au bouton ''
2025-06-22 21:35:23,756 - DEBUG - Bouton '' ajoute en position (0, 1)
2025-06-22 21:35:23,756 - INFO - Ajout du bouton ''
2025-06-22 21:35:23,760 - DEBUG - Ajout icone a '': ui/icons/align_right.png
2025-06-22 21:35:23,762 - DEBUG - Ajout tooltip a '': Aligner a droite
2025-06-22 21:35:23,763 - DEBUG - Connexion de la fonction au bouton ''
2025-06-22 21:35:23,763 - DEBUG - Bouton '' ajoute en position (1, 0)
2025-06-22 21:35:23,764 - INFO - Ajout du bouton ''
2025-06-22 21:35:23,764 - DEBUG - Ajout icone a '': ui/icons/align_justify.png
2025-06-22 21:35:23,765 - DEBUG - Ajout tooltip a '': Justifier le texte
2025-06-22 21:35:23,765 - DEBUG - Connexion de la fonction au bouton ''
2025-06-22 21:35:23,766 - DEBUG - Bouton '' ajoute en position (1, 1)
2025-06-22 21:35:23,766 - DEBUG - Tool4 (alignement) initialise
2025-06-22 21:35:23,767 - INFO - Creation du Tool avec 2 colonnes
2025-06-22 21:35:23,768 - INFO - Ajout du bouton ''
2025-06-22 21:35:23,768 - DEBUG - Ajout icone a '': ui/icons/indent_decrease.png
2025-06-22 21:35:23,770 - DEBUG - Ajout tooltip a '': Diminuer le retrait
2025-06-22 21:35:23,770 - DEBUG - Connexion de la fonction au bouton ''
2025-06-22 21:35:23,771 - DEBUG - Bouton '' ajoute en position (0, 0)
2025-06-22 21:35:23,771 - INFO - Ajout du bouton ''
2025-06-22 21:35:23,771 - DEBUG - Ajout icone a '': ui/icons/indent_increase.png
2025-06-22 21:35:23,773 - DEBUG - Ajout tooltip a '': Augmenter le retrait
2025-06-22 21:35:23,773 - DEBUG - Connexion de la fonction au bouton ''
2025-06-22 21:35:23,779 - DEBUG - Bouton '' ajoute en position (0, 1)
2025-06-22 21:35:23,780 - INFO - Ajout du bouton ''
2025-06-22 21:35:23,780 - DEBUG - Ajout icone a '': ui/icons/list_numbered.png
2025-06-22 21:35:23,781 - DEBUG - Ajout tooltip a '': Creer une liste numerotee
2025-06-22 21:35:23,782 - DEBUG - Connexion de la fonction au bouton ''
2025-06-22 21:35:23,782 - DEBUG - Bouton '' ajoute en position (1, 0)
2025-06-22 21:35:23,783 - INFO - Ajout du bouton ''
2025-06-22 21:35:23,783 - DEBUG - Ajout icone a '': ui/icons/list_bulleted.png
2025-06-22 21:35:23,784 - DEBUG - Ajout tooltip a '': Creer une liste a puces
2025-06-22 21:35:23,785 - DEBUG - Connexion de la fonction au bouton ''
2025-06-22 21:35:23,786 - DEBUG - Bouton '' ajoute en position (1, 1)
2025-06-22 21:35:23,786 - DEBUG - Tool5 (listes et retraits) initialise
2025-06-22 21:35:23,787 - INFO - Creation du Tool avec 2 colonnes
2025-06-22 21:35:23,787 - INFO - Ajout du bouton '.'
2025-06-22 21:35:23,788 - DEBUG - Ajout icone a '.': ui/icons/paste.png
2025-06-22 21:35:23,789 - DEBUG - Ajout tooltip a '.': Coller
2025-06-22 21:35:23,789 - DEBUG - Connexion de la fonction au bouton '.'
2025-06-22 21:35:23,789 - DEBUG - Bouton '.' ajoute en position (0, 0)
2025-06-22 21:35:23,790 - INFO - Ajout du bouton '.'
2025-06-22 21:35:23,790 - DEBUG - Ajout icone a '.': ui/icons/cut.png
2025-06-22 21:35:23,796 - DEBUG - Ajout tooltip a '.': Couper
2025-06-22 21:35:23,796 - DEBUG - Connexion de la fonction au bouton '.'
2025-06-22 21:35:23,797 - DEBUG - Bouton '.' ajoute en position (0, 1)
2025-06-22 21:35:23,797 - INFO - Ajout du bouton '.'
2025-06-22 21:35:23,797 - DEBUG - Ajout icone a '.': ui/icons/copy.png
2025-06-22 21:35:23,798 - DEBUG - Ajout tooltip a '.': Copier
2025-06-22 21:35:23,799 - DEBUG - Connexion de la fonction au bouton '.'
2025-06-22 21:35:23,799 - DEBUG - Bouton '.' ajoute en position (1, 0)
2025-06-22 21:35:23,800 - INFO - Ajout du bouton ''
2025-06-22 21:35:23,800 - DEBUG - Ajout icone a '': ui/icons/paint.png
2025-06-22 21:35:23,802 - DEBUG - Ajout tooltip a '': Appliquer le style (pinceau)
2025-06-22 21:35:23,803 - DEBUG - Connexion de la fonction au bouton ''
2025-06-22 21:35:23,803 - DEBUG - Bouton '' ajoute en position (1, 1)
2025-06-22 21:35:23,804 - DEBUG - Tool6 (edition) initialise
2025-06-22 21:35:23,804 - INFO - Creation du Tool avec 2 colonnes
2025-06-22 21:35:23,804 - INFO - Ajout du bouton 'H1.'
2025-06-22 21:35:23,805 - DEBUG - Ajout tooltip a 'H1.': Titre 1
2025-06-22 21:35:23,805 - DEBUG - Connexion de la fonction au bouton 'H1.'
2025-06-22 21:35:23,806 - DEBUG - Bouton 'H1.' ajoute en position (0, 0)
2025-06-22 21:35:23,806 - INFO - Ajout du bouton 'H2.'
2025-06-22 21:35:23,806 - DEBUG - Ajout tooltip a 'H2.': Titre 2
2025-06-22 21:35:23,807 - DEBUG - Connexion de la fonction au bouton 'H2.'
2025-06-22 21:35:23,811 - DEBUG - Bouton 'H2.' ajoute en position (0, 1)
2025-06-22 21:35:23,812 - INFO - Ajout du bouton 'H3.'
2025-06-22 21:35:23,813 - DEBUG - Ajout tooltip a 'H3.': Titre 3
2025-06-22 21:35:23,814 - DEBUG - Connexion de la fonction au bouton 'H3.'
2025-06-22 21:35:23,814 - DEBUG - Bouton 'H3.' ajoute en position (1, 0)
2025-06-22 21:35:23,815 - INFO - Ajout du bouton 'H4.'
2025-06-22 21:35:23,816 - DEBUG - Ajout tooltip a 'H4.': Titre 4
2025-06-22 21:35:23,817 - DEBUG - Connexion de la fonction au bouton 'H4.'
2025-06-22 21:35:23,817 - DEBUG - Bouton 'H4.' ajoute en position (1, 1)
2025-06-22 21:35:23,817 - DEBUG - Tool7 (titres) initialise
2025-06-22 21:35:23,818 - INFO - Creation du Tool avec 2 colonnes
2025-06-22 21:35:23,819 - INFO - Ajout du bouton '.'
2025-06-22 21:35:23,820 - DEBUG - Ajout icone a '.': ui/icons/note_add.png
2025-06-22 21:35:23,821 - DEBUG - Ajout tooltip a '.': Ajouter une note
2025-06-22 21:35:23,821 - DEBUG - Connexion de la fonction au bouton '.'
2025-06-22 21:35:23,822 - DEBUG - Bouton '.' ajoute en position (0, 0)
2025-06-22 21:35:23,822 - INFO - Ajout du bouton ''
2025-06-22 21:35:23,822 - DEBUG - Ajout icone a '': ui/icons/checklist.png
2025-06-22 21:35:23,823 - DEBUG - Ajout tooltip a '': Ajouter une checklist
2025-06-22 21:35:23,823 - DEBUG - Connexion de la fonction au bouton ''
2025-06-22 21:35:23,829 - DEBUG - Bouton '' ajoute en position (0, 1)
2025-06-22 21:35:23,830 - INFO - Ajout du bouton '.'
2025-06-22 21:35:23,831 - DEBUG - Ajout icone a '.': ui/icons/flip.png
2025-06-22 21:35:23,832 - DEBUG - Ajout tooltip a '.': Ajouter une ligne de separateur
2025-06-22 21:35:23,832 - DEBUG - Connexion de la fonction au bouton '.'
2025-06-22 21:35:23,833 - DEBUG - Bouton '.' ajoute en position (1, 0)
2025-06-22 21:35:23,833 - INFO - Ajout du bouton '.'
2025-06-22 21:35:23,834 - DEBUG - Ajout icone a '.': ui/icons/add_reaction.png
2025-06-22 21:35:23,835 - DEBUG - Ajout tooltip a '.': Ajouter un emoji
2025-06-22 21:35:23,835 - DEBUG - Connexion de la fonction au bouton '.'
2025-06-22 21:35:23,836 - DEBUG - Bouton '.' ajoute en position (1, 1)
2025-06-22 21:35:23,836 - DEBUG - Tool8 (ajout de contenu : note, checklist, section, emoji) initialise
2025-06-22 21:35:23,846 - DEBUG - Header configure et widgets ajoutes
2025-06-22 21:35:23,853 - DEBUG - editeur de texte initialise
2025-06-22 21:35:23,854 - DEBUG - Container central configure
2025-06-22 21:35:23,855 - DEBUG - Footer configure
2025-06-22 21:35:23,867 - INFO - Initialisation complete de la fenetre principale terminee
2025-06-22 21:35:33,727 - DEBUG - Insertion de lien annulee par l'utilisateur
