2025-06-22 21:35:06,770 - INFO - Initialisation de la fenetre principale
2025-06-22 21:35:06,772 - DEBUG - Configuration fenetre principale appliquee
2025-06-22 21:35:06,773 - INFO - Initialisation de la barre de titre
2025-06-22 21:35:07,338 - DEBUG - Barre de titre creee
2025-06-22 21:35:07,338 - INFO - Creation du Tool avec 2 colonnes
2025-06-22 21:35:07,339 - INFO - Ajout du bouton 'Nouveau.'
2025-06-22 21:35:07,339 - DEBUG - Ajout tooltip a 'Nouveau.': Creer un nouveau fichier
2025-06-22 21:35:07,340 - DEBUG - Connexion de la fonction au bouton 'Nouveau.'
2025-06-22 21:35:07,341 - DEBUG - Bouton 'Nouveau.' ajoute en position (0, 0)
2025-06-22 21:35:07,344 - INFO - Ajout du bouton 'Ouvrir.'
2025-06-22 21:35:07,345 - DEBUG - Ajout tooltip a 'Ouvrir.': Ouvrir un fichier .md
2025-06-22 21:35:07,346 - DEBUG - Connexion de la fonction au bouton 'Ouvrir.'
2025-06-22 21:35:07,346 - DEBUG - Bouton 'Ouvrir.' ajoute en position (0, 1)
2025-06-22 21:35:07,347 - INFO - Ajout du bouton 'Sauvegarder.'
2025-06-22 21:35:07,347 - DEBUG - Ajout tooltip a 'Sauvegarder.': Sauvegarder le fichier
2025-06-22 21:35:07,348 - DEBUG - Connexion de la fonction au bouton 'Sauvegarder.'
2025-06-22 21:35:07,349 - DEBUG - Bouton 'Sauvegarder.' ajoute en position (1, 0)
2025-06-22 21:35:07,349 - INFO - Ajout du bouton 'Informations.'
2025-06-22 21:35:07,349 - DEBUG - Ajout tooltip a 'Informations.': Afficher les informations du document
2025-06-22 21:35:07,350 - DEBUG - Connexion de la fonction au bouton 'Informations.'
2025-06-22 21:35:07,351 - DEBUG - Bouton 'Informations.' ajoute en position (1, 1)
2025-06-22 21:35:07,351 - DEBUG - Tool1 (fichier) initialise
2025-06-22 21:35:07,353 - INFO - Creation du Tool avec 2 colonnes
2025-06-22 21:35:07,354 - INFO - Ajout du bouton 'G.'
2025-06-22 21:35:07,354 - DEBUG - Ajout tooltip a 'G.': Gras
2025-06-22 21:35:07,355 - DEBUG - Connexion de la fonction au bouton 'G.'
2025-06-22 21:35:07,356 - DEBUG - Bouton 'G.' ajoute en position (0, 0)
2025-06-22 21:35:07,356 - INFO - Ajout du bouton 'I.'
2025-06-22 21:35:07,357 - DEBUG - Ajout tooltip a 'I.': Italique
2025-06-22 21:35:07,357 - DEBUG - Connexion de la fonction au bouton 'I.'
2025-06-22 21:35:07,358 - DEBUG - Bouton 'I.' ajoute en position (0, 1)
2025-06-22 21:35:07,358 - INFO - Ajout du bouton 'S.'
2025-06-22 21:35:07,359 - DEBUG - Ajout tooltip a 'S.': Souligne
2025-06-22 21:35:07,364 - DEBUG - Connexion de la fonction au bouton 'S.'
2025-06-22 21:35:07,365 - DEBUG - Bouton 'S.' ajoute en position (1, 0)
2025-06-22 21:35:07,365 - INFO - Ajout du bouton 'ab.'
2025-06-22 21:35:07,366 - DEBUG - Ajout tooltip a 'ab.': Barre
2025-06-22 21:35:07,366 - DEBUG - Connexion de la fonction au bouton 'ab.'
2025-06-22 21:35:07,367 - DEBUG - Bouton 'ab.' ajoute en position (1, 1)
2025-06-22 21:35:07,368 - DEBUG - Tool2 (styles texte) initialise
2025-06-22 21:35:07,368 - INFO - Creation du Tool avec 2 colonnes
2025-06-22 21:35:07,369 - INFO - Ajout du bouton 'Lien.'
2025-06-22 21:35:07,370 - DEBUG - Ajout icone a 'Lien.': ui/icons/add_link.png
2025-06-22 21:35:07,371 - DEBUG - Ajout tooltip a 'Lien.': Inserer un lien
2025-06-22 21:35:07,371 - DEBUG - Connexion de la fonction au bouton 'Lien.'
2025-06-22 21:35:07,372 - DEBUG - Bouton 'Lien.' ajoute en position (0, 0)
2025-06-22 21:35:07,372 - INFO - Ajout du bouton 'Tableau.'
2025-06-22 21:35:07,373 - DEBUG - Ajout icone a 'Tableau.': ui/icons/table.png
2025-06-22 21:35:07,374 - DEBUG - Ajout tooltip a 'Tableau.': Inserer un tableau
2025-06-22 21:35:07,374 - DEBUG - Connexion de la fonction au bouton 'Tableau.'
2025-06-22 21:35:07,375 - DEBUG - Bouton 'Tableau.' ajoute en position (0, 1)
2025-06-22 21:35:07,375 - INFO - Ajout du bouton 'Image.'
2025-06-22 21:35:07,377 - DEBUG - Ajout icone a 'Image.': ui/icons/add_photo.png
2025-06-22 21:35:07,379 - DEBUG - Ajout tooltip a 'Image.': Inserer une image
2025-06-22 21:35:07,380 - DEBUG - Connexion de la fonction au bouton 'Image.'
2025-06-22 21:35:07,381 - DEBUG - Bouton 'Image.' ajoute en position (1, 0)
2025-06-22 21:35:07,382 - DEBUG - Tool3 (insertion) initialise
2025-06-22 21:35:07,382 - INFO - Creation du Tool avec 2 colonnes
2025-06-22 21:35:07,383 - INFO - Ajout du bouton ''
2025-06-22 21:35:07,383 - DEBUG - Ajout icone a '': ui/icons/align_left.png
2025-06-22 21:35:07,384 - DEBUG - Ajout tooltip a '': Aligner a gauche
2025-06-22 21:35:07,385 - DEBUG - Connexion de la fonction au bouton ''
2025-06-22 21:35:07,385 - DEBUG - Bouton '' ajoute en position (0, 0)
2025-06-22 21:35:07,385 - INFO - Ajout du bouton ''
2025-06-22 21:35:07,386 - DEBUG - Ajout icone a '': ui/icons/align_center.png
2025-06-22 21:35:07,387 - DEBUG - Ajout tooltip a '': Centrer le texte
2025-06-22 21:35:07,387 - DEBUG - Connexion de la fonction au bouton ''
2025-06-22 21:35:07,388 - DEBUG - Bouton '' ajoute en position (0, 1)
2025-06-22 21:35:07,388 - INFO - Ajout du bouton ''
2025-06-22 21:35:07,389 - DEBUG - Ajout icone a '': ui/icons/align_right.png
2025-06-22 21:35:07,390 - DEBUG - Ajout tooltip a '': Aligner a droite
2025-06-22 21:35:07,390 - DEBUG - Connexion de la fonction au bouton ''
2025-06-22 21:35:07,391 - DEBUG - Bouton '' ajoute en position (1, 0)
2025-06-22 21:35:07,391 - INFO - Ajout du bouton ''
2025-06-22 21:35:07,391 - DEBUG - Ajout icone a '': ui/icons/align_justify.png
2025-06-22 21:35:07,392 - DEBUG - Ajout tooltip a '': Justifier le texte
2025-06-22 21:35:07,397 - DEBUG - Connexion de la fonction au bouton ''
2025-06-22 21:35:07,397 - DEBUG - Bouton '' ajoute en position (1, 1)
2025-06-22 21:35:07,398 - DEBUG - Tool4 (alignement) initialise
2025-06-22 21:35:07,398 - INFO - Creation du Tool avec 2 colonnes
2025-06-22 21:35:07,399 - INFO - Ajout du bouton ''
2025-06-22 21:35:07,399 - DEBUG - Ajout icone a '': ui/icons/indent_decrease.png
2025-06-22 21:35:07,400 - DEBUG - Ajout tooltip a '': Diminuer le retrait
2025-06-22 21:35:07,401 - DEBUG - Connexion de la fonction au bouton ''
2025-06-22 21:35:07,402 - DEBUG - Bouton '' ajoute en position (0, 0)
2025-06-22 21:35:07,403 - INFO - Ajout du bouton ''
2025-06-22 21:35:07,404 - DEBUG - Ajout icone a '': ui/icons/indent_increase.png
2025-06-22 21:35:07,405 - DEBUG - Ajout tooltip a '': Augmenter le retrait
2025-06-22 21:35:07,406 - DEBUG - Connexion de la fonction au bouton ''
2025-06-22 21:35:07,407 - DEBUG - Bouton '' ajoute en position (0, 1)
2025-06-22 21:35:07,408 - INFO - Ajout du bouton ''
2025-06-22 21:35:07,413 - DEBUG - Ajout icone a '': ui/icons/list_numbered.png
2025-06-22 21:35:07,417 - DEBUG - Ajout tooltip a '': Creer une liste numerotee
2025-06-22 21:35:07,418 - DEBUG - Connexion de la fonction au bouton ''
2025-06-22 21:35:07,418 - DEBUG - Bouton '' ajoute en position (1, 0)
2025-06-22 21:35:07,419 - INFO - Ajout du bouton ''
2025-06-22 21:35:07,420 - DEBUG - Ajout icone a '': ui/icons/list_bulleted.png
2025-06-22 21:35:07,422 - DEBUG - Ajout tooltip a '': Creer une liste a puces
2025-06-22 21:35:07,423 - DEBUG - Connexion de la fonction au bouton ''
2025-06-22 21:35:07,424 - DEBUG - Bouton '' ajoute en position (1, 1)
2025-06-22 21:35:07,425 - DEBUG - Tool5 (listes et retraits) initialise
2025-06-22 21:35:07,425 - INFO - Creation du Tool avec 2 colonnes
2025-06-22 21:35:07,431 - INFO - Ajout du bouton '.'
2025-06-22 21:35:07,431 - DEBUG - Ajout icone a '.': ui/icons/paste.png
2025-06-22 21:35:07,433 - DEBUG - Ajout tooltip a '.': Coller
2025-06-22 21:35:07,433 - DEBUG - Connexion de la fonction au bouton '.'
2025-06-22 21:35:07,434 - DEBUG - Bouton '.' ajoute en position (0, 0)
2025-06-22 21:35:07,434 - INFO - Ajout du bouton '.'
2025-06-22 21:35:07,434 - DEBUG - Ajout icone a '.': ui/icons/cut.png
2025-06-22 21:35:07,435 - DEBUG - Ajout tooltip a '.': Couper
2025-06-22 21:35:07,436 - DEBUG - Connexion de la fonction au bouton '.'
2025-06-22 21:35:07,436 - DEBUG - Bouton '.' ajoute en position (0, 1)
2025-06-22 21:35:07,437 - INFO - Ajout du bouton '.'
2025-06-22 21:35:07,438 - DEBUG - Ajout icone a '.': ui/icons/copy.png
2025-06-22 21:35:07,439 - DEBUG - Ajout tooltip a '.': Copier
2025-06-22 21:35:07,440 - DEBUG - Connexion de la fonction au bouton '.'
2025-06-22 21:35:07,440 - DEBUG - Bouton '.' ajoute en position (1, 0)
2025-06-22 21:35:07,441 - INFO - Ajout du bouton ''
2025-06-22 21:35:07,441 - DEBUG - Ajout icone a '': ui/icons/paint.png
2025-06-22 21:35:07,442 - DEBUG - Ajout tooltip a '': Appliquer le style (pinceau)
2025-06-22 21:35:07,442 - DEBUG - Connexion de la fonction au bouton ''
2025-06-22 21:35:07,447 - DEBUG - Bouton '' ajoute en position (1, 1)
2025-06-22 21:35:07,448 - DEBUG - Tool6 (edition) initialise
2025-06-22 21:35:07,448 - INFO - Creation du Tool avec 2 colonnes
2025-06-22 21:35:07,449 - INFO - Ajout du bouton 'H1.'
2025-06-22 21:35:07,449 - DEBUG - Ajout tooltip a 'H1.': Titre 1
2025-06-22 21:35:07,450 - DEBUG - Connexion de la fonction au bouton 'H1.'
2025-06-22 21:35:07,451 - DEBUG - Bouton 'H1.' ajoute en position (0, 0)
2025-06-22 21:35:07,451 - INFO - Ajout du bouton 'H2.'
2025-06-22 21:35:07,453 - DEBUG - Ajout tooltip a 'H2.': Titre 2
2025-06-22 21:35:07,453 - DEBUG - Connexion de la fonction au bouton 'H2.'
2025-06-22 21:35:07,454 - DEBUG - Bouton 'H2.' ajoute en position (0, 1)
2025-06-22 21:35:07,454 - INFO - Ajout du bouton 'H3.'
2025-06-22 21:35:07,455 - DEBUG - Ajout tooltip a 'H3.': Titre 3
2025-06-22 21:35:07,455 - DEBUG - Connexion de la fonction au bouton 'H3.'
2025-06-22 21:35:07,456 - DEBUG - Bouton 'H3.' ajoute en position (1, 0)
2025-06-22 21:35:07,456 - INFO - Ajout du bouton 'H4.'
2025-06-22 21:35:07,456 - DEBUG - Ajout tooltip a 'H4.': Titre 4
2025-06-22 21:35:07,457 - DEBUG - Connexion de la fonction au bouton 'H4.'
2025-06-22 21:35:07,457 - DEBUG - Bouton 'H4.' ajoute en position (1, 1)
2025-06-22 21:35:07,457 - DEBUG - Tool7 (titres) initialise
2025-06-22 21:35:07,458 - INFO - Creation du Tool avec 2 colonnes
2025-06-22 21:35:07,459 - INFO - Ajout du bouton '.'
2025-06-22 21:35:07,461 - DEBUG - Ajout icone a '.': ui/icons/note_add.png
2025-06-22 21:35:07,464 - DEBUG - Ajout tooltip a '.': Ajouter une note
2025-06-22 21:35:07,464 - DEBUG - Connexion de la fonction au bouton '.'
2025-06-22 21:35:07,465 - DEBUG - Bouton '.' ajoute en position (0, 0)
2025-06-22 21:35:07,465 - INFO - Ajout du bouton ''
2025-06-22 21:35:07,466 - DEBUG - Ajout icone a '': ui/icons/checklist.png
2025-06-22 21:35:07,467 - DEBUG - Ajout tooltip a '': Ajouter une checklist
2025-06-22 21:35:07,468 - DEBUG - Connexion de la fonction au bouton ''
2025-06-22 21:35:07,468 - DEBUG - Bouton '' ajoute en position (0, 1)
2025-06-22 21:35:07,469 - INFO - Ajout du bouton '.'
2025-06-22 21:35:07,469 - DEBUG - Ajout icone a '.': ui/icons/flip.png
2025-06-22 21:35:07,470 - DEBUG - Ajout tooltip a '.': Ajouter une ligne de separateur
2025-06-22 21:35:07,470 - DEBUG - Connexion de la fonction au bouton '.'
2025-06-22 21:35:07,471 - DEBUG - Bouton '.' ajoute en position (1, 0)
2025-06-22 21:35:07,471 - INFO - Ajout du bouton '.'
2025-06-22 21:35:07,472 - DEBUG - Ajout icone a '.': ui/icons/add_reaction.png
2025-06-22 21:35:07,473 - DEBUG - Ajout tooltip a '.': Ajouter un emoji
2025-06-22 21:35:07,473 - DEBUG - Connexion de la fonction au bouton '.'
2025-06-22 21:35:07,474 - DEBUG - Bouton '.' ajoute en position (1, 1)
2025-06-22 21:35:07,474 - DEBUG - Tool8 (ajout de contenu : note, checklist, section, emoji) initialise
2025-06-22 21:35:07,485 - DEBUG - Header configure et widgets ajoutes
2025-06-22 21:35:07,491 - DEBUG - editeur de texte initialise
2025-06-22 21:35:07,494 - DEBUG - Container central configure
2025-06-22 21:35:07,497 - DEBUG - Footer configure
2025-06-22 21:35:07,504 - INFO - Initialisation complete de la fenetre principale terminee
