2025-06-23 02:42:06,419 - INFO - Initialisation de la fenetre principale
2025-06-23 02:42:06,422 - DEBUG - Configuration fenetre principale appliquee
2025-06-23 02:42:06,423 - INFO - Initialisation de la barre de titre
2025-06-23 02:42:07,484 - DEBUG - Barre de titre creee
2025-06-23 02:42:07,484 - INFO - Creation du Tool avec 2 colonnes
2025-06-23 02:42:07,485 - INFO - Ajout du bouton 'Nouveau.'
2025-06-23 02:42:07,487 - DEBUG - Ajout tooltip a 'Nouveau.': Creer un nouveau fichier
2025-06-23 02:42:07,488 - DEBUG - Connexion de la fonction au bouton 'Nouveau.'
2025-06-23 02:42:07,489 - DEBUG - Bouton 'Nouveau.' ajoute en position (0, 0)
2025-06-23 02:42:07,492 - INFO - Ajout du bouton 'Ouvrir.'
2025-06-23 02:42:07,493 - DEBUG - Ajout tooltip a 'Ouvrir.': Ouvrir un fichier .md
2025-06-23 02:42:07,494 - DEBUG - Connexion de la fonction au bouton 'Ouvrir.'
2025-06-23 02:42:07,495 - DEBUG - Bouton 'Ouvrir.' ajoute en position (0, 1)
2025-06-23 02:42:07,495 - INFO - Ajout du bouton 'Sauvegarder.'
2025-06-23 02:42:07,495 - DEBUG - Ajout tooltip a 'Sauvegarder.': Sauvegarder le fichier
2025-06-23 02:42:07,496 - DEBUG - Connexion de la fonction au bouton 'Sauvegarder.'
2025-06-23 02:42:07,496 - DEBUG - Bouton 'Sauvegarder.' ajoute en position (1, 0)
2025-06-23 02:42:07,497 - INFO - Ajout du bouton 'Informations.'
2025-06-23 02:42:07,497 - DEBUG - Ajout tooltip a 'Informations.': Afficher les informations du document
2025-06-23 02:42:07,498 - DEBUG - Connexion de la fonction au bouton 'Informations.'
2025-06-23 02:42:07,498 - DEBUG - Bouton 'Informations.' ajoute en position (1, 1)
2025-06-23 02:42:07,500 - DEBUG - Tool1 (fichier) initialise
2025-06-23 02:42:07,500 - INFO - Creation du Tool avec 2 colonnes
2025-06-23 02:42:07,503 - INFO - Ajout du bouton 'G.'
2025-06-23 02:42:07,507 - DEBUG - Ajout tooltip a 'G.': Gras
2025-06-23 02:42:07,508 - DEBUG - Connexion de la fonction au bouton 'G.'
2025-06-23 02:42:07,508 - DEBUG - Bouton 'G.' ajoute en position (0, 0)
2025-06-23 02:42:07,509 - INFO - Ajout du bouton 'I.'
2025-06-23 02:42:07,509 - DEBUG - Ajout tooltip a 'I.': Italique
2025-06-23 02:42:07,510 - DEBUG - Connexion de la fonction au bouton 'I.'
2025-06-23 02:42:07,510 - DEBUG - Bouton 'I.' ajoute en position (0, 1)
2025-06-23 02:42:07,511 - INFO - Ajout du bouton 'S.'
2025-06-23 02:42:07,511 - DEBUG - Ajout tooltip a 'S.': Souligne
2025-06-23 02:42:07,512 - DEBUG - Connexion de la fonction au bouton 'S.'
2025-06-23 02:42:07,512 - DEBUG - Bouton 'S.' ajoute en position (1, 0)
2025-06-23 02:42:07,513 - INFO - Ajout du bouton 'ab.'
2025-06-23 02:42:07,513 - DEBUG - Ajout tooltip a 'ab.': Barre
2025-06-23 02:42:07,514 - DEBUG - Connexion de la fonction au bouton 'ab.'
2025-06-23 02:42:07,514 - DEBUG - Bouton 'ab.' ajoute en position (1, 1)
2025-06-23 02:42:07,515 - DEBUG - Tool2 (styles texte) initialise
2025-06-23 02:42:07,515 - INFO - Creation du Tool avec 2 colonnes
2025-06-23 02:42:07,516 - INFO - Ajout du bouton 'Lien.'
2025-06-23 02:42:07,516 - DEBUG - Ajout icone a 'Lien.': ui/icons/add_link.png
2025-06-23 02:42:07,517 - DEBUG - Ajout tooltip a 'Lien.': Inserer un lien
2025-06-23 02:42:07,523 - DEBUG - Connexion de la fonction au bouton 'Lien.'
2025-06-23 02:42:07,524 - DEBUG - Bouton 'Lien.' ajoute en position (0, 0)
2025-06-23 02:42:07,525 - INFO - Ajout du bouton 'Tableau.'
2025-06-23 02:42:07,525 - DEBUG - Ajout icone a 'Tableau.': ui/icons/table.png
2025-06-23 02:42:07,526 - DEBUG - Ajout tooltip a 'Tableau.': Inserer un tableau
2025-06-23 02:42:07,527 - DEBUG - Connexion de la fonction au bouton 'Tableau.'
2025-06-23 02:42:07,527 - DEBUG - Bouton 'Tableau.' ajoute en position (0, 1)
2025-06-23 02:42:07,528 - INFO - Ajout du bouton 'Image.'
2025-06-23 02:42:07,528 - DEBUG - Ajout icone a 'Image.': ui/icons/add_photo.png
2025-06-23 02:42:07,529 - DEBUG - Ajout tooltip a 'Image.': Inserer une image
2025-06-23 02:42:07,530 - DEBUG - Connexion de la fonction au bouton 'Image.'
2025-06-23 02:42:07,531 - DEBUG - Bouton 'Image.' ajoute en position (1, 0)
2025-06-23 02:42:07,531 - DEBUG - Tool3 (insertion) initialise
2025-06-23 02:42:07,532 - INFO - Creation du Tool avec 2 colonnes
2025-06-23 02:42:07,532 - INFO - Ajout du bouton '.'
2025-06-23 02:42:07,533 - DEBUG - Ajout icone a '.': ui/icons/align_left.png
2025-06-23 02:42:07,534 - DEBUG - Ajout tooltip a '.': Aligner a gauche
2025-06-23 02:42:07,534 - DEBUG - Connexion de la fonction au bouton '.'
2025-06-23 02:42:07,539 - DEBUG - Bouton '.' ajoute en position (0, 0)
2025-06-23 02:42:07,540 - INFO - Ajout du bouton '.'
2025-06-23 02:42:07,540 - DEBUG - Ajout icone a '.': ui/icons/align_center.png
2025-06-23 02:42:07,541 - DEBUG - Ajout tooltip a '.': Centrer le texte
2025-06-23 02:42:07,542 - DEBUG - Connexion de la fonction au bouton '.'
2025-06-23 02:42:07,542 - DEBUG - Bouton '.' ajoute en position (0, 1)
2025-06-23 02:42:07,543 - INFO - Ajout du bouton '.'
2025-06-23 02:42:07,543 - DEBUG - Ajout icone a '.': ui/icons/align_right.png
2025-06-23 02:42:07,545 - DEBUG - Ajout tooltip a '.': Aligner a droite
2025-06-23 02:42:07,545 - DEBUG - Connexion de la fonction au bouton '.'
2025-06-23 02:42:07,546 - DEBUG - Bouton '.' ajoute en position (1, 0)
2025-06-23 02:42:07,546 - INFO - Ajout du bouton '.'
2025-06-23 02:42:07,547 - DEBUG - Ajout icone a '.': ui/icons/align_justify.png
2025-06-23 02:42:07,548 - DEBUG - Ajout tooltip a '.': Justifier le texte
2025-06-23 02:42:07,548 - DEBUG - Connexion de la fonction au bouton '.'
2025-06-23 02:42:07,549 - DEBUG - Bouton '.' ajoute en position (1, 1)
2025-06-23 02:42:07,550 - DEBUG - Tool4 (alignement) initialise
2025-06-23 02:42:07,550 - INFO - Creation du Tool avec 2 colonnes
2025-06-23 02:42:07,551 - INFO - Ajout du bouton '.'
2025-06-23 02:42:07,556 - DEBUG - Ajout icone a '.': ui/icons/indent_decrease.png
2025-06-23 02:42:07,557 - DEBUG - Ajout tooltip a '.': Diminuer le retrait
2025-06-23 02:42:07,557 - DEBUG - Connexion de la fonction au bouton '.'
2025-06-23 02:42:07,558 - DEBUG - Bouton '.' ajoute en position (0, 0)
2025-06-23 02:42:07,558 - INFO - Ajout du bouton '.'
2025-06-23 02:42:07,559 - DEBUG - Ajout icone a '.': ui/icons/indent_increase.png
2025-06-23 02:42:07,560 - DEBUG - Ajout tooltip a '.': Augmenter le retrait
2025-06-23 02:42:07,560 - DEBUG - Connexion de la fonction au bouton '.'
2025-06-23 02:42:07,561 - DEBUG - Bouton '.' ajoute en position (0, 1)
2025-06-23 02:42:07,561 - INFO - Ajout du bouton '.'
2025-06-23 02:42:07,562 - DEBUG - Ajout icone a '.': ui/icons/list_numbered.png
2025-06-23 02:42:07,563 - DEBUG - Ajout tooltip a '.': Creer une liste numerotee
2025-06-23 02:42:07,564 - DEBUG - Connexion de la fonction au bouton '.'
2025-06-23 02:42:07,564 - DEBUG - Bouton '.' ajoute en position (1, 0)
2025-06-23 02:42:07,565 - INFO - Ajout du bouton '.'
2025-06-23 02:42:07,565 - DEBUG - Ajout icone a '.': ui/icons/list_bulleted.png
2025-06-23 02:42:07,566 - DEBUG - Ajout tooltip a '.': Creer une liste a puces
2025-06-23 02:42:07,567 - DEBUG - Connexion de la fonction au bouton '.'
2025-06-23 02:42:07,567 - DEBUG - Bouton '.' ajoute en position (1, 1)
2025-06-23 02:42:07,570 - DEBUG - Tool5 (listes et retraits) initialise
2025-06-23 02:42:07,571 - INFO - Creation du Tool avec 2 colonnes
2025-06-23 02:42:07,572 - INFO - Ajout du bouton '.'
2025-06-23 02:42:07,572 - DEBUG - Ajout icone a '.': ui/icons/paste.png
2025-06-23 02:42:07,573 - DEBUG - Ajout tooltip a '.': Coller
2025-06-23 02:42:07,574 - DEBUG - Connexion de la fonction au bouton '.'
2025-06-23 02:42:07,574 - DEBUG - Bouton '.' ajoute en position (0, 0)
2025-06-23 02:42:07,575 - INFO - Ajout du bouton '.'
2025-06-23 02:42:07,576 - DEBUG - Ajout icone a '.': ui/icons/cut.png
2025-06-23 02:42:07,577 - DEBUG - Ajout tooltip a '.': Couper
2025-06-23 02:42:07,577 - DEBUG - Connexion de la fonction au bouton '.'
2025-06-23 02:42:07,579 - DEBUG - Bouton '.' ajoute en position (0, 1)
2025-06-23 02:42:07,579 - INFO - Ajout du bouton '.'
2025-06-23 02:42:07,579 - DEBUG - Ajout icone a '.': ui/icons/copy.png
2025-06-23 02:42:07,580 - DEBUG - Ajout tooltip a '.': Copier
2025-06-23 02:42:07,581 - DEBUG - Connexion de la fonction au bouton '.'
2025-06-23 02:42:07,582 - DEBUG - Bouton '.' ajoute en position (1, 0)
2025-06-23 02:42:07,582 - DEBUG - Tool6 (edition) initialise
2025-06-23 02:42:07,583 - INFO - Creation du Tool avec 2 colonnes
2025-06-23 02:42:07,583 - INFO - Ajout du bouton 'H1.'
2025-06-23 02:42:07,584 - DEBUG - Ajout tooltip a 'H1.': Titre 1
2025-06-23 02:42:07,584 - DEBUG - Connexion de la fonction au bouton 'H1.'
2025-06-23 02:42:07,589 - DEBUG - Bouton 'H1.' ajoute en position (0, 0)
2025-06-23 02:42:07,589 - INFO - Ajout du bouton 'H2.'
2025-06-23 02:42:07,590 - DEBUG - Ajout tooltip a 'H2.': Titre 2
2025-06-23 02:42:07,590 - DEBUG - Connexion de la fonction au bouton 'H2.'
2025-06-23 02:42:07,591 - DEBUG - Bouton 'H2.' ajoute en position (0, 1)
2025-06-23 02:42:07,591 - INFO - Ajout du bouton 'H3.'
2025-06-23 02:42:07,592 - DEBUG - Ajout tooltip a 'H3.': Titre 3
2025-06-23 02:42:07,593 - DEBUG - Connexion de la fonction au bouton 'H3.'
2025-06-23 02:42:07,594 - DEBUG - Bouton 'H3.' ajoute en position (1, 0)
2025-06-23 02:42:07,595 - INFO - Ajout du bouton 'H4.'
2025-06-23 02:42:07,595 - DEBUG - Ajout tooltip a 'H4.': Titre 4
2025-06-23 02:42:07,596 - DEBUG - Connexion de la fonction au bouton 'H4.'
2025-06-23 02:42:07,596 - DEBUG - Bouton 'H4.' ajoute en position (1, 1)
2025-06-23 02:42:07,597 - DEBUG - Tool7 (titres) initialise
2025-06-23 02:42:07,597 - INFO - Creation du Tool avec 2 colonnes
2025-06-23 02:42:07,598 - INFO - Ajout du bouton '.'
2025-06-23 02:42:07,599 - DEBUG - Ajout icone a '.': ui/icons/note_add.png
2025-06-23 02:42:07,600 - DEBUG - Ajout tooltip a '.': Ajouter une note
2025-06-23 02:42:07,600 - DEBUG - Connexion de la fonction au bouton '.'
2025-06-23 02:42:07,601 - DEBUG - Bouton '.' ajoute en position (0, 0)
2025-06-23 02:42:07,605 - INFO - Ajout du bouton '.'
2025-06-23 02:42:07,606 - DEBUG - Ajout icone a '.': ui/icons/add_reaction.png
2025-06-23 02:42:07,608 - DEBUG - Ajout tooltip a '.': Ajouter un emoji
2025-06-23 02:42:07,608 - DEBUG - Connexion de la fonction au bouton '.'
2025-06-23 02:42:07,609 - DEBUG - Bouton '.' ajoute en position (0, 1)
2025-06-23 02:42:07,610 - INFO - Ajout du bouton '.'
2025-06-23 02:42:07,610 - DEBUG - Ajout icone a '.': ui/icons/flip.png
2025-06-23 02:42:07,611 - DEBUG - Ajout tooltip a '.': Ajouter une ligne de separateur
2025-06-23 02:42:07,612 - DEBUG - Connexion de la fonction au bouton '.'
2025-06-23 02:42:07,613 - DEBUG - Bouton '.' ajoute en position (1, 0)
2025-06-23 02:42:07,613 - DEBUG - Tool8 (ajout de contenu : note, checklist, section, emoji) initialise
2025-06-23 02:42:07,618 - DEBUG - Header configure et widgets ajoutes
2025-06-23 02:42:07,627 - DEBUG - editeur de texte initialise
2025-06-23 02:42:07,629 - DEBUG - Container central configure
2025-06-23 02:42:07,630 - DEBUG - Footer configure
2025-06-23 02:42:07,640 - INFO - Initialisation complete de la fenetre principale terminee
2025-06-23 02:42:21,323 - DEBUG - Fenetre reduite
2025-06-23 02:42:40,927 - DEBUG - Etat des boutons mis a jour
2025-06-23 02:42:41,157 - DEBUG - Etat des boutons mis a jour
2025-06-23 02:42:41,334 - DEBUG - Etat des boutons mis a jour
2025-06-23 02:42:41,895 - DEBUG - Etat des boutons mis a jour
2025-06-23 02:42:42,075 - DEBUG - Etat des boutons mis a jour
2025-06-23 02:42:42,222 - DEBUG - Etat des boutons mis a jour
2025-06-23 02:42:42,921 - DEBUG - Etat des boutons mis a jour
2025-06-23 02:42:43,316 - DEBUG - Etat des boutons mis a jour
2025-06-23 02:42:43,604 - DEBUG - Etat des boutons mis a jour
2025-06-23 02:42:44,020 - DEBUG - Etat des boutons mis a jour
2025-06-23 02:42:44,325 - DEBUG - Etat des boutons mis a jour
2025-06-23 02:42:44,535 - DEBUG - Etat des boutons mis a jour
2025-06-23 02:42:44,970 - DEBUG - Etat des boutons mis a jour
2025-06-23 02:42:45,179 - DEBUG - Etat des boutons mis a jour
2025-06-23 02:42:45,667 - DEBUG - Etat des boutons mis a jour
2025-06-23 02:42:47,883 - DEBUG - Application fermee
