2025-06-23 02:37:06,369 - INFO - Initialisation de la fenetre principale
2025-06-23 02:37:06,371 - DEBUG - Configuration fenetre principale appliquee
2025-06-23 02:37:06,372 - INFO - Initialisation de la barre de titre
2025-06-23 02:37:07,466 - DEBUG - Barre de titre creee
2025-06-23 02:37:07,466 - INFO - Creation du Tool avec 2 colonnes
2025-06-23 02:37:07,467 - INFO - Ajout du bouton 'Nouveau.'
2025-06-23 02:37:07,468 - DEBUG - Ajout tooltip a 'Nouveau.': Creer un nouveau fichier
2025-06-23 02:37:07,468 - DEBUG - Connexion de la fonction au bouton 'Nouveau.'
2025-06-23 02:37:07,469 - DEBUG - Bouton 'Nouveau.' ajoute en position (0, 0)
2025-06-23 02:37:07,470 - INFO - Ajout du bouton 'Ouvrir.'
2025-06-23 02:37:07,470 - DEBUG - Ajout tooltip a 'Ouvrir.': Ouvrir un fichier .md
2025-06-23 02:37:07,471 - DEBUG - Connexion de la fonction au bouton 'Ouvrir.'
2025-06-23 02:37:07,472 - DEBUG - Bouton 'Ouvrir.' ajoute en position (0, 1)
2025-06-23 02:37:07,472 - INFO - Ajout du bouton 'Sauvegarder.'
2025-06-23 02:37:07,473 - DEBUG - Ajout tooltip a 'Sauvegarder.': Sauvegarder le fichier
2025-06-23 02:37:07,474 - DEBUG - Connexion de la fonction au bouton 'Sauvegarder.'
2025-06-23 02:37:07,477 - DEBUG - Bouton 'Sauvegarder.' ajoute en position (1, 0)
2025-06-23 02:37:07,479 - INFO - Ajout du bouton 'Informations.'
2025-06-23 02:37:07,481 - DEBUG - Ajout tooltip a 'Informations.': Afficher les informations du document
2025-06-23 02:37:07,481 - DEBUG - Connexion de la fonction au bouton 'Informations.'
2025-06-23 02:37:07,482 - DEBUG - Bouton 'Informations.' ajoute en position (1, 1)
2025-06-23 02:37:07,483 - DEBUG - Tool1 (fichier) initialise
2025-06-23 02:37:07,483 - INFO - Creation du Tool avec 2 colonnes
2025-06-23 02:37:07,484 - INFO - Ajout du bouton 'G.'
2025-06-23 02:37:07,485 - DEBUG - Ajout tooltip a 'G.': Gras
2025-06-23 02:37:07,485 - DEBUG - Connexion de la fonction au bouton 'G.'
2025-06-23 02:37:07,486 - DEBUG - Bouton 'G.' ajoute en position (0, 0)
2025-06-23 02:37:07,486 - INFO - Ajout du bouton 'I.'
2025-06-23 02:37:07,486 - DEBUG - Ajout tooltip a 'I.': Italique
2025-06-23 02:37:07,487 - DEBUG - Connexion de la fonction au bouton 'I.'
2025-06-23 02:37:07,488 - DEBUG - Bouton 'I.' ajoute en position (0, 1)
2025-06-23 02:37:07,488 - INFO - Ajout du bouton 'S.'
2025-06-23 02:37:07,489 - DEBUG - Ajout tooltip a 'S.': Souligne
2025-06-23 02:37:07,489 - DEBUG - Connexion de la fonction au bouton 'S.'
2025-06-23 02:37:07,490 - DEBUG - Bouton 'S.' ajoute en position (1, 0)
2025-06-23 02:37:07,494 - INFO - Ajout du bouton 'ab.'
2025-06-23 02:37:07,495 - DEBUG - Ajout tooltip a 'ab.': Barre
2025-06-23 02:37:07,496 - DEBUG - Connexion de la fonction au bouton 'ab.'
2025-06-23 02:37:07,496 - DEBUG - Bouton 'ab.' ajoute en position (1, 1)
2025-06-23 02:37:07,497 - DEBUG - Tool2 (styles texte) initialise
2025-06-23 02:37:07,497 - INFO - Creation du Tool avec 2 colonnes
2025-06-23 02:37:07,498 - INFO - Ajout du bouton 'Lien.'
2025-06-23 02:37:07,499 - DEBUG - Ajout icone a 'Lien.': ui/icons/add_link.png
2025-06-23 02:37:07,500 - DEBUG - Ajout tooltip a 'Lien.': Inserer un lien
2025-06-23 02:37:07,500 - DEBUG - Connexion de la fonction au bouton 'Lien.'
2025-06-23 02:37:07,501 - DEBUG - Bouton 'Lien.' ajoute en position (0, 0)
2025-06-23 02:37:07,501 - INFO - Ajout du bouton 'Tableau.'
2025-06-23 02:37:07,502 - DEBUG - Ajout icone a 'Tableau.': ui/icons/table.png
2025-06-23 02:37:07,503 - DEBUG - Ajout tooltip a 'Tableau.': Inserer un tableau
2025-06-23 02:37:07,503 - DEBUG - Connexion de la fonction au bouton 'Tableau.'
2025-06-23 02:37:07,504 - DEBUG - Bouton 'Tableau.' ajoute en position (0, 1)
2025-06-23 02:37:07,505 - INFO - Ajout du bouton 'Image.'
2025-06-23 02:37:07,505 - DEBUG - Ajout icone a 'Image.': ui/icons/add_photo.png
2025-06-23 02:37:07,506 - DEBUG - Ajout tooltip a 'Image.': Inserer une image
2025-06-23 02:37:07,511 - DEBUG - Connexion de la fonction au bouton 'Image.'
2025-06-23 02:37:07,512 - DEBUG - Bouton 'Image.' ajoute en position (1, 0)
2025-06-23 02:37:07,513 - DEBUG - Tool3 (insertion) initialise
2025-06-23 02:37:07,513 - INFO - Creation du Tool avec 2 colonnes
2025-06-23 02:37:07,514 - INFO - Ajout du bouton '.'
2025-06-23 02:37:07,515 - DEBUG - Ajout icone a '.': ui/icons/align_left.png
2025-06-23 02:37:07,516 - DEBUG - Ajout tooltip a '.': Aligner a gauche
2025-06-23 02:37:07,516 - DEBUG - Connexion de la fonction au bouton '.'
2025-06-23 02:37:07,517 - DEBUG - Bouton '.' ajoute en position (0, 0)
2025-06-23 02:37:07,517 - INFO - Ajout du bouton '.'
2025-06-23 02:37:07,518 - DEBUG - Ajout icone a '.': ui/icons/align_center.png
2025-06-23 02:37:07,519 - DEBUG - Ajout tooltip a '.': Centrer le texte
2025-06-23 02:37:07,520 - DEBUG - Connexion de la fonction au bouton '.'
2025-06-23 02:37:07,520 - DEBUG - Bouton '.' ajoute en position (0, 1)
2025-06-23 02:37:07,521 - INFO - Ajout du bouton '.'
2025-06-23 02:37:07,521 - DEBUG - Ajout icone a '.': ui/icons/align_right.png
2025-06-23 02:37:07,522 - DEBUG - Ajout tooltip a '.': Aligner a droite
2025-06-23 02:37:07,522 - DEBUG - Connexion de la fonction au bouton '.'
2025-06-23 02:37:07,526 - DEBUG - Bouton '.' ajoute en position (1, 0)
2025-06-23 02:37:07,528 - INFO - Ajout du bouton '.'
2025-06-23 02:37:07,528 - DEBUG - Ajout icone a '.': ui/icons/align_justify.png
2025-06-23 02:37:07,530 - DEBUG - Ajout tooltip a '.': Justifier le texte
2025-06-23 02:37:07,530 - DEBUG - Connexion de la fonction au bouton '.'
2025-06-23 02:37:07,531 - DEBUG - Bouton '.' ajoute en position (1, 1)
2025-06-23 02:37:07,531 - DEBUG - Tool4 (alignement) initialise
2025-06-23 02:37:07,532 - INFO - Creation du Tool avec 2 colonnes
2025-06-23 02:37:07,533 - INFO - Ajout du bouton '.'
2025-06-23 02:37:07,533 - DEBUG - Ajout icone a '.': ui/icons/indent_decrease.png
2025-06-23 02:37:07,534 - DEBUG - Ajout tooltip a '.': Diminuer le retrait
2025-06-23 02:37:07,535 - DEBUG - Connexion de la fonction au bouton '.'
2025-06-23 02:37:07,535 - DEBUG - Bouton '.' ajoute en position (0, 0)
2025-06-23 02:37:07,536 - INFO - Ajout du bouton '.'
2025-06-23 02:37:07,536 - DEBUG - Ajout icone a '.': ui/icons/indent_increase.png
2025-06-23 02:37:07,537 - DEBUG - Ajout tooltip a '.': Augmenter le retrait
2025-06-23 02:37:07,538 - DEBUG - Connexion de la fonction au bouton '.'
2025-06-23 02:37:07,539 - DEBUG - Bouton '.' ajoute en position (0, 1)
2025-06-23 02:37:07,539 - INFO - Ajout du bouton '.'
2025-06-23 02:37:07,539 - DEBUG - Ajout icone a '.': ui/icons/list_numbered.png
2025-06-23 02:37:07,544 - DEBUG - Ajout tooltip a '.': Creer une liste numerotee
2025-06-23 02:37:07,545 - DEBUG - Connexion de la fonction au bouton '.'
2025-06-23 02:37:07,546 - DEBUG - Bouton '.' ajoute en position (1, 0)
2025-06-23 02:37:07,546 - INFO - Ajout du bouton '.'
2025-06-23 02:37:07,547 - DEBUG - Ajout icone a '.': ui/icons/list_bulleted.png
2025-06-23 02:37:07,548 - DEBUG - Ajout tooltip a '.': Creer une liste a puces
2025-06-23 02:37:07,549 - DEBUG - Connexion de la fonction au bouton '.'
2025-06-23 02:37:07,549 - DEBUG - Bouton '.' ajoute en position (1, 1)
2025-06-23 02:37:07,550 - DEBUG - Tool5 (listes et retraits) initialise
2025-06-23 02:37:07,550 - INFO - Creation du Tool avec 2 colonnes
2025-06-23 02:37:07,551 - INFO - Ajout du bouton '.'
2025-06-23 02:37:07,552 - DEBUG - Ajout icone a '.': ui/icons/paste.png
2025-06-23 02:37:07,553 - DEBUG - Ajout tooltip a '.': Coller
2025-06-23 02:37:07,553 - DEBUG - Connexion de la fonction au bouton '.'
2025-06-23 02:37:07,554 - DEBUG - Bouton '.' ajoute en position (0, 0)
2025-06-23 02:37:07,554 - INFO - Ajout du bouton '.'
2025-06-23 02:37:07,555 - DEBUG - Ajout icone a '.': ui/icons/cut.png
2025-06-23 02:37:07,556 - DEBUG - Ajout tooltip a '.': Couper
2025-06-23 02:37:07,556 - DEBUG - Connexion de la fonction au bouton '.'
2025-06-23 02:37:07,562 - DEBUG - Bouton '.' ajoute en position (0, 1)
2025-06-23 02:37:07,563 - INFO - Ajout du bouton '.'
2025-06-23 02:37:07,563 - DEBUG - Ajout icone a '.': ui/icons/copy.png
2025-06-23 02:37:07,564 - DEBUG - Ajout tooltip a '.': Copier
2025-06-23 02:37:07,564 - DEBUG - Connexion de la fonction au bouton '.'
2025-06-23 02:37:07,565 - DEBUG - Bouton '.' ajoute en position (1, 0)
2025-06-23 02:37:07,565 - DEBUG - Tool6 (edition) initialise
2025-06-23 02:37:07,566 - INFO - Creation du Tool avec 2 colonnes
2025-06-23 02:37:07,566 - INFO - Ajout du bouton 'H1.'
2025-06-23 02:37:07,567 - DEBUG - Ajout tooltip a 'H1.': Titre 1
2025-06-23 02:37:07,567 - DEBUG - Connexion de la fonction au bouton 'H1.'
2025-06-23 02:37:07,568 - DEBUG - Bouton 'H1.' ajoute en position (0, 0)
2025-06-23 02:37:07,569 - INFO - Ajout du bouton 'H2.'
2025-06-23 02:37:07,569 - DEBUG - Ajout tooltip a 'H2.': Titre 2
2025-06-23 02:37:07,570 - DEBUG - Connexion de la fonction au bouton 'H2.'
2025-06-23 02:37:07,571 - DEBUG - Bouton 'H2.' ajoute en position (0, 1)
2025-06-23 02:37:07,571 - INFO - Ajout du bouton 'H3.'
2025-06-23 02:37:07,572 - DEBUG - Ajout tooltip a 'H3.': Titre 3
2025-06-23 02:37:07,572 - DEBUG - Connexion de la fonction au bouton 'H3.'
2025-06-23 02:37:07,573 - DEBUG - Bouton 'H3.' ajoute en position (1, 0)
2025-06-23 02:37:07,573 - INFO - Ajout du bouton 'H4.'
2025-06-23 02:37:07,578 - DEBUG - Ajout tooltip a 'H4.': Titre 4
2025-06-23 02:37:07,578 - DEBUG - Connexion de la fonction au bouton 'H4.'
2025-06-23 02:37:07,579 - DEBUG - Bouton 'H4.' ajoute en position (1, 1)
2025-06-23 02:37:07,579 - DEBUG - Tool7 (titres) initialise
2025-06-23 02:37:07,580 - INFO - Creation du Tool avec 2 colonnes
2025-06-23 02:37:07,581 - INFO - Ajout du bouton '.'
2025-06-23 02:37:07,581 - DEBUG - Ajout icone a '.': ui/icons/note_add.png
2025-06-23 02:37:07,582 - DEBUG - Ajout tooltip a '.': Ajouter une note
2025-06-23 02:37:07,582 - DEBUG - Connexion de la fonction au bouton '.'
2025-06-23 02:37:07,583 - DEBUG - Bouton '.' ajoute en position (0, 0)
2025-06-23 02:37:07,584 - INFO - Ajout du bouton '.'
2025-06-23 02:37:07,584 - DEBUG - Ajout icone a '.': ui/icons/flip.png
2025-06-23 02:37:07,585 - DEBUG - Ajout tooltip a '.': Ajouter une ligne de separateur
2025-06-23 02:37:07,586 - DEBUG - Connexion de la fonction au bouton '.'
2025-06-23 02:37:07,586 - DEBUG - Bouton '.' ajoute en position (0, 1)
2025-06-23 02:37:07,587 - INFO - Ajout du bouton '.'
2025-06-23 02:37:07,587 - DEBUG - Ajout icone a '.': ui/icons/add_reaction.png
2025-06-23 02:37:07,588 - DEBUG - Ajout tooltip a '.': Ajouter un emoji
2025-06-23 02:37:07,589 - DEBUG - Connexion de la fonction au bouton '.'
2025-06-23 02:37:07,590 - DEBUG - Bouton '.' ajoute en position (1, 0)
2025-06-23 02:37:07,593 - DEBUG - Tool8 (ajout de contenu : note, checklist, section, emoji) initialise
2025-06-23 02:37:07,600 - DEBUG - Header configure et widgets ajoutes
