2025-06-22 21:12:48,756 - INFO - Initialisation de la fenetre principale
2025-06-22 21:12:48,758 - DEBUG - Configuration fenetre principale appliquee
2025-06-22 21:12:48,759 - INFO - Initialisation de la barre de titre
2025-06-22 21:12:49,398 - DEBUG - Barre de titre creee
2025-06-22 21:12:49,401 - INFO - Creation du Tool avec 2 colonnes
2025-06-22 21:12:49,402 - INFO - Ajout du bouton 'Nouveau.'
2025-06-22 21:12:49,403 - DEBUG - Ajout tooltip a 'Nouveau.': Creer un nouveau fichier
2025-06-22 21:12:49,404 - DEBUG - Connexion de la fonction au bouton 'Nouveau.'
2025-06-22 21:12:49,404 - DEBUG - Bouton 'Nouveau.' ajoute en position (0, 0)
2025-06-22 21:12:49,408 - INFO - Ajout du bouton 'Ouvrir.'
2025-06-22 21:12:49,408 - DEBUG - Ajout tooltip a 'Ouvrir.': Ouvrir un fichier .md
2025-06-22 21:12:49,408 - DEBUG - Connexion de la fonction au bouton 'Ouvrir.'
2025-06-22 21:12:49,409 - DEBUG - Bouton 'Ouvrir.' ajoute en position (0, 1)
2025-06-22 21:12:49,409 - INFO - Ajout du bouton 'Sauvegarder'
2025-06-22 21:12:49,410 - DEBUG - Ajout tooltip a 'Sauvegarder': Sauvegarder le fichier
2025-06-22 21:12:49,410 - DEBUG - Connexion de la fonction au bouton 'Sauvegarder'
2025-06-22 21:12:49,410 - DEBUG - Bouton 'Sauvegarder' ajoute en position (1, 0)
2025-06-22 21:12:49,411 - INFO - Ajout du bouton 'Informations'
2025-06-22 21:12:49,411 - DEBUG - Ajout tooltip a 'Informations': Afficher les informations du document
2025-06-22 21:12:49,411 - DEBUG - Connexion de la fonction au bouton 'Informations'
2025-06-22 21:12:49,412 - DEBUG - Bouton 'Informations' ajoute en position (1, 1)
2025-06-22 21:12:49,412 - DEBUG - Tool1 (fichier) initialise
2025-06-22 21:12:49,413 - INFO - Creation du Tool avec 2 colonnes
2025-06-22 21:12:49,414 - INFO - Ajout du bouton 'G.'
2025-06-22 21:12:49,414 - DEBUG - Ajout tooltip a 'G.': Gras
2025-06-22 21:12:49,415 - DEBUG - Connexion de la fonction au bouton 'G.'
2025-06-22 21:12:49,416 - DEBUG - Bouton 'G.' ajoute en position (0, 0)
2025-06-22 21:12:49,418 - INFO - Ajout du bouton 'I.'
2025-06-22 21:12:49,419 - DEBUG - Ajout tooltip a 'I.': Italique
2025-06-22 21:12:49,419 - DEBUG - Connexion de la fonction au bouton 'I.'
2025-06-22 21:12:49,420 - DEBUG - Bouton 'I.' ajoute en position (0, 1)
2025-06-22 21:12:49,420 - INFO - Ajout du bouton 'S.'
2025-06-22 21:12:49,421 - DEBUG - Ajout tooltip a 'S.': Souligne
2025-06-22 21:12:49,421 - DEBUG - Connexion de la fonction au bouton 'S.'
2025-06-22 21:12:49,421 - DEBUG - Bouton 'S.' ajoute en position (1, 0)
2025-06-22 21:12:49,422 - INFO - Ajout du bouton 'ab.'
2025-06-22 21:12:49,422 - DEBUG - Ajout tooltip a 'ab.': Barre
2025-06-22 21:12:49,426 - DEBUG - Connexion de la fonction au bouton 'ab.'
2025-06-22 21:12:49,426 - DEBUG - Bouton 'ab.' ajoute en position (1, 1)
2025-06-22 21:12:49,427 - DEBUG - Tool2 (styles texte) initialise
2025-06-22 21:12:49,428 - INFO - Creation du Tool avec 2 colonnes
2025-06-22 21:12:49,428 - INFO - Ajout du bouton 'Lien.'
2025-06-22 21:12:49,429 - DEBUG - Ajout icone a 'Lien.': ui/icons/add_link.png
2025-06-22 21:12:49,430 - DEBUG - Ajout tooltip a 'Lien.': Inserer un lien
2025-06-22 21:12:49,431 - DEBUG - Connexion de la fonction au bouton 'Lien.'
2025-06-22 21:12:49,431 - DEBUG - Bouton 'Lien.' ajoute en position (0, 0)
2025-06-22 21:12:49,432 - INFO - Ajout du bouton 'Tableau.'
2025-06-22 21:12:49,435 - DEBUG - Ajout icone a 'Tableau.': ui/icons/table.png
2025-06-22 21:12:49,437 - DEBUG - Ajout tooltip a 'Tableau.': Inserer un tableau
2025-06-22 21:12:49,438 - DEBUG - Connexion de la fonction au bouton 'Tableau.'
2025-06-22 21:12:49,439 - DEBUG - Bouton 'Tableau.' ajoute en position (0, 1)
2025-06-22 21:12:49,440 - INFO - Ajout du bouton 'Image.'
2025-06-22 21:12:49,440 - DEBUG - Ajout icone a 'Image.': ui/icons/add_photo.png
2025-06-22 21:12:49,442 - DEBUG - Ajout tooltip a 'Image.': Inserer une image
2025-06-22 21:12:49,442 - DEBUG - Connexion de la fonction au bouton 'Image.'
2025-06-22 21:12:49,443 - DEBUG - Bouton 'Image.' ajoute en position (1, 0)
2025-06-22 21:12:49,443 - DEBUG - Tool3 (insertion) initialise
2025-06-22 21:12:49,444 - INFO - Creation du Tool avec 2 colonnes
2025-06-22 21:12:49,444 - INFO - Ajout du bouton ''
2025-06-22 21:12:49,444 - DEBUG - Ajout icone a '': ui/icons/align_left.png
2025-06-22 21:12:49,445 - DEBUG - Ajout tooltip a '': Aligner a gauche
2025-06-22 21:12:49,446 - DEBUG - Connexion de la fonction au bouton ''
2025-06-22 21:12:49,446 - DEBUG - Bouton '' ajoute en position (0, 0)
2025-06-22 21:12:49,447 - INFO - Ajout du bouton ''
2025-06-22 21:12:49,447 - DEBUG - Ajout icone a '': ui/icons/align_center.png
2025-06-22 21:12:49,448 - DEBUG - Ajout tooltip a '': Centrer le texte
2025-06-22 21:12:49,448 - DEBUG - Connexion de la fonction au bouton ''
2025-06-22 21:12:49,453 - DEBUG - Bouton '' ajoute en position (0, 1)
2025-06-22 21:12:49,454 - INFO - Ajout du bouton ''
2025-06-22 21:12:49,455 - DEBUG - Ajout icone a '': ui/icons/align_right.png
2025-06-22 21:12:49,456 - DEBUG - Ajout tooltip a '': Aligner a droite
2025-06-22 21:12:49,456 - DEBUG - Connexion de la fonction au bouton ''
2025-06-22 21:12:49,457 - DEBUG - Bouton '' ajoute en position (1, 0)
2025-06-22 21:12:49,457 - INFO - Ajout du bouton ''
2025-06-22 21:12:49,458 - DEBUG - Ajout icone a '': ui/icons/align_justify.png
2025-06-22 21:12:49,458 - DEBUG - Ajout tooltip a '': Justifier le texte
2025-06-22 21:12:49,459 - DEBUG - Connexion de la fonction au bouton ''
2025-06-22 21:12:49,459 - DEBUG - Bouton '' ajoute en position (1, 1)
2025-06-22 21:12:49,460 - DEBUG - Tool4 (alignement) initialise
2025-06-22 21:12:49,460 - INFO - Creation du Tool avec 2 colonnes
2025-06-22 21:12:49,461 - INFO - Ajout du bouton ''
2025-06-22 21:12:49,461 - DEBUG - Ajout icone a '': ui/icons/indent_decrease.png
2025-06-22 21:12:49,462 - DEBUG - Ajout tooltip a '': Diminuer le retrait
2025-06-22 21:12:49,462 - DEBUG - Connexion de la fonction au bouton ''
2025-06-22 21:12:49,463 - DEBUG - Bouton '' ajoute en position (0, 0)
2025-06-22 21:12:49,463 - INFO - Ajout du bouton ''
2025-06-22 21:12:49,463 - DEBUG - Ajout icone a '': ui/icons/indent_increase.png
2025-06-22 21:12:49,464 - DEBUG - Ajout tooltip a '': Augmenter le retrait
2025-06-22 21:12:49,465 - DEBUG - Connexion de la fonction au bouton ''
2025-06-22 21:12:49,470 - DEBUG - Bouton '' ajoute en position (0, 1)
2025-06-22 21:12:49,472 - INFO - Ajout du bouton ''
2025-06-22 21:12:49,472 - DEBUG - Ajout icone a '': ui/icons/list_numbered.png
2025-06-22 21:12:49,473 - DEBUG - Ajout tooltip a '': Creer une liste numerotee
2025-06-22 21:12:49,474 - DEBUG - Connexion de la fonction au bouton ''
2025-06-22 21:12:49,474 - DEBUG - Bouton '' ajoute en position (1, 0)
2025-06-22 21:12:49,475 - INFO - Ajout du bouton ''
2025-06-22 21:12:49,476 - DEBUG - Ajout icone a '': ui/icons/list_bulleted.png
2025-06-22 21:12:49,477 - DEBUG - Ajout tooltip a '': Creer une liste a puces
2025-06-22 21:12:49,477 - DEBUG - Connexion de la fonction au bouton ''
2025-06-22 21:12:49,478 - DEBUG - Bouton '' ajoute en position (1, 1)
2025-06-22 21:12:49,478 - DEBUG - Tool5 (listes et retraits) initialise
2025-06-22 21:12:49,478 - INFO - Creation du Tool avec 2 colonnes
2025-06-22 21:12:49,479 - INFO - Ajout du bouton '.'
2025-06-22 21:12:49,479 - DEBUG - Ajout icone a '.': ui/icons/paste.png
2025-06-22 21:12:49,480 - DEBUG - Ajout tooltip a '.': Coller
2025-06-22 21:12:49,481 - DEBUG - Connexion de la fonction au bouton '.'
2025-06-22 21:12:49,484 - DEBUG - Bouton '.' ajoute en position (0, 0)
2025-06-22 21:12:49,486 - INFO - Ajout du bouton '.'
2025-06-22 21:12:49,487 - DEBUG - Ajout icone a '.': ui/icons/cut.png
2025-06-22 21:12:49,488 - DEBUG - Ajout tooltip a '.': Couper
2025-06-22 21:12:49,488 - DEBUG - Connexion de la fonction au bouton '.'
2025-06-22 21:12:49,489 - DEBUG - Bouton '.' ajoute en position (0, 1)
2025-06-22 21:12:49,490 - INFO - Ajout du bouton '.'
2025-06-22 21:12:49,490 - DEBUG - Ajout icone a '.': ui/icons/copy.png
2025-06-22 21:12:49,491 - DEBUG - Ajout tooltip a '.': Copier
2025-06-22 21:12:49,491 - DEBUG - Connexion de la fonction au bouton '.'
2025-06-22 21:12:49,492 - DEBUG - Bouton '.' ajoute en position (1, 0)
2025-06-22 21:12:49,492 - INFO - Ajout du bouton ''
2025-06-22 21:12:49,493 - DEBUG - Ajout icone a '': ui/icons/paint.png
2025-06-22 21:12:49,494 - DEBUG - Ajout tooltip a '': Appliquer le style (pinceau)
2025-06-22 21:12:49,494 - DEBUG - Connexion de la fonction au bouton ''
2025-06-22 21:12:49,495 - DEBUG - Bouton '' ajoute en position (1, 1)
2025-06-22 21:12:49,495 - DEBUG - Tool6 (edition) initialise
2025-06-22 21:12:49,495 - INFO - Creation du Tool avec 2 colonnes
2025-06-22 21:12:49,496 - INFO - Ajout du bouton 'H1.'
2025-06-22 21:12:49,496 - DEBUG - Ajout tooltip a 'H1.': Titre 1
2025-06-22 21:12:49,497 - DEBUG - Connexion de la fonction au bouton 'H1.'
2025-06-22 21:12:49,497 - DEBUG - Bouton 'H1.' ajoute en position (0, 0)
2025-06-22 21:12:49,498 - INFO - Ajout du bouton 'H2.'
2025-06-22 21:12:49,498 - DEBUG - Ajout tooltip a 'H2.': Titre 2
2025-06-22 21:12:49,502 - DEBUG - Connexion de la fonction au bouton 'H2.'
2025-06-22 21:12:49,505 - DEBUG - Bouton 'H2.' ajoute en position (0, 1)
2025-06-22 21:12:49,505 - INFO - Ajout du bouton 'H3.'
2025-06-22 21:12:49,505 - DEBUG - Ajout tooltip a 'H3.': Titre 3
2025-06-22 21:12:49,506 - DEBUG - Connexion de la fonction au bouton 'H3.'
2025-06-22 21:12:49,506 - DEBUG - Bouton 'H3.' ajoute en position (1, 0)
2025-06-22 21:12:49,507 - INFO - Ajout du bouton 'H4.'
2025-06-22 21:12:49,507 - DEBUG - Ajout tooltip a 'H4.': Titre 4
2025-06-22 21:12:49,508 - DEBUG - Connexion de la fonction au bouton 'H4.'
2025-06-22 21:12:49,508 - DEBUG - Bouton 'H4.' ajoute en position (1, 1)
2025-06-22 21:12:49,509 - DEBUG - Tool7 (titres) initialise
2025-06-22 21:12:49,509 - INFO - Creation du Tool avec 2 colonnes
2025-06-22 21:12:49,510 - INFO - Ajout du bouton '.'
2025-06-22 21:12:49,511 - DEBUG - Ajout icone a '.': ui/icons/note_add.png
2025-06-22 21:12:49,512 - DEBUG - Ajout tooltip a '.': Ajouter une note
2025-06-22 21:12:49,512 - DEBUG - Connexion de la fonction au bouton '.'
2025-06-22 21:12:49,513 - DEBUG - Bouton '.' ajoute en position (0, 0)
2025-06-22 21:12:49,513 - INFO - Ajout du bouton ''
2025-06-22 21:12:49,513 - DEBUG - Ajout icone a '': ui/icons/checklist.png
2025-06-22 21:12:49,514 - DEBUG - Ajout tooltip a '': Ajouter une checklist
2025-06-22 21:12:49,515 - DEBUG - Connexion de la fonction au bouton ''
2025-06-22 21:12:49,518 - DEBUG - Bouton '' ajoute en position (0, 1)
2025-06-22 21:12:49,520 - INFO - Ajout du bouton '.'
2025-06-22 21:12:49,521 - DEBUG - Ajout icone a '.': ui/icons/flip.png
2025-06-22 21:12:49,523 - DEBUG - Ajout tooltip a '.': Ajouter une ligne de separateur
2025-06-22 21:12:49,524 - DEBUG - Connexion de la fonction au bouton '.'
2025-06-22 21:12:49,524 - DEBUG - Bouton '.' ajoute en position (1, 0)
2025-06-22 21:12:49,525 - INFO - Ajout du bouton '.'
2025-06-22 21:12:49,525 - DEBUG - Ajout icone a '.': ui/icons/add_reaction.png
2025-06-22 21:12:49,526 - DEBUG - Ajout tooltip a '.': Ajouter un emoji
2025-06-22 21:12:49,526 - DEBUG - Connexion de la fonction au bouton '.'
2025-06-22 21:12:49,527 - DEBUG - Bouton '.' ajoute en position (1, 1)
2025-06-22 21:12:49,527 - DEBUG - Tool8 (ajout de contenu : note, checklist, section, emoji) initialise
2025-06-22 21:12:49,537 - DEBUG - Header configure et widgets ajoutes
2025-06-22 21:12:49,543 - DEBUG - editeur de texte initialise
2025-06-22 21:12:49,544 - DEBUG - Container central configure
2025-06-22 21:12:49,545 - DEBUG - Footer configure
2025-06-22 21:12:49,556 - INFO - Initialisation complete de la fenetre principale terminee
2025-06-22 21:12:53,657 - DEBUG - Etat des boutons mis a jour
2025-06-22 21:12:59,021 - DEBUG - Fenetre reduite
2025-06-22 21:13:20,797 - DEBUG - Application fermee
