2025-06-23 02:16:27,379 - INFO - Initialisation de la fenetre principale
2025-06-23 02:16:27,383 - DEBUG - Configuration fenetre principale appliquee
2025-06-23 02:16:27,385 - INFO - Initialisation de la barre de titre
2025-06-23 02:16:28,806 - DEBUG - Barre de titre creee
2025-06-23 02:16:28,807 - INFO - Creation du Tool avec 2 colonnes
2025-06-23 02:16:28,808 - INFO - Ajout du bouton 'Nouveau.'
2025-06-23 02:16:28,809 - DEBUG - Ajout tooltip a 'Nouveau.': Creer un nouveau fichier
2025-06-23 02:16:28,810 - DEBUG - Connexion de la fonction au bouton 'Nouveau.'
2025-06-23 02:16:28,811 - DEBUG - Bouton 'Nouveau.' ajoute en position (0, 0)
2025-06-23 02:16:28,815 - INFO - Ajout du bouton 'Ouvrir.'
2025-06-23 02:16:28,816 - DEBUG - Ajout tooltip a 'Ouvrir.': Ouvrir un fichier .md
2025-06-23 02:16:28,825 - DEBUG - Connexion de la fonction au bouton 'Ouvrir.'
2025-06-23 02:16:28,826 - DEBUG - Bouton 'Ouvrir.' ajoute en position (0, 1)
2025-06-23 02:16:28,828 - INFO - Ajout du bouton 'Sauvegarder.'
2025-06-23 02:16:28,829 - DEBUG - Ajout tooltip a 'Sauvegarder.': Sauvegarder le fichier
2025-06-23 02:16:28,830 - DEBUG - Connexion de la fonction au bouton 'Sauvegarder.'
2025-06-23 02:16:28,831 - DEBUG - Bouton 'Sauvegarder.' ajoute en position (1, 0)
2025-06-23 02:16:28,832 - INFO - Ajout du bouton 'Informations.'
2025-06-23 02:16:28,832 - DEBUG - Ajout tooltip a 'Informations.': Afficher les informations du document
2025-06-23 02:16:28,833 - DEBUG - Connexion de la fonction au bouton 'Informations.'
2025-06-23 02:16:28,839 - DEBUG - Bouton 'Informations.' ajoute en position (1, 1)
2025-06-23 02:16:28,840 - DEBUG - Tool1 (fichier) initialise
2025-06-23 02:16:28,843 - INFO - Creation du Tool avec 2 colonnes
2025-06-23 02:16:28,846 - INFO - Ajout du bouton 'G.'
2025-06-23 02:16:28,847 - DEBUG - Ajout tooltip a 'G.': Gras
2025-06-23 02:16:28,847 - DEBUG - Connexion de la fonction au bouton 'G.'
2025-06-23 02:16:28,849 - DEBUG - Bouton 'G.' ajoute en position (0, 0)
2025-06-23 02:16:28,849 - INFO - Ajout du bouton 'I.'
2025-06-23 02:16:28,855 - DEBUG - Ajout tooltip a 'I.': Italique
2025-06-23 02:16:28,860 - DEBUG - Connexion de la fonction au bouton 'I.'
2025-06-23 02:16:28,861 - DEBUG - Bouton 'I.' ajoute en position (0, 1)
2025-06-23 02:16:28,862 - INFO - Ajout du bouton 'S.'
2025-06-23 02:16:28,862 - DEBUG - Ajout tooltip a 'S.': Souligne
2025-06-23 02:16:28,863 - DEBUG - Connexion de la fonction au bouton 'S.'
2025-06-23 02:16:28,864 - DEBUG - Bouton 'S.' ajoute en position (1, 0)
2025-06-23 02:16:28,865 - INFO - Ajout du bouton 'ab.'
2025-06-23 02:16:28,865 - DEBUG - Ajout tooltip a 'ab.': Barre
2025-06-23 02:16:28,866 - DEBUG - Connexion de la fonction au bouton 'ab.'
2025-06-23 02:16:28,874 - DEBUG - Bouton 'ab.' ajoute en position (1, 1)
2025-06-23 02:16:28,875 - DEBUG - Tool2 (styles texte) initialise
2025-06-23 02:16:28,876 - INFO - Creation du Tool avec 2 colonnes
2025-06-23 02:16:28,877 - INFO - Ajout du bouton 'Lien.'
2025-06-23 02:16:28,877 - DEBUG - Ajout icone a 'Lien.': ui/icons/add_link.png
2025-06-23 02:16:28,879 - DEBUG - Ajout tooltip a 'Lien.': Inserer un lien
2025-06-23 02:16:28,879 - DEBUG - Connexion de la fonction au bouton 'Lien.'
2025-06-23 02:16:28,880 - DEBUG - Bouton 'Lien.' ajoute en position (0, 0)
2025-06-23 02:16:28,881 - INFO - Ajout du bouton 'Tableau.'
2025-06-23 02:16:28,882 - DEBUG - Ajout icone a 'Tableau.': ui/icons/table.png
2025-06-23 02:16:28,889 - DEBUG - Ajout tooltip a 'Tableau.': Inserer un tableau
2025-06-23 02:16:28,896 - DEBUG - Connexion de la fonction au bouton 'Tableau.'
2025-06-23 02:16:28,897 - DEBUG - Bouton 'Tableau.' ajoute en position (0, 1)
2025-06-23 02:16:28,898 - INFO - Ajout du bouton 'Image.'
2025-06-23 02:16:28,898 - DEBUG - Ajout icone a 'Image.': ui/icons/add_photo.png
2025-06-23 02:16:28,900 - DEBUG - Ajout tooltip a 'Image.': Inserer une image
2025-06-23 02:16:28,908 - DEBUG - Connexion de la fonction au bouton 'Image.'
2025-06-23 02:16:28,909 - DEBUG - Bouton 'Image.' ajoute en position (1, 0)
2025-06-23 02:16:28,910 - DEBUG - Tool3 (insertion) initialise
2025-06-23 02:16:28,911 - INFO - Creation du Tool avec 2 colonnes
2025-06-23 02:16:28,911 - INFO - Ajout du bouton '.'
2025-06-23 02:16:28,912 - DEBUG - Ajout icone a '.': ui/icons/align_left.png
2025-06-23 02:16:28,914 - DEBUG - Ajout tooltip a '.': Aligner a gauche
2025-06-23 02:16:28,915 - DEBUG - Connexion de la fonction au bouton '.'
2025-06-23 02:16:28,915 - DEBUG - Bouton '.' ajoute en position (0, 0)
2025-06-23 02:16:28,916 - INFO - Ajout du bouton '.'
2025-06-23 02:16:28,916 - DEBUG - Ajout icone a '.': ui/icons/align_center.png
2025-06-23 02:16:28,930 - DEBUG - Ajout tooltip a '.': Centrer le texte
2025-06-23 02:16:28,931 - DEBUG - Connexion de la fonction au bouton '.'
2025-06-23 02:16:28,932 - DEBUG - Bouton '.' ajoute en position (0, 1)
2025-06-23 02:16:28,932 - INFO - Ajout du bouton '.'
2025-06-23 02:16:28,933 - DEBUG - Ajout icone a '.': ui/icons/align_right.png
2025-06-23 02:16:28,942 - DEBUG - Ajout tooltip a '.': Aligner a droite
2025-06-23 02:16:28,943 - DEBUG - Connexion de la fonction au bouton '.'
2025-06-23 02:16:28,944 - DEBUG - Bouton '.' ajoute en position (1, 0)
2025-06-23 02:16:28,945 - INFO - Ajout du bouton '.'
2025-06-23 02:16:28,946 - DEBUG - Ajout icone a '.': ui/icons/align_justify.png
2025-06-23 02:16:28,948 - DEBUG - Ajout tooltip a '.': Justifier le texte
2025-06-23 02:16:28,948 - DEBUG - Connexion de la fonction au bouton '.'
2025-06-23 02:16:28,949 - DEBUG - Bouton '.' ajoute en position (1, 1)
2025-06-23 02:16:28,949 - DEBUG - Tool4 (alignement) initialise
2025-06-23 02:16:28,950 - INFO - Creation du Tool avec 2 colonnes
2025-06-23 02:16:28,961 - INFO - Ajout du bouton ''
2025-06-23 02:16:28,961 - DEBUG - Ajout icone a '': ui/icons/indent_decrease.png
2025-06-23 02:16:28,963 - DEBUG - Ajout tooltip a '': Diminuer le retrait
2025-06-23 02:16:28,963 - DEBUG - Connexion de la fonction au bouton ''
2025-06-23 02:16:28,964 - DEBUG - Bouton '' ajoute en position (0, 0)
2025-06-23 02:16:28,965 - INFO - Ajout du bouton ''
2025-06-23 02:16:28,966 - DEBUG - Ajout icone a '': ui/icons/indent_increase.png
2025-06-23 02:16:28,976 - DEBUG - Ajout tooltip a '': Augmenter le retrait
2025-06-23 02:16:28,978 - DEBUG - Connexion de la fonction au bouton ''
2025-06-23 02:16:28,978 - DEBUG - Bouton '' ajoute en position (0, 1)
2025-06-23 02:16:28,979 - INFO - Ajout du bouton '.'
2025-06-23 02:16:28,979 - DEBUG - Ajout icone a '.': ui/icons/list_numbered.png
2025-06-23 02:16:28,981 - DEBUG - Ajout tooltip a '.': Creer une liste numerotee
2025-06-23 02:16:28,982 - DEBUG - Connexion de la fonction au bouton '.'
2025-06-23 02:16:28,983 - DEBUG - Bouton '.' ajoute en position (1, 0)
2025-06-23 02:16:28,992 - INFO - Ajout du bouton '.'
2025-06-23 02:16:28,993 - DEBUG - Ajout icone a '.': ui/icons/list_bulleted.png
2025-06-23 02:16:28,995 - DEBUG - Ajout tooltip a '.': Creer une liste a puces
2025-06-23 02:16:28,996 - DEBUG - Connexion de la fonction au bouton '.'
2025-06-23 02:16:28,997 - DEBUG - Bouton '.' ajoute en position (1, 1)
2025-06-23 02:16:28,999 - DEBUG - Tool5 (listes et retraits) initialise
2025-06-23 02:16:29,009 - INFO - Creation du Tool avec 2 colonnes
2025-06-23 02:16:29,010 - INFO - Ajout du bouton '.'
2025-06-23 02:16:29,011 - DEBUG - Ajout icone a '.': ui/icons/paste.png
2025-06-23 02:16:29,012 - DEBUG - Ajout tooltip a '.': Coller
2025-06-23 02:16:29,013 - DEBUG - Connexion de la fonction au bouton '.'
2025-06-23 02:16:29,016 - DEBUG - Bouton '.' ajoute en position (0, 0)
2025-06-23 02:16:29,016 - INFO - Ajout du bouton '.'
2025-06-23 02:16:29,025 - DEBUG - Ajout icone a '.': ui/icons/cut.png
2025-06-23 02:16:29,028 - DEBUG - Ajout tooltip a '.': Couper
2025-06-23 02:16:29,029 - DEBUG - Connexion de la fonction au bouton '.'
2025-06-23 02:16:29,031 - DEBUG - Bouton '.' ajoute en position (0, 1)
2025-06-23 02:16:29,032 - INFO - Ajout du bouton '.'
2025-06-23 02:16:29,042 - DEBUG - Ajout icone a '.': ui/icons/copy.png
2025-06-23 02:16:29,046 - DEBUG - Ajout tooltip a '.': Copier
2025-06-23 02:16:29,047 - DEBUG - Connexion de la fonction au bouton '.'
2025-06-23 02:16:29,049 - DEBUG - Bouton '.' ajoute en position (1, 0)
2025-06-23 02:16:29,049 - INFO - Ajout du bouton ''
2025-06-23 02:16:29,058 - DEBUG - Ajout icone a '': ui/icons/paint.png
2025-06-23 02:16:29,061 - DEBUG - Ajout tooltip a '': Appliquer le style (pinceau)
2025-06-23 02:16:29,062 - DEBUG - Connexion de la fonction au bouton ''
2025-06-23 02:16:29,064 - DEBUG - Bouton '' ajoute en position (1, 1)
2025-06-23 02:16:29,065 - DEBUG - Tool6 (edition) initialise
2025-06-23 02:16:29,066 - INFO - Creation du Tool avec 2 colonnes
2025-06-23 02:16:29,066 - INFO - Ajout du bouton 'H1.'
2025-06-23 02:16:29,077 - DEBUG - Ajout tooltip a 'H1.': Titre 1
2025-06-23 02:16:29,078 - DEBUG - Connexion de la fonction au bouton 'H1.'
2025-06-23 02:16:29,079 - DEBUG - Bouton 'H1.' ajoute en position (0, 0)
2025-06-23 02:16:29,080 - INFO - Ajout du bouton 'H2.'
2025-06-23 02:16:29,080 - DEBUG - Ajout tooltip a 'H2.': Titre 2
2025-06-23 02:16:29,081 - DEBUG - Connexion de la fonction au bouton 'H2.'
2025-06-23 02:16:29,083 - DEBUG - Bouton 'H2.' ajoute en position (0, 1)
2025-06-23 02:16:29,083 - INFO - Ajout du bouton 'H3.'
2025-06-23 02:16:29,091 - DEBUG - Ajout tooltip a 'H3.': Titre 3
2025-06-23 02:16:29,092 - DEBUG - Connexion de la fonction au bouton 'H3.'
2025-06-23 02:16:29,093 - DEBUG - Bouton 'H3.' ajoute en position (1, 0)
2025-06-23 02:16:29,093 - INFO - Ajout du bouton 'H4.'
2025-06-23 02:16:29,094 - DEBUG - Ajout tooltip a 'H4.': Titre 4
2025-06-23 02:16:29,095 - DEBUG - Connexion de la fonction au bouton 'H4.'
2025-06-23 02:16:29,096 - DEBUG - Bouton 'H4.' ajoute en position (1, 1)
2025-06-23 02:16:29,096 - DEBUG - Tool7 (titres) initialise
2025-06-23 02:16:29,097 - INFO - Creation du Tool avec 2 colonnes
2025-06-23 02:16:29,098 - INFO - Ajout du bouton '.'
2025-06-23 02:16:29,098 - DEBUG - Ajout icone a '.': ui/icons/note_add.png
2025-06-23 02:16:29,106 - DEBUG - Ajout tooltip a '.': Ajouter une note
2025-06-23 02:16:29,108 - DEBUG - Connexion de la fonction au bouton '.'
2025-06-23 02:16:29,109 - DEBUG - Bouton '.' ajoute en position (0, 0)
2025-06-23 02:16:29,109 - INFO - Ajout du bouton ''
2025-06-23 02:16:29,110 - DEBUG - Ajout icone a '': ui/icons/checklist.png
2025-06-23 02:16:29,111 - DEBUG - Ajout tooltip a '': Ajouter une checklist
2025-06-23 02:16:29,113 - DEBUG - Connexion de la fonction au bouton ''
2025-06-23 02:16:29,113 - DEBUG - Bouton '' ajoute en position (0, 1)
2025-06-23 02:16:29,114 - INFO - Ajout du bouton '.'
2025-06-23 02:16:29,114 - DEBUG - Ajout icone a '.': ui/icons/flip.png
2025-06-23 02:16:29,115 - DEBUG - Ajout tooltip a '.': Ajouter une ligne de separateur
2025-06-23 02:16:29,116 - DEBUG - Connexion de la fonction au bouton '.'
2025-06-23 02:16:29,124 - DEBUG - Bouton '.' ajoute en position (1, 0)
2025-06-23 02:16:29,126 - INFO - Ajout du bouton '.'
2025-06-23 02:16:29,127 - DEBUG - Ajout icone a '.': ui/icons/add_reaction.png
2025-06-23 02:16:29,128 - DEBUG - Ajout tooltip a '.': Ajouter un emoji
2025-06-23 02:16:29,129 - DEBUG - Connexion de la fonction au bouton '.'
2025-06-23 02:16:29,129 - DEBUG - Bouton '.' ajoute en position (1, 1)
2025-06-23 02:16:29,130 - DEBUG - Tool8 (ajout de contenu : note, checklist, section, emoji) initialise
2025-06-23 02:16:29,159 - DEBUG - Header configure et widgets ajoutes
2025-06-23 02:16:29,177 - DEBUG - editeur de texte initialise
2025-06-23 02:16:29,179 - DEBUG - Container central configure
2025-06-23 02:16:29,180 - DEBUG - Footer configure
2025-06-23 02:16:29,197 - INFO - Initialisation complete de la fenetre principale terminee
2025-06-23 02:16:58,973 - DEBUG - Application fermee
