2025-06-22 21:36:20,681 - INFO - Initialisation de la fenetre principale
2025-06-22 21:36:20,684 - DEBUG - Configuration fenetre principale appliquee
2025-06-22 21:36:20,685 - INFO - Initialisation de la barre de titre
2025-06-22 21:36:21,324 - DEBUG - Barre de titre creee
2025-06-22 21:36:21,324 - INFO - Creation du Tool avec 2 colonnes
2025-06-22 21:36:21,325 - INFO - Ajout du bouton 'Nouveau.'
2025-06-22 21:36:21,325 - DEBUG - Ajout tooltip a 'Nouveau.': Creer un nouveau fichier
2025-06-22 21:36:21,326 - DEBUG - Connexion de la fonction au bouton 'Nouveau.'
2025-06-22 21:36:21,326 - DEBUG - Bouton 'Nouveau.' ajoute en position (0, 0)
2025-06-22 21:36:21,330 - INFO - Ajout du bouton 'Ouvrir.'
2025-06-22 21:36:21,330 - DEBUG - Ajout tooltip a 'Ouvrir.': Ouvrir un fichier .md
2025-06-22 21:36:21,331 - DEBUG - Connexion de la fonction au bouton 'Ouvrir.'
2025-06-22 21:36:21,332 - DEBUG - Bouton 'Ouvrir.' ajoute en position (0, 1)
2025-06-22 21:36:21,332 - INFO - Ajout du bouton 'Sauvegarder.'
2025-06-22 21:36:21,333 - DEBUG - Ajout tooltip a 'Sauvegarder.': Sauvegarder le fichier
2025-06-22 21:36:21,335 - DEBUG - Connexion de la fonction au bouton 'Sauvegarder.'
2025-06-22 21:36:21,336 - DEBUG - Bouton 'Sauvegarder.' ajoute en position (1, 0)
2025-06-22 21:36:21,337 - INFO - Ajout du bouton 'Informations.'
2025-06-22 21:36:21,337 - DEBUG - Ajout tooltip a 'Informations.': Afficher les informations du document
2025-06-22 21:36:21,338 - DEBUG - Connexion de la fonction au bouton 'Informations.'
2025-06-22 21:36:21,338 - DEBUG - Bouton 'Informations.' ajoute en position (1, 1)
2025-06-22 21:36:21,339 - DEBUG - Tool1 (fichier) initialise
2025-06-22 21:36:21,339 - INFO - Creation du Tool avec 2 colonnes
2025-06-22 21:36:21,341 - INFO - Ajout du bouton 'G.'
2025-06-22 21:36:21,342 - DEBUG - Ajout tooltip a 'G.': Gras
2025-06-22 21:36:21,343 - DEBUG - Connexion de la fonction au bouton 'G.'
2025-06-22 21:36:21,343 - DEBUG - Bouton 'G.' ajoute en position (0, 0)
2025-06-22 21:36:21,344 - INFO - Ajout du bouton 'I.'
2025-06-22 21:36:21,344 - DEBUG - Ajout tooltip a 'I.': Italique
2025-06-22 21:36:21,345 - DEBUG - Connexion de la fonction au bouton 'I.'
2025-06-22 21:36:21,345 - DEBUG - Bouton 'I.' ajoute en position (0, 1)
2025-06-22 21:36:21,346 - INFO - Ajout du bouton 'S.'
2025-06-22 21:36:21,346 - DEBUG - Ajout tooltip a 'S.': Souligne
2025-06-22 21:36:21,347 - DEBUG - Connexion de la fonction au bouton 'S.'
2025-06-22 21:36:21,348 - DEBUG - Bouton 'S.' ajoute en position (1, 0)
2025-06-22 21:36:21,348 - INFO - Ajout du bouton 'ab.'
2025-06-22 21:36:21,349 - DEBUG - Ajout tooltip a 'ab.': Barre
2025-06-22 21:36:21,349 - DEBUG - Connexion de la fonction au bouton 'ab.'
2025-06-22 21:36:21,352 - DEBUG - Bouton 'ab.' ajoute en position (1, 1)
2025-06-22 21:36:21,353 - DEBUG - Tool2 (styles texte) initialise
2025-06-22 21:36:21,354 - INFO - Creation du Tool avec 2 colonnes
2025-06-22 21:36:21,355 - INFO - Ajout du bouton 'Lien.'
2025-06-22 21:36:21,356 - DEBUG - Ajout icone a 'Lien.': ui/icons/add_link.png
2025-06-22 21:36:21,359 - DEBUG - Ajout tooltip a 'Lien.': Inserer un lien
2025-06-22 21:36:21,360 - DEBUG - Connexion de la fonction au bouton 'Lien.'
2025-06-22 21:36:21,361 - DEBUG - Bouton 'Lien.' ajoute en position (0, 0)
2025-06-22 21:36:21,361 - INFO - Ajout du bouton 'Tableau.'
2025-06-22 21:36:21,362 - DEBUG - Ajout icone a 'Tableau.': ui/icons/table.png
2025-06-22 21:36:21,363 - DEBUG - Ajout tooltip a 'Tableau.': Inserer un tableau
2025-06-22 21:36:21,363 - DEBUG - Connexion de la fonction au bouton 'Tableau.'
2025-06-22 21:36:21,364 - DEBUG - Bouton 'Tableau.' ajoute en position (0, 1)
2025-06-22 21:36:21,365 - INFO - Ajout du bouton 'Image.'
2025-06-22 21:36:21,365 - DEBUG - Ajout icone a 'Image.': ui/icons/add_photo.png
2025-06-22 21:36:21,369 - DEBUG - Ajout tooltip a 'Image.': Inserer une image
2025-06-22 21:36:21,371 - DEBUG - Connexion de la fonction au bouton 'Image.'
2025-06-22 21:36:21,372 - DEBUG - Bouton 'Image.' ajoute en position (1, 0)
2025-06-22 21:36:21,373 - DEBUG - Tool3 (insertion) initialise
2025-06-22 21:36:21,375 - INFO - Creation du Tool avec 2 colonnes
2025-06-22 21:36:21,376 - INFO - Ajout du bouton ''
2025-06-22 21:36:21,377 - DEBUG - Ajout icone a '': ui/icons/align_left.png
2025-06-22 21:36:21,378 - DEBUG - Ajout tooltip a '': Aligner a gauche
2025-06-22 21:36:21,379 - DEBUG - Connexion de la fonction au bouton ''
2025-06-22 21:36:21,380 - DEBUG - Bouton '' ajoute en position (0, 0)
2025-06-22 21:36:21,381 - INFO - Ajout du bouton ''
2025-06-22 21:36:21,382 - DEBUG - Ajout icone a '': ui/icons/align_center.png
2025-06-22 21:36:21,387 - DEBUG - Ajout tooltip a '': Centrer le texte
2025-06-22 21:36:21,389 - DEBUG - Connexion de la fonction au bouton ''
2025-06-22 21:36:21,390 - DEBUG - Bouton '' ajoute en position (0, 1)
2025-06-22 21:36:21,390 - INFO - Ajout du bouton ''
2025-06-22 21:36:21,391 - DEBUG - Ajout icone a '': ui/icons/align_right.png
2025-06-22 21:36:21,392 - DEBUG - Ajout tooltip a '': Aligner a droite
2025-06-22 21:36:21,392 - DEBUG - Connexion de la fonction au bouton ''
2025-06-22 21:36:21,392 - DEBUG - Bouton '' ajoute en position (1, 0)
2025-06-22 21:36:21,393 - INFO - Ajout du bouton ''
2025-06-22 21:36:21,393 - DEBUG - Ajout icone a '': ui/icons/align_justify.png
2025-06-22 21:36:21,394 - DEBUG - Ajout tooltip a '': Justifier le texte
2025-06-22 21:36:21,395 - DEBUG - Connexion de la fonction au bouton ''
2025-06-22 21:36:21,395 - DEBUG - Bouton '' ajoute en position (1, 1)
2025-06-22 21:36:21,396 - DEBUG - Tool4 (alignement) initialise
2025-06-22 21:36:21,396 - INFO - Creation du Tool avec 2 colonnes
2025-06-22 21:36:21,397 - INFO - Ajout du bouton ''
2025-06-22 21:36:21,397 - DEBUG - Ajout icone a '': ui/icons/indent_decrease.png
2025-06-22 21:36:21,398 - DEBUG - Ajout tooltip a '': Diminuer le retrait
2025-06-22 21:36:21,399 - DEBUG - Connexion de la fonction au bouton ''
2025-06-22 21:36:21,399 - DEBUG - Bouton '' ajoute en position (0, 0)
2025-06-22 21:36:21,402 - INFO - Ajout du bouton ''
2025-06-22 21:36:21,403 - DEBUG - Ajout icone a '': ui/icons/indent_increase.png
2025-06-22 21:36:21,405 - DEBUG - Ajout tooltip a '': Augmenter le retrait
2025-06-22 21:36:21,406 - DEBUG - Connexion de la fonction au bouton ''
2025-06-22 21:36:21,406 - DEBUG - Bouton '' ajoute en position (0, 1)
2025-06-22 21:36:21,407 - INFO - Ajout du bouton ''
2025-06-22 21:36:21,407 - DEBUG - Ajout icone a '': ui/icons/list_numbered.png
2025-06-22 21:36:21,408 - DEBUG - Ajout tooltip a '': Creer une liste numerotee
2025-06-22 21:36:21,408 - DEBUG - Connexion de la fonction au bouton ''
2025-06-22 21:36:21,409 - DEBUG - Bouton '' ajoute en position (1, 0)
2025-06-22 21:36:21,409 - INFO - Ajout du bouton ''
2025-06-22 21:36:21,410 - DEBUG - Ajout icone a '': ui/icons/list_bulleted.png
2025-06-22 21:36:21,411 - DEBUG - Ajout tooltip a '': Creer une liste a puces
2025-06-22 21:36:21,411 - DEBUG - Connexion de la fonction au bouton ''
2025-06-22 21:36:21,412 - DEBUG - Bouton '' ajoute en position (1, 1)
2025-06-22 21:36:21,412 - DEBUG - Tool5 (listes et retraits) initialise
2025-06-22 21:36:21,413 - INFO - Creation du Tool avec 2 colonnes
2025-06-22 21:36:21,413 - INFO - Ajout du bouton '.'
2025-06-22 21:36:21,414 - DEBUG - Ajout icone a '.': ui/icons/paste.png
2025-06-22 21:36:21,414 - DEBUG - Ajout tooltip a '.': Coller
2025-06-22 21:36:21,415 - DEBUG - Connexion de la fonction au bouton '.'
2025-06-22 21:36:21,415 - DEBUG - Bouton '.' ajoute en position (0, 0)
2025-06-22 21:36:21,416 - INFO - Ajout du bouton '.'
2025-06-22 21:36:21,416 - DEBUG - Ajout icone a '.': ui/icons/cut.png
2025-06-22 21:36:21,422 - DEBUG - Ajout tooltip a '.': Couper
2025-06-22 21:36:21,422 - DEBUG - Connexion de la fonction au bouton '.'
2025-06-22 21:36:21,423 - DEBUG - Bouton '.' ajoute en position (0, 1)
2025-06-22 21:36:21,423 - INFO - Ajout du bouton '.'
2025-06-22 21:36:21,424 - DEBUG - Ajout icone a '.': ui/icons/copy.png
2025-06-22 21:36:21,424 - DEBUG - Ajout tooltip a '.': Copier
2025-06-22 21:36:21,425 - DEBUG - Connexion de la fonction au bouton '.'
2025-06-22 21:36:21,425 - DEBUG - Bouton '.' ajoute en position (1, 0)
2025-06-22 21:36:21,426 - INFO - Ajout du bouton ''
2025-06-22 21:36:21,426 - DEBUG - Ajout icone a '': ui/icons/paint.png
2025-06-22 21:36:21,428 - DEBUG - Ajout tooltip a '': Appliquer le style (pinceau)
2025-06-22 21:36:21,428 - DEBUG - Connexion de la fonction au bouton ''
2025-06-22 21:36:21,429 - DEBUG - Bouton '' ajoute en position (1, 1)
2025-06-22 21:36:21,429 - DEBUG - Tool6 (edition) initialise
2025-06-22 21:36:21,430 - INFO - Creation du Tool avec 2 colonnes
2025-06-22 21:36:21,430 - INFO - Ajout du bouton 'H1.'
2025-06-22 21:36:21,431 - DEBUG - Ajout tooltip a 'H1.': Titre 1
2025-06-22 21:36:21,431 - DEBUG - Connexion de la fonction au bouton 'H1.'
2025-06-22 21:36:21,432 - DEBUG - Bouton 'H1.' ajoute en position (0, 0)
2025-06-22 21:36:21,432 - INFO - Ajout du bouton 'H2.'
2025-06-22 21:36:21,436 - DEBUG - Ajout tooltip a 'H2.': Titre 2
2025-06-22 21:36:21,436 - DEBUG - Connexion de la fonction au bouton 'H2.'
2025-06-22 21:36:21,439 - DEBUG - Bouton 'H2.' ajoute en position (0, 1)
2025-06-22 21:36:21,439 - INFO - Ajout du bouton 'H3.'
2025-06-22 21:36:21,440 - DEBUG - Ajout tooltip a 'H3.': Titre 3
2025-06-22 21:36:21,440 - DEBUG - Connexion de la fonction au bouton 'H3.'
2025-06-22 21:36:21,441 - DEBUG - Bouton 'H3.' ajoute en position (1, 0)
2025-06-22 21:36:21,441 - INFO - Ajout du bouton 'H4.'
2025-06-22 21:36:21,441 - DEBUG - Ajout tooltip a 'H4.': Titre 4
2025-06-22 21:36:21,442 - DEBUG - Connexion de la fonction au bouton 'H4.'
2025-06-22 21:36:21,443 - DEBUG - Bouton 'H4.' ajoute en position (1, 1)
2025-06-22 21:36:21,443 - DEBUG - Tool7 (titres) initialise
2025-06-22 21:36:21,444 - INFO - Creation du Tool avec 2 colonnes
2025-06-22 21:36:21,444 - INFO - Ajout du bouton '.'
2025-06-22 21:36:21,445 - DEBUG - Ajout icone a '.': ui/icons/note_add.png
2025-06-22 21:36:21,445 - DEBUG - Ajout tooltip a '.': Ajouter une note
2025-06-22 21:36:21,446 - DEBUG - Connexion de la fonction au bouton '.'
2025-06-22 21:36:21,447 - DEBUG - Bouton '.' ajoute en position (0, 0)
2025-06-22 21:36:21,447 - INFO - Ajout du bouton ''
2025-06-22 21:36:21,447 - DEBUG - Ajout icone a '': ui/icons/checklist.png
2025-06-22 21:36:21,448 - DEBUG - Ajout tooltip a '': Ajouter une checklist
2025-06-22 21:36:21,449 - DEBUG - Connexion de la fonction au bouton ''
2025-06-22 21:36:21,449 - DEBUG - Bouton '' ajoute en position (0, 1)
2025-06-22 21:36:21,455 - INFO - Ajout du bouton '.'
2025-06-22 21:36:21,455 - DEBUG - Ajout icone a '.': ui/icons/flip.png
2025-06-22 21:36:21,457 - DEBUG - Ajout tooltip a '.': Ajouter une ligne de separateur
2025-06-22 21:36:21,458 - DEBUG - Connexion de la fonction au bouton '.'
2025-06-22 21:36:21,459 - DEBUG - Bouton '.' ajoute en position (1, 0)
2025-06-22 21:36:21,459 - INFO - Ajout du bouton '.'
2025-06-22 21:36:21,460 - DEBUG - Ajout icone a '.': ui/icons/add_reaction.png
2025-06-22 21:36:21,461 - DEBUG - Ajout tooltip a '.': Ajouter un emoji
2025-06-22 21:36:21,462 - DEBUG - Connexion de la fonction au bouton '.'
2025-06-22 21:36:21,462 - DEBUG - Bouton '.' ajoute en position (1, 1)
2025-06-22 21:36:21,462 - DEBUG - Tool8 (ajout de contenu : note, checklist, section, emoji) initialise
2025-06-22 21:36:21,471 - DEBUG - Header configure et widgets ajoutes
2025-06-22 21:36:21,478 - DEBUG - editeur de texte initialise
2025-06-22 21:36:21,479 - DEBUG - Container central configure
2025-06-22 21:36:21,480 - DEBUG - Footer configure
2025-06-22 21:36:21,493 - INFO - Initialisation complete de la fenetre principale terminee
2025-06-22 21:36:26,490 - DEBUG - Insertion de lien annulee par l'utilisateur
2025-06-22 21:36:33,917 - DEBUG - Insertion de lien annulee par l'utilisateur
2025-06-22 21:36:35,035 - DEBUG - Application fermee
