2025-06-22 21:14:04,767 - INFO - Initialisation de la fenetre principale
2025-06-22 21:14:04,769 - DEBUG - Configuration fenetre principale appliquee
2025-06-22 21:14:04,770 - INFO - Initialisation de la barre de titre
2025-06-22 21:14:05,452 - DEBUG - Barre de titre creee
2025-06-22 21:14:05,453 - INFO - Creation du Tool avec 2 colonnes
2025-06-22 21:14:05,454 - INFO - Ajout du bouton 'Nouveau.'
2025-06-22 21:14:05,454 - DEBUG - Ajout tooltip a 'Nouveau.': Creer un nouveau fichier
2025-06-22 21:14:05,455 - DEBUG - Connexion de la fonction au bouton 'Nouveau.'
2025-06-22 21:14:05,455 - DEBUG - Bouton 'Nouveau.' ajoute en position (0, 0)
2025-06-22 21:14:05,461 - INFO - Ajout du bouton 'Ouvrir.'
2025-06-22 21:14:05,461 - DEBUG - Ajout tooltip a 'Ouvrir.': Ouvrir un fichier .md
2025-06-22 21:14:05,462 - DEBUG - Connexion de la fonction au bouton 'Ouvrir.'
2025-06-22 21:14:05,463 - DEBUG - Bouton 'Ouvrir.' ajoute en position (0, 1)
2025-06-22 21:14:05,463 - INFO - Ajout du bouton 'Sauvegarder'
2025-06-22 21:14:05,463 - DEBUG - Ajout tooltip a 'Sauvegarder': Sauvegarder le fichier
2025-06-22 21:14:05,464 - DEBUG - Connexion de la fonction au bouton 'Sauvegarder'
2025-06-22 21:14:05,464 - DEBUG - Bouton 'Sauvegarder' ajoute en position (1, 0)
2025-06-22 21:14:05,464 - INFO - Ajout du bouton 'Informations'
2025-06-22 21:14:05,465 - DEBUG - Ajout tooltip a 'Informations': Afficher les informations du document
2025-06-22 21:14:05,465 - DEBUG - Connexion de la fonction au bouton 'Informations'
2025-06-22 21:14:05,466 - DEBUG - Bouton 'Informations' ajoute en position (1, 1)
2025-06-22 21:14:05,466 - DEBUG - Tool1 (fichier) initialise
2025-06-22 21:14:05,466 - INFO - Creation du Tool avec 2 colonnes
2025-06-22 21:14:05,467 - INFO - Ajout du bouton 'G.'
2025-06-22 21:14:05,468 - DEBUG - Ajout tooltip a 'G.': Gras
2025-06-22 21:14:05,469 - DEBUG - Connexion de la fonction au bouton 'G.'
2025-06-22 21:14:05,469 - DEBUG - Bouton 'G.' ajoute en position (0, 0)
2025-06-22 21:14:05,469 - INFO - Ajout du bouton 'I.'
2025-06-22 21:14:05,470 - DEBUG - Ajout tooltip a 'I.': Italique
2025-06-22 21:14:05,470 - DEBUG - Connexion de la fonction au bouton 'I.'
2025-06-22 21:14:05,471 - DEBUG - Bouton 'I.' ajoute en position (0, 1)
2025-06-22 21:14:05,471 - INFO - Ajout du bouton 'S.'
2025-06-22 21:14:05,471 - DEBUG - Ajout tooltip a 'S.': Souligne
2025-06-22 21:14:05,472 - DEBUG - Connexion de la fonction au bouton 'S.'
2025-06-22 21:14:05,475 - DEBUG - Bouton 'S.' ajoute en position (1, 0)
2025-06-22 21:14:05,477 - INFO - Ajout du bouton 'ab.'
2025-06-22 21:14:05,479 - DEBUG - Ajout tooltip a 'ab.': Barre
2025-06-22 21:14:05,480 - DEBUG - Connexion de la fonction au bouton 'ab.'
2025-06-22 21:14:05,481 - DEBUG - Bouton 'ab.' ajoute en position (1, 1)
2025-06-22 21:14:05,481 - DEBUG - Tool2 (styles texte) initialise
2025-06-22 21:14:05,481 - INFO - Creation du Tool avec 2 colonnes
2025-06-22 21:14:05,482 - INFO - Ajout du bouton 'Lien.'
2025-06-22 21:14:05,483 - DEBUG - Ajout icone a 'Lien.': ui/icons/add_link.png
2025-06-22 21:14:05,486 - DEBUG - Ajout tooltip a 'Lien.': Inserer un lien
2025-06-22 21:14:05,487 - DEBUG - Connexion de la fonction au bouton 'Lien.'
2025-06-22 21:14:05,488 - DEBUG - Bouton 'Lien.' ajoute en position (0, 0)
2025-06-22 21:14:05,488 - INFO - Ajout du bouton 'Tableau.'
2025-06-22 21:14:05,488 - DEBUG - Ajout icone a 'Tableau.': ui/icons/table.png
2025-06-22 21:14:05,494 - DEBUG - Ajout tooltip a 'Tableau.': Inserer un tableau
2025-06-22 21:14:05,497 - DEBUG - Connexion de la fonction au bouton 'Tableau.'
2025-06-22 21:14:05,498 - DEBUG - Bouton 'Tableau.' ajoute en position (0, 1)
2025-06-22 21:14:05,498 - INFO - Ajout du bouton 'Image.'
2025-06-22 21:14:05,499 - DEBUG - Ajout icone a 'Image.': ui/icons/add_photo.png
2025-06-22 21:14:05,500 - DEBUG - Ajout tooltip a 'Image.': Inserer une image
2025-06-22 21:14:05,500 - DEBUG - Connexion de la fonction au bouton 'Image.'
2025-06-22 21:14:05,501 - DEBUG - Bouton 'Image.' ajoute en position (1, 0)
2025-06-22 21:14:05,501 - DEBUG - Tool3 (insertion) initialise
2025-06-22 21:14:05,502 - INFO - Creation du Tool avec 2 colonnes
2025-06-22 21:14:05,503 - INFO - Ajout du bouton ''
2025-06-22 21:14:05,504 - DEBUG - Ajout icone a '': ui/icons/align_left.png
2025-06-22 21:14:05,505 - DEBUG - Ajout tooltip a '': Aligner a gauche
2025-06-22 21:14:05,505 - DEBUG - Connexion de la fonction au bouton ''
2025-06-22 21:14:05,507 - DEBUG - Bouton '' ajoute en position (0, 0)
2025-06-22 21:14:05,510 - INFO - Ajout du bouton ''
2025-06-22 21:14:05,511 - DEBUG - Ajout icone a '': ui/icons/align_center.png
2025-06-22 21:14:05,515 - DEBUG - Ajout tooltip a '': Centrer le texte
2025-06-22 21:14:05,516 - DEBUG - Connexion de la fonction au bouton ''
2025-06-22 21:14:05,517 - DEBUG - Bouton '' ajoute en position (0, 1)
2025-06-22 21:14:05,517 - INFO - Ajout du bouton ''
2025-06-22 21:14:05,518 - DEBUG - Ajout icone a '': ui/icons/align_right.png
2025-06-22 21:14:05,519 - DEBUG - Ajout tooltip a '': Aligner a droite
2025-06-22 21:14:05,519 - DEBUG - Connexion de la fonction au bouton ''
2025-06-22 21:14:05,519 - DEBUG - Bouton '' ajoute en position (1, 0)
2025-06-22 21:14:05,520 - INFO - Ajout du bouton ''
2025-06-22 21:14:05,520 - DEBUG - Ajout icone a '': ui/icons/align_justify.png
2025-06-22 21:14:05,521 - DEBUG - Ajout tooltip a '': Justifier le texte
2025-06-22 21:14:05,521 - DEBUG - Connexion de la fonction au bouton ''
2025-06-22 21:14:05,525 - DEBUG - Bouton '' ajoute en position (1, 1)
2025-06-22 21:14:05,526 - DEBUG - Tool4 (alignement) initialise
2025-06-22 21:14:05,527 - INFO - Creation du Tool avec 2 colonnes
2025-06-22 21:14:05,527 - INFO - Ajout du bouton ''
2025-06-22 21:14:05,528 - DEBUG - Ajout icone a '': ui/icons/indent_decrease.png
2025-06-22 21:14:05,530 - DEBUG - Ajout tooltip a '': Diminuer le retrait
2025-06-22 21:14:05,531 - DEBUG - Connexion de la fonction au bouton ''
2025-06-22 21:14:05,531 - DEBUG - Bouton '' ajoute en position (0, 0)
2025-06-22 21:14:05,532 - INFO - Ajout du bouton ''
2025-06-22 21:14:05,532 - DEBUG - Ajout icone a '': ui/icons/indent_increase.png
2025-06-22 21:14:05,533 - DEBUG - Ajout tooltip a '': Augmenter le retrait
2025-06-22 21:14:05,534 - DEBUG - Connexion de la fonction au bouton ''
2025-06-22 21:14:05,534 - DEBUG - Bouton '' ajoute en position (0, 1)
2025-06-22 21:14:05,534 - INFO - Ajout du bouton ''
2025-06-22 21:14:05,535 - DEBUG - Ajout icone a '': ui/icons/list_numbered.png
2025-06-22 21:14:05,536 - DEBUG - Ajout tooltip a '': Creer une liste numerotee
2025-06-22 21:14:05,536 - DEBUG - Connexion de la fonction au bouton ''
2025-06-22 21:14:05,537 - DEBUG - Bouton '' ajoute en position (1, 0)
2025-06-22 21:14:05,537 - INFO - Ajout du bouton ''
2025-06-22 21:14:05,538 - DEBUG - Ajout icone a '': ui/icons/list_bulleted.png
2025-06-22 21:14:05,538 - DEBUG - Ajout tooltip a '': Creer une liste a puces
2025-06-22 21:14:05,545 - DEBUG - Connexion de la fonction au bouton ''
2025-06-22 21:14:05,546 - DEBUG - Bouton '' ajoute en position (1, 1)
2025-06-22 21:14:05,547 - DEBUG - Tool5 (listes et retraits) initialise
2025-06-22 21:14:05,547 - INFO - Creation du Tool avec 2 colonnes
2025-06-22 21:14:05,548 - INFO - Ajout du bouton '.'
2025-06-22 21:14:05,548 - DEBUG - Ajout icone a '.': ui/icons/paste.png
2025-06-22 21:14:05,549 - DEBUG - Ajout tooltip a '.': Coller
2025-06-22 21:14:05,550 - DEBUG - Connexion de la fonction au bouton '.'
2025-06-22 21:14:05,550 - DEBUG - Bouton '.' ajoute en position (0, 0)
2025-06-22 21:14:05,551 - INFO - Ajout du bouton '.'
2025-06-22 21:14:05,551 - DEBUG - Ajout icone a '.': ui/icons/cut.png
2025-06-22 21:14:05,553 - DEBUG - Ajout tooltip a '.': Couper
2025-06-22 21:14:05,553 - DEBUG - Connexion de la fonction au bouton '.'
2025-06-22 21:14:05,553 - DEBUG - Bouton '.' ajoute en position (0, 1)
2025-06-22 21:14:05,554 - INFO - Ajout du bouton '.'
2025-06-22 21:14:05,554 - DEBUG - Ajout icone a '.': ui/icons/copy.png
2025-06-22 21:14:05,555 - DEBUG - Ajout tooltip a '.': Copier
2025-06-22 21:14:05,555 - DEBUG - Connexion de la fonction au bouton '.'
2025-06-22 21:14:05,559 - DEBUG - Bouton '.' ajoute en position (1, 0)
2025-06-22 21:14:05,561 - INFO - Ajout du bouton ''
2025-06-22 21:14:05,562 - DEBUG - Ajout icone a '': ui/icons/paint.png
2025-06-22 21:14:05,563 - DEBUG - Ajout tooltip a '': Appliquer le style (pinceau)
2025-06-22 21:14:05,563 - DEBUG - Connexion de la fonction au bouton ''
2025-06-22 21:14:05,564 - DEBUG - Bouton '' ajoute en position (1, 1)
2025-06-22 21:14:05,564 - DEBUG - Tool6 (edition) initialise
2025-06-22 21:14:05,565 - INFO - Creation du Tool avec 2 colonnes
2025-06-22 21:14:05,565 - INFO - Ajout du bouton 'H1.'
2025-06-22 21:14:05,566 - DEBUG - Ajout tooltip a 'H1.': Titre 1
2025-06-22 21:14:05,566 - DEBUG - Connexion de la fonction au bouton 'H1.'
2025-06-22 21:14:05,567 - DEBUG - Bouton 'H1.' ajoute en position (0, 0)
2025-06-22 21:14:05,567 - INFO - Ajout du bouton 'H2.'
2025-06-22 21:14:05,567 - DEBUG - Ajout tooltip a 'H2.': Titre 2
2025-06-22 21:14:05,568 - DEBUG - Connexion de la fonction au bouton 'H2.'
2025-06-22 21:14:05,568 - DEBUG - Bouton 'H2.' ajoute en position (0, 1)
2025-06-22 21:14:05,569 - INFO - Ajout du bouton 'H3.'
2025-06-22 21:14:05,569 - DEBUG - Ajout tooltip a 'H3.': Titre 3
2025-06-22 21:14:05,570 - DEBUG - Connexion de la fonction au bouton 'H3.'
2025-06-22 21:14:05,570 - DEBUG - Bouton 'H3.' ajoute en position (1, 0)
2025-06-22 21:14:05,570 - INFO - Ajout du bouton 'H4.'
2025-06-22 21:14:05,571 - DEBUG - Ajout tooltip a 'H4.': Titre 4
2025-06-22 21:14:05,571 - DEBUG - Connexion de la fonction au bouton 'H4.'
2025-06-22 21:14:05,575 - DEBUG - Bouton 'H4.' ajoute en position (1, 1)
2025-06-22 21:14:05,577 - DEBUG - Tool7 (titres) initialise
2025-06-22 21:14:05,578 - INFO - Creation du Tool avec 2 colonnes
2025-06-22 21:14:05,579 - INFO - Ajout du bouton '.'
2025-06-22 21:14:05,579 - DEBUG - Ajout icone a '.': ui/icons/note_add.png
2025-06-22 21:14:05,580 - DEBUG - Ajout tooltip a '.': Ajouter une note
2025-06-22 21:14:05,581 - DEBUG - Connexion de la fonction au bouton '.'
2025-06-22 21:14:05,581 - DEBUG - Bouton '.' ajoute en position (0, 0)
2025-06-22 21:14:05,582 - INFO - Ajout du bouton ''
2025-06-22 21:14:05,582 - DEBUG - Ajout icone a '': ui/icons/checklist.png
2025-06-22 21:14:05,583 - DEBUG - Ajout tooltip a '': Ajouter une checklist
2025-06-22 21:14:05,583 - DEBUG - Connexion de la fonction au bouton ''
2025-06-22 21:14:05,584 - DEBUG - Bouton '' ajoute en position (0, 1)
2025-06-22 21:14:05,584 - INFO - Ajout du bouton '.'
2025-06-22 21:14:05,585 - DEBUG - Ajout icone a '.': ui/icons/flip.png
2025-06-22 21:14:05,586 - DEBUG - Ajout tooltip a '.': Ajouter une ligne de separateur
2025-06-22 21:14:05,586 - DEBUG - Connexion de la fonction au bouton '.'
2025-06-22 21:14:05,586 - DEBUG - Bouton '.' ajoute en position (1, 0)
2025-06-22 21:14:05,587 - INFO - Ajout du bouton '.'
2025-06-22 21:14:05,587 - DEBUG - Ajout icone a '.': ui/icons/add_reaction.png
2025-06-22 21:14:05,588 - DEBUG - Ajout tooltip a '.': Ajouter un emoji
2025-06-22 21:14:05,595 - DEBUG - Connexion de la fonction au bouton '.'
2025-06-22 21:14:05,596 - DEBUG - Bouton '.' ajoute en position (1, 1)
2025-06-22 21:14:05,596 - DEBUG - Tool8 (ajout de contenu : note, checklist, section, emoji) initialise
2025-06-22 21:14:05,603 - DEBUG - Header configure et widgets ajoutes
2025-06-22 21:14:05,616 - DEBUG - editeur de texte initialise
2025-06-22 21:14:05,618 - DEBUG - Container central configure
2025-06-22 21:14:05,619 - DEBUG - Footer configure
2025-06-22 21:14:05,631 - INFO - Initialisation complete de la fenetre principale terminee
2025-06-22 21:14:09,509 - DEBUG - Fenetre reduite
2025-06-22 21:16:08,365 - DEBUG - Application fermee
