2025-06-23 02:38:04,714 - INFO - Initialisation de la fenetre principale
2025-06-23 02:38:04,718 - DEBUG - Configuration fenetre principale appliquee
2025-06-23 02:38:04,719 - INFO - Initialisation de la barre de titre
2025-06-23 02:38:05,691 - DEBUG - Barre de titre creee
2025-06-23 02:38:05,692 - INFO - Creation du Tool avec 2 colonnes
2025-06-23 02:38:05,692 - INFO - Ajout du bouton 'Nouveau.'
2025-06-23 02:38:05,693 - DEBUG - Ajout tooltip a 'Nouveau.': Creer un nouveau fichier
2025-06-23 02:38:05,694 - DEBUG - Connexion de la fonction au bouton 'Nouveau.'
2025-06-23 02:38:05,694 - DEBUG - Bouton 'Nouveau.' ajoute en position (0, 0)
2025-06-23 02:38:05,698 - INFO - Ajout du bouton 'Ouvrir.'
2025-06-23 02:38:05,698 - DEBUG - Ajout tooltip a 'Ouvrir.': Ouvrir un fichier .md
2025-06-23 02:38:05,700 - DEBUG - Connexion de la fonction au bouton 'Ouvrir.'
2025-06-23 02:38:05,702 - DEBUG - Bouton 'Ouvrir.' ajoute en position (0, 1)
2025-06-23 02:38:05,702 - INFO - Ajout du bouton 'Sauvegarder.'
2025-06-23 02:38:05,703 - DEBUG - Ajout tooltip a 'Sauvegarder.': Sauvegarder le fichier
2025-06-23 02:38:05,703 - DEBUG - Connexion de la fonction au bouton 'Sauvegarder.'
2025-06-23 02:38:05,704 - DEBUG - Bouton 'Sauvegarder.' ajoute en position (1, 0)
2025-06-23 02:38:05,705 - INFO - Ajout du bouton 'Informations.'
2025-06-23 02:38:05,705 - DEBUG - Ajout tooltip a 'Informations.': Afficher les informations du document
2025-06-23 02:38:05,706 - DEBUG - Connexion de la fonction au bouton 'Informations.'
2025-06-23 02:38:05,707 - DEBUG - Bouton 'Informations.' ajoute en position (1, 1)
2025-06-23 02:38:05,707 - DEBUG - Tool1 (fichier) initialise
2025-06-23 02:38:05,707 - INFO - Creation du Tool avec 2 colonnes
2025-06-23 02:38:05,708 - INFO - Ajout du bouton 'G.'
2025-06-23 02:38:05,709 - DEBUG - Ajout tooltip a 'G.': Gras
2025-06-23 02:38:05,709 - DEBUG - Connexion de la fonction au bouton 'G.'
2025-06-23 02:38:05,710 - DEBUG - Bouton 'G.' ajoute en position (0, 0)
2025-06-23 02:38:05,710 - INFO - Ajout du bouton 'I.'
2025-06-23 02:38:05,711 - DEBUG - Ajout tooltip a 'I.': Italique
2025-06-23 02:38:05,711 - DEBUG - Connexion de la fonction au bouton 'I.'
2025-06-23 02:38:05,712 - DEBUG - Bouton 'I.' ajoute en position (0, 1)
2025-06-23 02:38:05,712 - INFO - Ajout du bouton 'S.'
2025-06-23 02:38:05,713 - DEBUG - Ajout tooltip a 'S.': Souligne
2025-06-23 02:38:05,713 - DEBUG - Connexion de la fonction au bouton 'S.'
2025-06-23 02:38:05,714 - DEBUG - Bouton 'S.' ajoute en position (1, 0)
2025-06-23 02:38:05,714 - INFO - Ajout du bouton 'ab.'
2025-06-23 02:38:05,715 - DEBUG - Ajout tooltip a 'ab.': Barre
2025-06-23 02:38:05,715 - DEBUG - Connexion de la fonction au bouton 'ab.'
2025-06-23 02:38:05,717 - DEBUG - Bouton 'ab.' ajoute en position (1, 1)
2025-06-23 02:38:05,719 - DEBUG - Tool2 (styles texte) initialise
2025-06-23 02:38:05,720 - INFO - Creation du Tool avec 2 colonnes
2025-06-23 02:38:05,721 - INFO - Ajout du bouton 'Lien.'
2025-06-23 02:38:05,721 - DEBUG - Ajout icone a 'Lien.': ui/icons/add_link.png
2025-06-23 02:38:05,722 - DEBUG - Ajout tooltip a 'Lien.': Inserer un lien
2025-06-23 02:38:05,722 - DEBUG - Connexion de la fonction au bouton 'Lien.'
2025-06-23 02:38:05,723 - DEBUG - Bouton 'Lien.' ajoute en position (0, 0)
2025-06-23 02:38:05,724 - INFO - Ajout du bouton 'Tableau.'
2025-06-23 02:38:05,725 - DEBUG - Ajout icone a 'Tableau.': ui/icons/table.png
2025-06-23 02:38:05,726 - DEBUG - Ajout tooltip a 'Tableau.': Inserer un tableau
2025-06-23 02:38:05,727 - DEBUG - Connexion de la fonction au bouton 'Tableau.'
2025-06-23 02:38:05,727 - DEBUG - Bouton 'Tableau.' ajoute en position (0, 1)
2025-06-23 02:38:05,728 - INFO - Ajout du bouton 'Image.'
2025-06-23 02:38:05,729 - DEBUG - Ajout icone a 'Image.': ui/icons/add_photo.png
2025-06-23 02:38:05,730 - DEBUG - Ajout tooltip a 'Image.': Inserer une image
2025-06-23 02:38:05,730 - DEBUG - Connexion de la fonction au bouton 'Image.'
2025-06-23 02:38:05,731 - DEBUG - Bouton 'Image.' ajoute en position (1, 0)
2025-06-23 02:38:05,731 - DEBUG - Tool3 (insertion) initialise
2025-06-23 02:38:05,732 - INFO - Creation du Tool avec 2 colonnes
2025-06-23 02:38:05,735 - INFO - Ajout du bouton '.'
2025-06-23 02:38:05,738 - DEBUG - Ajout icone a '.': ui/icons/align_left.png
2025-06-23 02:38:05,739 - DEBUG - Ajout tooltip a '.': Aligner a gauche
2025-06-23 02:38:05,740 - DEBUG - Connexion de la fonction au bouton '.'
2025-06-23 02:38:05,740 - DEBUG - Bouton '.' ajoute en position (0, 0)
2025-06-23 02:38:05,741 - INFO - Ajout du bouton '.'
2025-06-23 02:38:05,741 - DEBUG - Ajout icone a '.': ui/icons/align_center.png
2025-06-23 02:38:05,742 - DEBUG - Ajout tooltip a '.': Centrer le texte
2025-06-23 02:38:05,743 - DEBUG - Connexion de la fonction au bouton '.'
2025-06-23 02:38:05,744 - DEBUG - Bouton '.' ajoute en position (0, 1)
2025-06-23 02:38:05,744 - INFO - Ajout du bouton '.'
2025-06-23 02:38:05,744 - DEBUG - Ajout icone a '.': ui/icons/align_right.png
2025-06-23 02:38:05,745 - DEBUG - Ajout tooltip a '.': Aligner a droite
2025-06-23 02:38:05,746 - DEBUG - Connexion de la fonction au bouton '.'
2025-06-23 02:38:05,746 - DEBUG - Bouton '.' ajoute en position (1, 0)
2025-06-23 02:38:05,747 - INFO - Ajout du bouton '.'
2025-06-23 02:38:05,747 - DEBUG - Ajout icone a '.': ui/icons/align_justify.png
2025-06-23 02:38:05,748 - DEBUG - Ajout tooltip a '.': Justifier le texte
2025-06-23 02:38:05,749 - DEBUG - Connexion de la fonction au bouton '.'
2025-06-23 02:38:05,754 - DEBUG - Bouton '.' ajoute en position (1, 1)
2025-06-23 02:38:05,755 - DEBUG - Tool4 (alignement) initialise
2025-06-23 02:38:05,755 - INFO - Creation du Tool avec 2 colonnes
2025-06-23 02:38:05,756 - INFO - Ajout du bouton '.'
2025-06-23 02:38:05,756 - DEBUG - Ajout icone a '.': ui/icons/indent_decrease.png
2025-06-23 02:38:05,757 - DEBUG - Ajout tooltip a '.': Diminuer le retrait
2025-06-23 02:38:05,758 - DEBUG - Connexion de la fonction au bouton '.'
2025-06-23 02:38:05,759 - DEBUG - Bouton '.' ajoute en position (0, 0)
2025-06-23 02:38:05,759 - INFO - Ajout du bouton '.'
2025-06-23 02:38:05,760 - DEBUG - Ajout icone a '.': ui/icons/indent_increase.png
2025-06-23 02:38:05,761 - DEBUG - Ajout tooltip a '.': Augmenter le retrait
2025-06-23 02:38:05,761 - DEBUG - Connexion de la fonction au bouton '.'
2025-06-23 02:38:05,762 - DEBUG - Bouton '.' ajoute en position (0, 1)
2025-06-23 02:38:05,762 - INFO - Ajout du bouton '.'
2025-06-23 02:38:05,763 - DEBUG - Ajout icone a '.': ui/icons/list_numbered.png
2025-06-23 02:38:05,764 - DEBUG - Ajout tooltip a '.': Creer une liste numerotee
2025-06-23 02:38:05,764 - DEBUG - Connexion de la fonction au bouton '.'
2025-06-23 02:38:05,765 - DEBUG - Bouton '.' ajoute en position (1, 0)
2025-06-23 02:38:05,768 - INFO - Ajout du bouton '.'
2025-06-23 02:38:05,770 - DEBUG - Ajout icone a '.': ui/icons/list_bulleted.png
2025-06-23 02:38:05,771 - DEBUG - Ajout tooltip a '.': Creer une liste a puces
2025-06-23 02:38:05,772 - DEBUG - Connexion de la fonction au bouton '.'
2025-06-23 02:38:05,772 - DEBUG - Bouton '.' ajoute en position (1, 1)
2025-06-23 02:38:05,773 - DEBUG - Tool5 (listes et retraits) initialise
2025-06-23 02:38:05,773 - INFO - Creation du Tool avec 2 colonnes
2025-06-23 02:38:05,774 - INFO - Ajout du bouton '.'
2025-06-23 02:38:05,775 - DEBUG - Ajout icone a '.': ui/icons/paste.png
2025-06-23 02:38:05,777 - DEBUG - Ajout tooltip a '.': Coller
2025-06-23 02:38:05,777 - DEBUG - Connexion de la fonction au bouton '.'
2025-06-23 02:38:05,778 - DEBUG - Bouton '.' ajoute en position (0, 0)
2025-06-23 02:38:05,778 - INFO - Ajout du bouton '.'
2025-06-23 02:38:05,779 - DEBUG - Ajout icone a '.': ui/icons/cut.png
2025-06-23 02:38:05,780 - DEBUG - Ajout tooltip a '.': Couper
2025-06-23 02:38:05,780 - DEBUG - Connexion de la fonction au bouton '.'
2025-06-23 02:38:05,781 - DEBUG - Bouton '.' ajoute en position (0, 1)
2025-06-23 02:38:05,782 - INFO - Ajout du bouton '.'
2025-06-23 02:38:05,782 - DEBUG - Ajout icone a '.': ui/icons/copy.png
2025-06-23 02:38:05,787 - DEBUG - Ajout tooltip a '.': Copier
2025-06-23 02:38:05,788 - DEBUG - Connexion de la fonction au bouton '.'
2025-06-23 02:38:05,788 - DEBUG - Bouton '.' ajoute en position (1, 0)
2025-06-23 02:38:05,789 - DEBUG - Tool6 (edition) initialise
2025-06-23 02:38:05,789 - INFO - Creation du Tool avec 2 colonnes
2025-06-23 02:38:05,790 - INFO - Ajout du bouton 'H1.'
2025-06-23 02:38:05,790 - DEBUG - Ajout tooltip a 'H1.': Titre 1
2025-06-23 02:38:05,793 - DEBUG - Connexion de la fonction au bouton 'H1.'
2025-06-23 02:38:05,793 - DEBUG - Bouton 'H1.' ajoute en position (0, 0)
2025-06-23 02:38:05,794 - INFO - Ajout du bouton 'H2.'
2025-06-23 02:38:05,794 - DEBUG - Ajout tooltip a 'H2.': Titre 2
2025-06-23 02:38:05,795 - DEBUG - Connexion de la fonction au bouton 'H2.'
2025-06-23 02:38:05,796 - DEBUG - Bouton 'H2.' ajoute en position (0, 1)
2025-06-23 02:38:05,796 - INFO - Ajout du bouton 'H3.'
2025-06-23 02:38:05,796 - DEBUG - Ajout tooltip a 'H3.': Titre 3
2025-06-23 02:38:05,797 - DEBUG - Connexion de la fonction au bouton 'H3.'
2025-06-23 02:38:05,798 - DEBUG - Bouton 'H3.' ajoute en position (1, 0)
2025-06-23 02:38:05,798 - INFO - Ajout du bouton 'H4.'
2025-06-23 02:38:05,799 - DEBUG - Ajout tooltip a 'H4.': Titre 4
2025-06-23 02:38:05,804 - DEBUG - Connexion de la fonction au bouton 'H4.'
2025-06-23 02:38:05,805 - DEBUG - Bouton 'H4.' ajoute en position (1, 1)
2025-06-23 02:38:05,806 - DEBUG - Tool7 (titres) initialise
2025-06-23 02:38:05,806 - INFO - Creation du Tool avec 2 colonnes
2025-06-23 02:38:05,807 - INFO - Ajout du bouton '.'
2025-06-23 02:38:05,807 - DEBUG - Ajout icone a '.': ui/icons/note_add.png
2025-06-23 02:38:05,809 - DEBUG - Ajout tooltip a '.': Ajouter une note
2025-06-23 02:38:05,809 - DEBUG - Connexion de la fonction au bouton '.'
2025-06-23 02:38:05,810 - DEBUG - Bouton '.' ajoute en position (0, 0)
2025-06-23 02:38:05,810 - INFO - Ajout du bouton '.'
2025-06-23 02:38:05,811 - DEBUG - Ajout icone a '.': ui/icons/add_reaction.png
2025-06-23 02:38:05,812 - DEBUG - Ajout tooltip a '.': Ajouter un emoji
2025-06-23 02:38:05,812 - DEBUG - Connexion de la fonction au bouton '.'
2025-06-23 02:38:05,813 - DEBUG - Bouton '.' ajoute en position (0, 1)
2025-06-23 02:38:05,813 - INFO - Ajout du bouton '.'
2025-06-23 02:38:05,813 - DEBUG - Ajout icone a '.': ui/icons/flip.png
2025-06-23 02:38:05,814 - DEBUG - Ajout tooltip a '.': Ajouter une ligne de separateur
2025-06-23 02:38:05,815 - DEBUG - Connexion de la fonction au bouton '.'
2025-06-23 02:38:05,815 - DEBUG - Bouton '.' ajoute en position (1, 0)
2025-06-23 02:38:05,820 - DEBUG - Tool8 (ajout de contenu : note, checklist, section, emoji) initialise
2025-06-23 02:38:05,825 - DEBUG - Header configure et widgets ajoutes
2025-06-23 02:38:05,831 - DEBUG - editeur de texte initialise
2025-06-23 02:38:05,835 - DEBUG - Container central configure
2025-06-23 02:38:05,837 - DEBUG - Footer configure
2025-06-23 02:38:05,844 - INFO - Initialisation complete de la fenetre principale terminee
2025-06-23 02:38:27,859 - DEBUG - Application fermee
