2025-06-23 02:09:33,268 - INFO - Initialisation de la fenetre principale
2025-06-23 02:09:33,271 - DEBUG - Configuration fenetre principale appliquee
2025-06-23 02:09:33,274 - INFO - Initialisation de la barre de titre
2025-06-23 02:09:36,483 - DEBUG - Barre de titre creee
2025-06-23 02:09:36,486 - INFO - Creation du Tool avec 2 colonnes
2025-06-23 02:09:36,498 - INFO - Ajout du bouton 'Nouveau.'
2025-06-23 02:09:36,499 - DEBUG - Ajout tooltip a 'Nouveau.': Creer un nouveau fichier
2025-06-23 02:09:36,501 - DEBUG - Connexion de la fonction au bouton 'Nouveau.'
2025-06-23 02:09:36,502 - DEBUG - Bouton 'Nouveau.' ajoute en position (0, 0)
2025-06-23 02:09:36,511 - INFO - Ajout du bouton 'Ouvrir.'
2025-06-23 02:09:36,512 - DEBUG - Ajout tooltip a 'Ouvrir.': Ouvrir un fichier .md
2025-06-23 02:09:36,513 - DEBUG - Connexion de la fonction au bouton 'Ouvrir.'
2025-06-23 02:09:36,516 - DEBUG - Bouton 'Ouvrir.' ajoute en position (0, 1)
2025-06-23 02:09:36,517 - INFO - Ajout du bouton 'Sauvegarder.'
2025-06-23 02:09:36,518 - DEBUG - Ajout tooltip a 'Sauvegarder.': Sauvegarder le fichier
2025-06-23 02:09:36,519 - DEBUG - Connexion de la fonction au bouton 'Sauvegarder.'
2025-06-23 02:09:36,520 - DEBUG - Bouton 'Sauvegarder.' ajoute en position (1, 0)
2025-06-23 02:09:36,528 - INFO - Ajout du bouton 'Informations.'
2025-06-23 02:09:36,529 - DEBUG - Ajout tooltip a 'Informations.': Afficher les informations du document
2025-06-23 02:09:36,531 - DEBUG - Connexion de la fonction au bouton 'Informations.'
2025-06-23 02:09:36,534 - DEBUG - Bouton 'Informations.' ajoute en position (1, 1)
2025-06-23 02:09:36,535 - DEBUG - Tool1 (fichier) initialise
2025-06-23 02:09:36,536 - INFO - Creation du Tool avec 2 colonnes
2025-06-23 02:09:36,538 - INFO - Ajout du bouton 'G.'
2025-06-23 02:09:36,545 - DEBUG - Ajout tooltip a 'G.': Gras
2025-06-23 02:09:36,546 - DEBUG - Connexion de la fonction au bouton 'G.'
2025-06-23 02:09:36,547 - DEBUG - Bouton 'G.' ajoute en position (0, 0)
2025-06-23 02:09:36,549 - INFO - Ajout du bouton 'I.'
2025-06-23 02:09:36,551 - DEBUG - Ajout tooltip a 'I.': Italique
2025-06-23 02:09:36,552 - DEBUG - Connexion de la fonction au bouton 'I.'
2025-06-23 02:09:36,553 - DEBUG - Bouton 'I.' ajoute en position (0, 1)
2025-06-23 02:09:36,558 - INFO - Ajout du bouton 'S.'
2025-06-23 02:09:36,559 - DEBUG - Ajout tooltip a 'S.': Souligne
2025-06-23 02:09:36,561 - DEBUG - Connexion de la fonction au bouton 'S.'
2025-06-23 02:09:36,562 - DEBUG - Bouton 'S.' ajoute en position (1, 0)
2025-06-23 02:09:36,563 - INFO - Ajout du bouton 'ab.'
2025-06-23 02:09:36,563 - DEBUG - Ajout tooltip a 'ab.': Barre
2025-06-23 02:09:36,564 - DEBUG - Connexion de la fonction au bouton 'ab.'
2025-06-23 02:09:36,567 - DEBUG - Bouton 'ab.' ajoute en position (1, 1)
2025-06-23 02:09:36,568 - DEBUG - Tool2 (styles texte) initialise
2025-06-23 02:09:36,568 - INFO - Creation du Tool avec 2 colonnes
2025-06-23 02:09:36,569 - INFO - Ajout du bouton 'Lien.'
2025-06-23 02:09:36,572 - DEBUG - Ajout icone a 'Lien.': ui/icons/add_link.png
2025-06-23 02:09:36,577 - DEBUG - Ajout tooltip a 'Lien.': Inserer un lien
2025-06-23 02:09:36,578 - DEBUG - Connexion de la fonction au bouton 'Lien.'
2025-06-23 02:09:36,579 - DEBUG - Bouton 'Lien.' ajoute en position (0, 0)
2025-06-23 02:09:36,580 - INFO - Ajout du bouton 'Tableau.'
2025-06-23 02:09:36,581 - DEBUG - Ajout icone a 'Tableau.': ui/icons/table.png
2025-06-23 02:09:36,582 - DEBUG - Ajout tooltip a 'Tableau.': Inserer un tableau
2025-06-23 02:09:36,583 - DEBUG - Connexion de la fonction au bouton 'Tableau.'
2025-06-23 02:09:36,584 - DEBUG - Bouton 'Tableau.' ajoute en position (0, 1)
2025-06-23 02:09:36,585 - INFO - Ajout du bouton 'Image.'
2025-06-23 02:09:36,586 - DEBUG - Ajout icone a 'Image.': ui/icons/add_photo.png
2025-06-23 02:09:36,590 - DEBUG - Ajout tooltip a 'Image.': Inserer une image
2025-06-23 02:09:36,596 - DEBUG - Connexion de la fonction au bouton 'Image.'
2025-06-23 02:09:36,598 - DEBUG - Bouton 'Image.' ajoute en position (1, 0)
2025-06-23 02:09:36,599 - DEBUG - Tool3 (insertion) initialise
2025-06-23 02:09:36,613 - INFO - Creation du Tool avec 2 colonnes
2025-06-23 02:09:36,617 - INFO - Ajout du bouton '.'
2025-06-23 02:09:36,630 - DEBUG - Ajout icone a '.': ui/icons/align_left.png
2025-06-23 02:09:36,634 - DEBUG - Ajout tooltip a '.': Aligner a gauche
2025-06-23 02:09:36,644 - DEBUG - Connexion de la fonction au bouton '.'
2025-06-23 02:09:36,646 - DEBUG - Bouton '.' ajoute en position (0, 0)
2025-06-23 02:09:36,646 - INFO - Ajout du bouton '.'
2025-06-23 02:09:36,648 - DEBUG - Ajout icone a '.': ui/icons/align_center.png
2025-06-23 02:09:36,651 - DEBUG - Ajout tooltip a '.': Centrer le texte
2025-06-23 02:09:36,662 - DEBUG - Connexion de la fonction au bouton '.'
2025-06-23 02:09:36,663 - DEBUG - Bouton '.' ajoute en position (0, 1)
2025-06-23 02:09:36,663 - INFO - Ajout du bouton '.'
2025-06-23 02:09:36,664 - DEBUG - Ajout icone a '.': ui/icons/align_right.png
2025-06-23 02:09:36,666 - DEBUG - Ajout tooltip a '.': Aligner a droite
2025-06-23 02:09:36,667 - DEBUG - Connexion de la fonction au bouton '.'
2025-06-23 02:09:36,669 - DEBUG - Bouton '.' ajoute en position (1, 0)
2025-06-23 02:09:36,669 - INFO - Ajout du bouton '.'
2025-06-23 02:09:36,677 - DEBUG - Ajout icone a '.': ui/icons/align_justify.png
2025-06-23 02:09:36,679 - DEBUG - Ajout tooltip a '.': Justifier le texte
2025-06-23 02:09:36,679 - DEBUG - Connexion de la fonction au bouton '.'
2025-06-23 02:09:36,680 - DEBUG - Bouton '.' ajoute en position (1, 1)
2025-06-23 02:09:36,681 - DEBUG - Tool4 (alignement) initialise
2025-06-23 02:09:36,681 - INFO - Creation du Tool avec 2 colonnes
2025-06-23 02:09:36,682 - INFO - Ajout du bouton ''
2025-06-23 02:09:36,683 - DEBUG - Ajout icone a '': ui/icons/indent_decrease.png
2025-06-23 02:09:36,685 - DEBUG - Ajout tooltip a '': Diminuer le retrait
2025-06-23 02:09:36,686 - DEBUG - Connexion de la fonction au bouton ''
2025-06-23 02:09:36,686 - DEBUG - Bouton '' ajoute en position (0, 0)
2025-06-23 02:09:36,695 - INFO - Ajout du bouton ''
2025-06-23 02:09:36,696 - DEBUG - Ajout icone a '': ui/icons/indent_increase.png
2025-06-23 02:09:36,698 - DEBUG - Ajout tooltip a '': Augmenter le retrait
2025-06-23 02:09:36,699 - DEBUG - Connexion de la fonction au bouton ''
2025-06-23 02:09:36,699 - DEBUG - Bouton '' ajoute en position (0, 1)
2025-06-23 02:09:36,700 - INFO - Ajout du bouton '.'
2025-06-23 02:09:36,701 - DEBUG - Ajout icone a '.': ui/icons/list_numbered.png
2025-06-23 02:09:36,703 - DEBUG - Ajout tooltip a '.': Creer une liste numerotee
2025-06-23 02:09:36,707 - DEBUG - Connexion de la fonction au bouton '.'
2025-06-23 02:09:36,712 - DEBUG - Bouton '.' ajoute en position (1, 0)
2025-06-23 02:09:36,713 - INFO - Ajout du bouton '.'
2025-06-23 02:09:36,714 - DEBUG - Ajout icone a '.': ui/icons/list_bulleted.png
2025-06-23 02:09:36,715 - DEBUG - Ajout tooltip a '.': Creer une liste a puces
2025-06-23 02:09:36,716 - DEBUG - Connexion de la fonction au bouton '.'
2025-06-23 02:09:36,718 - DEBUG - Bouton '.' ajoute en position (1, 1)
2025-06-23 02:09:36,718 - DEBUG - Tool5 (listes et retraits) initialise
2025-06-23 02:09:36,719 - INFO - Creation du Tool avec 2 colonnes
2025-06-23 02:09:36,720 - INFO - Ajout du bouton '.'
2025-06-23 02:09:36,727 - DEBUG - Ajout icone a '.': ui/icons/paste.png
2025-06-23 02:09:36,729 - DEBUG - Ajout tooltip a '.': Coller
2025-06-23 02:09:36,730 - DEBUG - Connexion de la fonction au bouton '.'
2025-06-23 02:09:36,731 - DEBUG - Bouton '.' ajoute en position (0, 0)
2025-06-23 02:09:36,731 - INFO - Ajout du bouton '.'
2025-06-23 02:09:36,732 - DEBUG - Ajout icone a '.': ui/icons/cut.png
2025-06-23 02:09:36,734 - DEBUG - Ajout tooltip a '.': Couper
2025-06-23 02:09:36,736 - DEBUG - Connexion de la fonction au bouton '.'
2025-06-23 02:09:36,744 - DEBUG - Bouton '.' ajoute en position (0, 1)
2025-06-23 02:09:36,745 - INFO - Ajout du bouton '.'
2025-06-23 02:09:36,746 - DEBUG - Ajout icone a '.': ui/icons/copy.png
2025-06-23 02:09:36,747 - DEBUG - Ajout tooltip a '.': Copier
2025-06-23 02:09:36,748 - DEBUG - Connexion de la fonction au bouton '.'
2025-06-23 02:09:36,750 - DEBUG - Bouton '.' ajoute en position (1, 0)
2025-06-23 02:09:36,752 - INFO - Ajout du bouton ''
2025-06-23 02:09:36,753 - DEBUG - Ajout icone a '': ui/icons/paint.png
2025-06-23 02:09:36,765 - DEBUG - Ajout tooltip a '': Appliquer le style (pinceau)
2025-06-23 02:09:36,766 - DEBUG - Connexion de la fonction au bouton ''
2025-06-23 02:09:36,767 - DEBUG - Bouton '' ajoute en position (1, 1)
2025-06-23 02:09:36,767 - DEBUG - Tool6 (edition) initialise
2025-06-23 02:09:36,769 - INFO - Creation du Tool avec 2 colonnes
2025-06-23 02:09:36,776 - INFO - Ajout du bouton 'H1.'
2025-06-23 02:09:36,778 - DEBUG - Ajout tooltip a 'H1.': Titre 1
2025-06-23 02:09:36,782 - DEBUG - Connexion de la fonction au bouton 'H1.'
2025-06-23 02:09:36,783 - DEBUG - Bouton 'H1.' ajoute en position (0, 0)
2025-06-23 02:09:36,784 - INFO - Ajout du bouton 'H2.'
2025-06-23 02:09:36,785 - DEBUG - Ajout tooltip a 'H2.': Titre 2
2025-06-23 02:09:36,785 - DEBUG - Connexion de la fonction au bouton 'H2.'
2025-06-23 02:09:36,786 - DEBUG - Bouton 'H2.' ajoute en position (0, 1)
2025-06-23 02:09:36,799 - INFO - Ajout du bouton 'H3.'
2025-06-23 02:09:36,800 - DEBUG - Ajout tooltip a 'H3.': Titre 3
2025-06-23 02:09:36,801 - DEBUG - Connexion de la fonction au bouton 'H3.'
2025-06-23 02:09:36,802 - DEBUG - Bouton 'H3.' ajoute en position (1, 0)
2025-06-23 02:09:36,803 - INFO - Ajout du bouton 'H4.'
2025-06-23 02:09:36,815 - DEBUG - Ajout tooltip a 'H4.': Titre 4
2025-06-23 02:09:36,816 - DEBUG - Connexion de la fonction au bouton 'H4.'
2025-06-23 02:09:36,817 - DEBUG - Bouton 'H4.' ajoute en position (1, 1)
2025-06-23 02:09:36,818 - DEBUG - Tool7 (titres) initialise
2025-06-23 02:09:36,818 - INFO - Creation du Tool avec 2 colonnes
2025-06-23 02:09:36,819 - INFO - Ajout du bouton '.'
2025-06-23 02:09:36,833 - DEBUG - Ajout icone a '.': ui/icons/note_add.png
2025-06-23 02:09:36,835 - DEBUG - Ajout tooltip a '.': Ajouter une note
2025-06-23 02:09:36,836 - DEBUG - Connexion de la fonction au bouton '.'
2025-06-23 02:09:36,848 - DEBUG - Bouton '.' ajoute en position (0, 0)
2025-06-23 02:09:36,849 - INFO - Ajout du bouton ''
2025-06-23 02:09:36,849 - DEBUG - Ajout icone a '': ui/icons/checklist.png
2025-06-23 02:09:36,865 - DEBUG - Ajout tooltip a '': Ajouter une checklist
2025-06-23 02:09:36,866 - DEBUG - Connexion de la fonction au bouton ''
2025-06-23 02:09:36,867 - DEBUG - Bouton '' ajoute en position (0, 1)
2025-06-23 02:09:36,868 - INFO - Ajout du bouton '.'
2025-06-23 02:09:36,869 - DEBUG - Ajout icone a '.': ui/icons/flip.png
2025-06-23 02:09:36,870 - DEBUG - Ajout tooltip a '.': Ajouter une ligne de separateur
2025-06-23 02:09:36,882 - DEBUG - Connexion de la fonction au bouton '.'
2025-06-23 02:09:36,883 - DEBUG - Bouton '.' ajoute en position (1, 0)
2025-06-23 02:09:36,884 - INFO - Ajout du bouton '.'
2025-06-23 02:09:36,885 - DEBUG - Ajout icone a '.': ui/icons/add_reaction.png
2025-06-23 02:09:36,886 - DEBUG - Ajout tooltip a '.': Ajouter un emoji
2025-06-23 02:09:36,897 - DEBUG - Connexion de la fonction au bouton '.'
2025-06-23 02:09:36,898 - DEBUG - Bouton '.' ajoute en position (1, 1)
2025-06-23 02:09:36,898 - DEBUG - Tool8 (ajout de contenu : note, checklist, section, emoji) initialise
2025-06-23 02:09:36,933 - DEBUG - Header configure et widgets ajoutes
2025-06-23 02:09:36,965 - DEBUG - editeur de texte initialise
2025-06-23 02:09:36,968 - DEBUG - Container central configure
2025-06-23 02:09:36,969 - DEBUG - Footer configure
2025-06-23 02:09:37,002 - INFO - Initialisation complete de la fenetre principale terminee
2025-06-23 02:09:44,733 - DEBUG - Application fermee
