2025-06-23 02:11:46,858 - INFO - Initialisation de la fenetre principale
2025-06-23 02:11:46,863 - DEBUG - Configuration fenetre principale appliquee
2025-06-23 02:11:46,864 - INFO - Initialisation de la barre de titre
2025-06-23 02:11:48,899 - DEBUG - Barre de titre creee
2025-06-23 02:11:48,900 - INFO - Creation du Tool avec 2 colonnes
2025-06-23 02:11:48,901 - INFO - Ajout du bouton 'Nouveau.'
2025-06-23 02:11:48,902 - DEBUG - Ajout tooltip a 'Nouveau.': Creer un nouveau fichier
2025-06-23 02:11:48,904 - DEBUG - Connexion de la fonction au bouton 'Nouveau.'
2025-06-23 02:11:48,912 - DEBUG - Bouton 'Nouveau.' ajoute en position (0, 0)
2025-06-23 02:11:48,914 - INFO - Ajout du bouton 'Ouvrir.'
2025-06-23 02:11:48,914 - DEBUG - Ajout tooltip a 'Ouvrir.': Ouvrir un fichier .md
2025-06-23 02:11:48,929 - DEBUG - Connexion de la fonction au bouton 'Ouvrir.'
2025-06-23 02:11:48,935 - DEBUG - Bouton 'Ouvrir.' ajoute en position (0, 1)
2025-06-23 02:11:48,945 - INFO - Ajout du bouton 'Sauvegarder.'
2025-06-23 02:11:48,946 - DEBUG - Ajout tooltip a 'Sauvegarder.': Sauvegarder le fichier
2025-06-23 02:11:48,947 - DEBUG - Connexion de la fonction au bouton 'Sauvegarder.'
2025-06-23 02:11:48,948 - DEBUG - Bouton 'Sauvegarder.' ajoute en position (1, 0)
2025-06-23 02:11:48,952 - INFO - Ajout du bouton 'Informations.'
2025-06-23 02:11:48,961 - DEBUG - Ajout tooltip a 'Informations.': Afficher les informations du document
2025-06-23 02:11:48,963 - DEBUG - Connexion de la fonction au bouton 'Informations.'
2025-06-23 02:11:48,964 - DEBUG - Bouton 'Informations.' ajoute en position (1, 1)
2025-06-23 02:11:48,965 - DEBUG - Tool1 (fichier) initialise
2025-06-23 02:11:48,966 - INFO - Creation du Tool avec 2 colonnes
2025-06-23 02:11:48,967 - INFO - Ajout du bouton 'G.'
2025-06-23 02:11:48,968 - DEBUG - Ajout tooltip a 'G.': Gras
2025-06-23 02:11:48,968 - DEBUG - Connexion de la fonction au bouton 'G.'
2025-06-23 02:11:48,969 - DEBUG - Bouton 'G.' ajoute en position (0, 0)
2025-06-23 02:11:48,978 - INFO - Ajout du bouton 'I.'
2025-06-23 02:11:48,979 - DEBUG - Ajout tooltip a 'I.': Italique
2025-06-23 02:11:48,980 - DEBUG - Connexion de la fonction au bouton 'I.'
2025-06-23 02:11:48,980 - DEBUG - Bouton 'I.' ajoute en position (0, 1)
2025-06-23 02:11:48,981 - INFO - Ajout du bouton 'S.'
2025-06-23 02:11:48,982 - DEBUG - Ajout tooltip a 'S.': Souligne
2025-06-23 02:11:48,982 - DEBUG - Connexion de la fonction au bouton 'S.'
2025-06-23 02:11:48,983 - DEBUG - Bouton 'S.' ajoute en position (1, 0)
2025-06-23 02:11:48,984 - INFO - Ajout du bouton 'ab.'
2025-06-23 02:11:48,985 - DEBUG - Ajout tooltip a 'ab.': Barre
2025-06-23 02:11:48,985 - DEBUG - Connexion de la fonction au bouton 'ab.'
2025-06-23 02:11:48,986 - DEBUG - Bouton 'ab.' ajoute en position (1, 1)
2025-06-23 02:11:48,996 - DEBUG - Tool2 (styles texte) initialise
2025-06-23 02:11:48,997 - INFO - Creation du Tool avec 2 colonnes
2025-06-23 02:11:48,998 - INFO - Ajout du bouton 'Lien.'
2025-06-23 02:11:48,999 - DEBUG - Ajout icone a 'Lien.': ui/icons/add_link.png
2025-06-23 02:11:49,000 - DEBUG - Ajout tooltip a 'Lien.': Inserer un lien
2025-06-23 02:11:49,001 - DEBUG - Connexion de la fonction au bouton 'Lien.'
2025-06-23 02:11:49,014 - DEBUG - Bouton 'Lien.' ajoute en position (0, 0)
2025-06-23 02:11:49,015 - INFO - Ajout du bouton 'Tableau.'
2025-06-23 02:11:49,016 - DEBUG - Ajout icone a 'Tableau.': ui/icons/table.png
2025-06-23 02:11:49,017 - DEBUG - Ajout tooltip a 'Tableau.': Inserer un tableau
2025-06-23 02:11:49,018 - DEBUG - Connexion de la fonction au bouton 'Tableau.'
2025-06-23 02:11:49,018 - DEBUG - Bouton 'Tableau.' ajoute en position (0, 1)
2025-06-23 02:11:49,019 - INFO - Ajout du bouton 'Image.'
2025-06-23 02:11:49,028 - DEBUG - Ajout icone a 'Image.': ui/icons/add_photo.png
2025-06-23 02:11:49,030 - DEBUG - Ajout tooltip a 'Image.': Inserer une image
2025-06-23 02:11:49,031 - DEBUG - Connexion de la fonction au bouton 'Image.'
2025-06-23 02:11:49,033 - DEBUG - Bouton 'Image.' ajoute en position (1, 0)
2025-06-23 02:11:49,042 - DEBUG - Tool3 (insertion) initialise
2025-06-23 02:11:49,047 - INFO - Creation du Tool avec 2 colonnes
2025-06-23 02:11:49,048 - INFO - Ajout du bouton '.'
2025-06-23 02:11:49,049 - DEBUG - Ajout icone a '.': ui/icons/align_left.png
2025-06-23 02:11:49,051 - DEBUG - Ajout tooltip a '.': Aligner a gauche
2025-06-23 02:11:49,065 - DEBUG - Connexion de la fonction au bouton '.'
2025-06-23 02:11:49,066 - DEBUG - Bouton '.' ajoute en position (0, 0)
2025-06-23 02:11:49,067 - INFO - Ajout du bouton '.'
2025-06-23 02:11:49,068 - DEBUG - Ajout icone a '.': ui/icons/align_center.png
2025-06-23 02:11:49,069 - DEBUG - Ajout tooltip a '.': Centrer le texte
2025-06-23 02:11:49,081 - DEBUG - Connexion de la fonction au bouton '.'
2025-06-23 02:11:49,081 - DEBUG - Bouton '.' ajoute en position (0, 1)
2025-06-23 02:11:49,082 - INFO - Ajout du bouton '.'
2025-06-23 02:11:49,082 - DEBUG - Ajout icone a '.': ui/icons/align_right.png
2025-06-23 02:11:49,084 - DEBUG - Ajout tooltip a '.': Aligner a droite
2025-06-23 02:11:49,085 - DEBUG - Connexion de la fonction au bouton '.'
2025-06-23 02:11:49,100 - DEBUG - Bouton '.' ajoute en position (1, 0)
2025-06-23 02:11:49,102 - INFO - Ajout du bouton '.'
2025-06-23 02:11:49,103 - DEBUG - Ajout icone a '.': ui/icons/align_justify.png
2025-06-23 02:11:49,116 - DEBUG - Ajout tooltip a '.': Justifier le texte
2025-06-23 02:11:49,117 - DEBUG - Connexion de la fonction au bouton '.'
2025-06-23 02:11:49,118 - DEBUG - Bouton '.' ajoute en position (1, 1)
2025-06-23 02:11:49,118 - DEBUG - Tool4 (alignement) initialise
2025-06-23 02:11:49,119 - INFO - Creation du Tool avec 2 colonnes
2025-06-23 02:11:49,133 - INFO - Ajout du bouton ''
2025-06-23 02:11:49,147 - DEBUG - Ajout icone a '': ui/icons/indent_decrease.png
2025-06-23 02:11:49,150 - DEBUG - Ajout tooltip a '': Diminuer le retrait
2025-06-23 02:11:49,151 - DEBUG - Connexion de la fonction au bouton ''
2025-06-23 02:11:49,152 - DEBUG - Bouton '' ajoute en position (0, 0)
2025-06-23 02:11:49,153 - INFO - Ajout du bouton ''
2025-06-23 02:11:49,165 - DEBUG - Ajout icone a '': ui/icons/indent_increase.png
2025-06-23 02:11:49,167 - DEBUG - Ajout tooltip a '': Augmenter le retrait
2025-06-23 02:11:49,167 - DEBUG - Connexion de la fonction au bouton ''
2025-06-23 02:11:49,168 - DEBUG - Bouton '' ajoute en position (0, 1)
2025-06-23 02:11:49,168 - INFO - Ajout du bouton '.'
2025-06-23 02:11:49,169 - DEBUG - Ajout icone a '.': ui/icons/list_numbered.png
2025-06-23 02:11:49,183 - DEBUG - Ajout tooltip a '.': Creer une liste numerotee
2025-06-23 02:11:49,184 - DEBUG - Connexion de la fonction au bouton '.'
2025-06-23 02:11:49,185 - DEBUG - Bouton '.' ajoute en position (1, 0)
2025-06-23 02:11:49,186 - INFO - Ajout du bouton '.'
2025-06-23 02:11:49,200 - DEBUG - Ajout icone a '.': ui/icons/list_bulleted.png
2025-06-23 02:11:49,218 - DEBUG - Ajout tooltip a '.': Creer une liste a puces
2025-06-23 02:11:49,231 - DEBUG - Connexion de la fonction au bouton '.'
2025-06-23 02:11:49,232 - DEBUG - Bouton '.' ajoute en position (1, 1)
2025-06-23 02:11:49,232 - DEBUG - Tool5 (listes et retraits) initialise
2025-06-23 02:11:49,233 - INFO - Creation du Tool avec 2 colonnes
2025-06-23 02:11:49,234 - INFO - Ajout du bouton '.'
2025-06-23 02:11:49,235 - DEBUG - Ajout icone a '.': ui/icons/paste.png
2025-06-23 02:11:49,246 - DEBUG - Ajout tooltip a '.': Coller
2025-06-23 02:11:49,247 - DEBUG - Connexion de la fonction au bouton '.'
2025-06-23 02:11:49,248 - DEBUG - Bouton '.' ajoute en position (0, 0)
2025-06-23 02:11:49,249 - INFO - Ajout du bouton '.'
2025-06-23 02:11:49,252 - DEBUG - Ajout icone a '.': ui/icons/cut.png
2025-06-23 02:11:49,263 - DEBUG - Ajout tooltip a '.': Couper
2025-06-23 02:11:49,264 - DEBUG - Connexion de la fonction au bouton '.'
2025-06-23 02:11:49,265 - DEBUG - Bouton '.' ajoute en position (0, 1)
2025-06-23 02:11:49,268 - INFO - Ajout du bouton '.'
2025-06-23 02:11:49,269 - DEBUG - Ajout icone a '.': ui/icons/copy.png
2025-06-23 02:11:49,278 - DEBUG - Ajout tooltip a '.': Copier
2025-06-23 02:11:49,279 - DEBUG - Connexion de la fonction au bouton '.'
2025-06-23 02:11:49,280 - DEBUG - Bouton '.' ajoute en position (1, 0)
2025-06-23 02:11:49,280 - INFO - Ajout du bouton ''
2025-06-23 02:11:49,281 - DEBUG - Ajout icone a '': ui/icons/paint.png
2025-06-23 02:11:49,283 - DEBUG - Ajout tooltip a '': Appliquer le style (pinceau)
2025-06-23 02:11:49,284 - DEBUG - Connexion de la fonction au bouton ''
2025-06-23 02:11:49,285 - DEBUG - Bouton '' ajoute en position (1, 1)
2025-06-23 02:11:49,286 - DEBUG - Tool6 (edition) initialise
2025-06-23 02:11:49,296 - INFO - Creation du Tool avec 2 colonnes
2025-06-23 02:11:49,297 - INFO - Ajout du bouton 'H1.'
2025-06-23 02:11:49,298 - DEBUG - Ajout tooltip a 'H1.': Titre 1
2025-06-23 02:11:49,300 - DEBUG - Connexion de la fonction au bouton 'H1.'
2025-06-23 02:11:49,301 - DEBUG - Bouton 'H1.' ajoute en position (0, 0)
2025-06-23 02:11:49,302 - INFO - Ajout du bouton 'H2.'
2025-06-23 02:11:49,302 - DEBUG - Ajout tooltip a 'H2.': Titre 2
2025-06-23 02:11:49,310 - DEBUG - Connexion de la fonction au bouton 'H2.'
2025-06-23 02:11:49,312 - DEBUG - Bouton 'H2.' ajoute en position (0, 1)
2025-06-23 02:11:49,312 - INFO - Ajout du bouton 'H3.'
2025-06-23 02:11:49,313 - DEBUG - Ajout tooltip a 'H3.': Titre 3
2025-06-23 02:11:49,313 - DEBUG - Connexion de la fonction au bouton 'H3.'
2025-06-23 02:11:49,314 - DEBUG - Bouton 'H3.' ajoute en position (1, 0)
2025-06-23 02:11:49,316 - INFO - Ajout du bouton 'H4.'
2025-06-23 02:11:49,317 - DEBUG - Ajout tooltip a 'H4.': Titre 4
2025-06-23 02:11:49,317 - DEBUG - Connexion de la fonction au bouton 'H4.'
2025-06-23 02:11:49,318 - DEBUG - Bouton 'H4.' ajoute en position (1, 1)
2025-06-23 02:11:49,318 - DEBUG - Tool7 (titres) initialise
2025-06-23 02:11:49,319 - INFO - Creation du Tool avec 2 colonnes
2025-06-23 02:11:49,329 - INFO - Ajout du bouton '.'
2025-06-23 02:11:49,332 - DEBUG - Ajout icone a '.': ui/icons/note_add.png
2025-06-23 02:11:49,333 - DEBUG - Ajout tooltip a '.': Ajouter une note
2025-06-23 02:11:49,334 - DEBUG - Connexion de la fonction au bouton '.'
2025-06-23 02:11:49,335 - DEBUG - Bouton '.' ajoute en position (0, 0)
2025-06-23 02:11:49,336 - INFO - Ajout du bouton ''
2025-06-23 02:11:49,345 - DEBUG - Ajout icone a '': ui/icons/checklist.png
2025-06-23 02:11:49,347 - DEBUG - Ajout tooltip a '': Ajouter une checklist
2025-06-23 02:11:49,347 - DEBUG - Connexion de la fonction au bouton ''
2025-06-23 02:11:49,348 - DEBUG - Bouton '' ajoute en position (0, 1)
2025-06-23 02:11:49,349 - INFO - Ajout du bouton '.'
2025-06-23 02:11:49,350 - DEBUG - Ajout icone a '.': ui/icons/flip.png
2025-06-23 02:11:49,351 - DEBUG - Ajout tooltip a '.': Ajouter une ligne de separateur
2025-06-23 02:11:49,351 - DEBUG - Connexion de la fonction au bouton '.'
2025-06-23 02:11:49,352 - DEBUG - Bouton '.' ajoute en position (1, 0)
2025-06-23 02:11:49,353 - INFO - Ajout du bouton '.'
2025-06-23 02:11:49,359 - DEBUG - Ajout icone a '.': ui/icons/add_reaction.png
2025-06-23 02:11:49,361 - DEBUG - Ajout tooltip a '.': Ajouter un emoji
2025-06-23 02:11:49,362 - DEBUG - Connexion de la fonction au bouton '.'
2025-06-23 02:11:49,363 - DEBUG - Bouton '.' ajoute en position (1, 1)
2025-06-23 02:11:49,363 - DEBUG - Tool8 (ajout de contenu : note, checklist, section, emoji) initialise
2025-06-23 02:11:49,379 - DEBUG - Header configure et widgets ajoutes
2025-06-23 02:11:49,397 - DEBUG - editeur de texte initialise
2025-06-23 02:11:49,400 - DEBUG - Container central configure
2025-06-23 02:11:49,401 - DEBUG - Footer configure
2025-06-23 02:11:49,430 - INFO - Initialisation complete de la fenetre principale terminee
2025-06-23 02:11:52,917 - DEBUG - Etat des boutons mis a jour
2025-06-23 02:11:52,961 - DEBUG - Etat des boutons mis a jour
2025-06-23 02:11:53,106 - DEBUG - Etat des boutons mis a jour
2025-06-23 02:11:53,305 - DEBUG - Etat des boutons mis a jour
2025-06-23 02:11:53,465 - DEBUG - Etat des boutons mis a jour
2025-06-23 02:11:53,785 - DEBUG - Etat des boutons mis a jour
2025-06-23 02:11:54,261 - DEBUG - Etat des boutons mis a jour
2025-06-23 02:11:54,647 - DEBUG - Etat des boutons mis a jour
2025-06-23 02:11:54,714 - DEBUG - Etat des boutons mis a jour
2025-06-23 02:11:54,928 - DEBUG - Etat des boutons mis a jour
2025-06-23 02:11:55,639 - DEBUG - Alignement demandé : 132
2025-06-23 02:11:56,902 - DEBUG - Etat des boutons mis a jour
2025-06-23 02:11:57,480 - DEBUG - Etat des boutons mis a jour
2025-06-23 02:11:58,133 - DEBUG - Etat des boutons mis a jour
2025-06-23 02:11:59,437 - DEBUG - Application fermee
