2025-06-23 02:47:08,687 - INFO - Initialisation de la fenetre principale
2025-06-23 02:47:08,689 - DEBUG - Configuration fenetre principale appliquee
2025-06-23 02:47:08,690 - INFO - Initialisation de la barre de titre
2025-06-23 02:47:09,908 - DEBUG - Barre de titre creee
2025-06-23 02:47:09,909 - INFO - Creation du Tool avec 2 colonnes
2025-06-23 02:47:09,909 - INFO - Ajout du bouton 'Nouveau.'
2025-06-23 02:47:09,910 - DEBUG - Ajout tooltip a 'Nouveau.': Creer un nouveau fichier
2025-06-23 02:47:09,910 - DEBUG - Connexion de la fonction au bouton 'Nouveau.'
2025-06-23 02:47:09,911 - DEBUG - Bouton 'Nouveau.' ajoute en position (0, 0)
2025-06-23 02:47:09,917 - INFO - Ajout du bouton 'Ouvrir.'
2025-06-23 02:47:09,918 - DEBUG - Ajout tooltip a 'Ouvrir.': Ouvrir un fichier .md
2025-06-23 02:47:09,919 - DEBUG - Connexion de la fonction au bouton 'Ouvrir.'
2025-06-23 02:47:09,919 - DEBUG - Bouton 'Ouvrir.' ajoute en position (0, 1)
2025-06-23 02:47:09,920 - INFO - Ajout du bouton 'Sauvegarder.'
2025-06-23 02:47:09,920 - DEBUG - Ajout tooltip a 'Sauvegarder.': Sauvegarder le fichier
2025-06-23 02:47:09,921 - DEBUG - Connexion de la fonction au bouton 'Sauvegarder.'
2025-06-23 02:47:09,922 - DEBUG - Bouton 'Sauvegarder.' ajoute en position (1, 0)
2025-06-23 02:47:09,922 - INFO - Ajout du bouton 'Informations.'
2025-06-23 02:47:09,923 - DEBUG - Ajout tooltip a 'Informations.': Afficher les informations du document
2025-06-23 02:47:09,924 - DEBUG - Connexion de la fonction au bouton 'Informations.'
2025-06-23 02:47:09,924 - DEBUG - Bouton 'Informations.' ajoute en position (1, 1)
2025-06-23 02:47:09,925 - DEBUG - Tool1 (fichier) initialise
2025-06-23 02:47:09,925 - INFO - Creation du Tool avec 2 colonnes
2025-06-23 02:47:09,926 - INFO - Ajout du bouton 'G.'
2025-06-23 02:47:09,926 - DEBUG - Ajout tooltip a 'G.': Gras
2025-06-23 02:47:09,926 - DEBUG - Connexion de la fonction au bouton 'G.'
2025-06-23 02:47:09,927 - DEBUG - Bouton 'G.' ajoute en position (0, 0)
2025-06-23 02:47:09,927 - INFO - Ajout du bouton 'I.'
2025-06-23 02:47:09,928 - DEBUG - Ajout tooltip a 'I.': Italique
2025-06-23 02:47:09,928 - DEBUG - Connexion de la fonction au bouton 'I.'
2025-06-23 02:47:09,929 - DEBUG - Bouton 'I.' ajoute en position (0, 1)
2025-06-23 02:47:09,936 - INFO - Ajout du bouton 'S.'
2025-06-23 02:47:09,936 - DEBUG - Ajout tooltip a 'S.': Souligne
2025-06-23 02:47:09,937 - DEBUG - Connexion de la fonction au bouton 'S.'
2025-06-23 02:47:09,938 - DEBUG - Bouton 'S.' ajoute en position (1, 0)
2025-06-23 02:47:09,939 - INFO - Ajout du bouton 'ab.'
2025-06-23 02:47:09,939 - DEBUG - Ajout tooltip a 'ab.': Barre
2025-06-23 02:47:09,940 - DEBUG - Connexion de la fonction au bouton 'ab.'
2025-06-23 02:47:09,940 - DEBUG - Bouton 'ab.' ajoute en position (1, 1)
2025-06-23 02:47:09,941 - DEBUG - Tool2 (styles texte) initialise
2025-06-23 02:47:09,941 - INFO - Creation du Tool avec 2 colonnes
2025-06-23 02:47:09,942 - INFO - Ajout du bouton 'Lien.'
2025-06-23 02:47:09,942 - DEBUG - Ajout icone a 'Lien.': ui/icons/add_link.png
2025-06-23 02:47:09,943 - DEBUG - Ajout tooltip a 'Lien.': Inserer un lien
2025-06-23 02:47:09,944 - DEBUG - Connexion de la fonction au bouton 'Lien.'
2025-06-23 02:47:09,944 - DEBUG - Bouton 'Lien.' ajoute en position (0, 0)
2025-06-23 02:47:09,944 - INFO - Ajout du bouton 'Tableau.'
2025-06-23 02:47:09,945 - DEBUG - Ajout icone a 'Tableau.': ui/icons/table.png
2025-06-23 02:47:09,950 - DEBUG - Ajout tooltip a 'Tableau.': Inserer un tableau
2025-06-23 02:47:09,951 - DEBUG - Connexion de la fonction au bouton 'Tableau.'
2025-06-23 02:47:09,951 - DEBUG - Bouton 'Tableau.' ajoute en position (0, 1)
2025-06-23 02:47:09,952 - INFO - Ajout du bouton 'Image.'
2025-06-23 02:47:09,953 - DEBUG - Ajout icone a 'Image.': ui/icons/add_photo.png
2025-06-23 02:47:09,954 - DEBUG - Ajout tooltip a 'Image.': Inserer une image
2025-06-23 02:47:09,955 - DEBUG - Connexion de la fonction au bouton 'Image.'
2025-06-23 02:47:09,955 - DEBUG - Bouton 'Image.' ajoute en position (1, 0)
2025-06-23 02:47:09,956 - DEBUG - Tool3 (insertion) initialise
2025-06-23 02:47:09,956 - INFO - Creation du Tool avec 2 colonnes
2025-06-23 02:47:09,957 - INFO - Ajout du bouton '.'
2025-06-23 02:47:09,957 - DEBUG - Ajout icone a '.': ui/icons/align_left.png
2025-06-23 02:47:09,958 - DEBUG - Ajout tooltip a '.': Aligner a gauche
2025-06-23 02:47:09,958 - DEBUG - Connexion de la fonction au bouton '.'
2025-06-23 02:47:09,959 - DEBUG - Bouton '.' ajoute en position (0, 0)
2025-06-23 02:47:09,959 - INFO - Ajout du bouton '.'
2025-06-23 02:47:09,960 - DEBUG - Ajout icone a '.': ui/icons/align_center.png
2025-06-23 02:47:09,961 - DEBUG - Ajout tooltip a '.': Centrer le texte
2025-06-23 02:47:09,961 - DEBUG - Connexion de la fonction au bouton '.'
2025-06-23 02:47:09,962 - DEBUG - Bouton '.' ajoute en position (0, 1)
2025-06-23 02:47:09,967 - INFO - Ajout du bouton '.'
2025-06-23 02:47:09,969 - DEBUG - Ajout icone a '.': ui/icons/align_right.png
2025-06-23 02:47:09,970 - DEBUG - Ajout tooltip a '.': Aligner a droite
2025-06-23 02:47:09,970 - DEBUG - Connexion de la fonction au bouton '.'
2025-06-23 02:47:09,971 - DEBUG - Bouton '.' ajoute en position (1, 0)
2025-06-23 02:47:09,971 - INFO - Ajout du bouton '.'
2025-06-23 02:47:09,972 - DEBUG - Ajout icone a '.': ui/icons/align_justify.png
2025-06-23 02:47:09,972 - DEBUG - Ajout tooltip a '.': Justifier le texte
2025-06-23 02:47:09,973 - DEBUG - Connexion de la fonction au bouton '.'
2025-06-23 02:47:09,974 - DEBUG - Bouton '.' ajoute en position (1, 1)
2025-06-23 02:47:09,975 - DEBUG - Tool4 (alignement) initialise
2025-06-23 02:47:09,975 - INFO - Creation du Tool avec 2 colonnes
2025-06-23 02:47:09,976 - INFO - Ajout du bouton '.'
2025-06-23 02:47:09,976 - DEBUG - Ajout icone a '.': ui/icons/indent_decrease.png
2025-06-23 02:47:09,977 - DEBUG - Ajout tooltip a '.': Diminuer le retrait
2025-06-23 02:47:09,978 - DEBUG - Connexion de la fonction au bouton '.'
2025-06-23 02:47:09,978 - DEBUG - Bouton '.' ajoute en position (0, 0)
2025-06-23 02:47:09,986 - INFO - Ajout du bouton '.'
2025-06-23 02:47:09,986 - DEBUG - Ajout icone a '.': ui/icons/indent_increase.png
2025-06-23 02:47:09,988 - DEBUG - Ajout tooltip a '.': Augmenter le retrait
2025-06-23 02:47:09,988 - DEBUG - Connexion de la fonction au bouton '.'
2025-06-23 02:47:09,989 - DEBUG - Bouton '.' ajoute en position (0, 1)
2025-06-23 02:47:09,989 - INFO - Ajout du bouton '.'
2025-06-23 02:47:09,990 - DEBUG - Ajout icone a '.': ui/icons/list_numbered.png
2025-06-23 02:47:09,991 - DEBUG - Ajout tooltip a '.': Creer une liste numerotee
2025-06-23 02:47:09,992 - DEBUG - Connexion de la fonction au bouton '.'
2025-06-23 02:47:09,992 - DEBUG - Bouton '.' ajoute en position (1, 0)
2025-06-23 02:47:09,993 - INFO - Ajout du bouton '.'
2025-06-23 02:47:09,993 - DEBUG - Ajout icone a '.': ui/icons/list_bulleted.png
2025-06-23 02:47:09,994 - DEBUG - Ajout tooltip a '.': Creer une liste a puces
2025-06-23 02:47:09,995 - DEBUG - Connexion de la fonction au bouton '.'
2025-06-23 02:47:10,003 - DEBUG - Bouton '.' ajoute en position (1, 1)
2025-06-23 02:47:10,003 - DEBUG - Tool5 (listes et retraits) initialise
2025-06-23 02:47:10,004 - INFO - Creation du Tool avec 2 colonnes
2025-06-23 02:47:10,004 - INFO - Ajout du bouton '.'
2025-06-23 02:47:10,005 - DEBUG - Ajout icone a '.': ui/icons/paste.png
2025-06-23 02:47:10,006 - DEBUG - Ajout tooltip a '.': Coller
2025-06-23 02:47:10,006 - DEBUG - Connexion de la fonction au bouton '.'
2025-06-23 02:47:10,007 - DEBUG - Bouton '.' ajoute en position (0, 0)
2025-06-23 02:47:10,008 - INFO - Ajout du bouton '.'
2025-06-23 02:47:10,009 - DEBUG - Ajout icone a '.': ui/icons/cut.png
2025-06-23 02:47:10,010 - DEBUG - Ajout tooltip a '.': Couper
2025-06-23 02:47:10,011 - DEBUG - Connexion de la fonction au bouton '.'
2025-06-23 02:47:10,011 - DEBUG - Bouton '.' ajoute en position (0, 1)
2025-06-23 02:47:10,011 - INFO - Ajout du bouton '.'
2025-06-23 02:47:10,012 - DEBUG - Ajout icone a '.': ui/icons/copy.png
2025-06-23 02:47:10,020 - DEBUG - Ajout tooltip a '.': Copier
2025-06-23 02:47:10,021 - DEBUG - Connexion de la fonction au bouton '.'
2025-06-23 02:47:10,022 - DEBUG - Bouton '.' ajoute en position (1, 0)
2025-06-23 02:47:10,022 - DEBUG - Tool6 (edition) initialise
2025-06-23 02:47:10,022 - INFO - Creation du Tool avec 2 colonnes
2025-06-23 02:47:10,023 - INFO - Ajout du bouton 'H1.'
2025-06-23 02:47:10,023 - DEBUG - Ajout tooltip a 'H1.': Titre 1
2025-06-23 02:47:10,025 - DEBUG - Connexion de la fonction au bouton 'H1.'
2025-06-23 02:47:10,026 - DEBUG - Bouton 'H1.' ajoute en position (0, 0)
2025-06-23 02:47:10,026 - INFO - Ajout du bouton 'H2.'
2025-06-23 02:47:10,026 - DEBUG - Ajout tooltip a 'H2.': Titre 2
2025-06-23 02:47:10,027 - DEBUG - Connexion de la fonction au bouton 'H2.'
2025-06-23 02:47:10,027 - DEBUG - Bouton 'H2.' ajoute en position (0, 1)
2025-06-23 02:47:10,028 - INFO - Ajout du bouton 'H3.'
2025-06-23 02:47:10,028 - DEBUG - Ajout tooltip a 'H3.': Titre 3
2025-06-23 02:47:10,028 - DEBUG - Connexion de la fonction au bouton 'H3.'
2025-06-23 02:47:10,035 - DEBUG - Bouton 'H3.' ajoute en position (1, 0)
2025-06-23 02:47:10,035 - INFO - Ajout du bouton 'H4.'
2025-06-23 02:47:10,036 - DEBUG - Ajout tooltip a 'H4.': Titre 4
2025-06-23 02:47:10,036 - DEBUG - Connexion de la fonction au bouton 'H4.'
2025-06-23 02:47:10,037 - DEBUG - Bouton 'H4.' ajoute en position (1, 1)
2025-06-23 02:47:10,038 - DEBUG - Tool7 (titres) initialise
2025-06-23 02:47:10,038 - INFO - Creation du Tool avec 2 colonnes
2025-06-23 02:47:10,039 - INFO - Ajout du bouton '.'
2025-06-23 02:47:10,039 - DEBUG - Ajout icone a '.': ui/icons/note_add.png
2025-06-23 02:47:10,040 - DEBUG - Ajout tooltip a '.': Ajouter une note
2025-06-23 02:47:10,041 - DEBUG - Connexion de la fonction au bouton '.'
2025-06-23 02:47:10,041 - DEBUG - Bouton '.' ajoute en position (0, 0)
2025-06-23 02:47:10,042 - INFO - Ajout du bouton '.'
2025-06-23 02:47:10,042 - DEBUG - Ajout icone a '.': ui/icons/add_reaction.png
2025-06-23 02:47:10,043 - DEBUG - Ajout tooltip a '.': Ajouter un emoji
2025-06-23 02:47:10,044 - DEBUG - Connexion de la fonction au bouton '.'
2025-06-23 02:47:10,045 - DEBUG - Bouton '.' ajoute en position (0, 1)
2025-06-23 02:47:10,045 - INFO - Ajout du bouton '.'
2025-06-23 02:47:10,052 - DEBUG - Ajout icone a '.': ui/icons/flip.png
2025-06-23 02:47:10,053 - DEBUG - Ajout tooltip a '.': Ajouter une ligne de separateur
2025-06-23 02:47:10,054 - DEBUG - Connexion de la fonction au bouton '.'
2025-06-23 02:47:10,054 - DEBUG - Bouton '.' ajoute en position (1, 0)
2025-06-23 02:47:10,055 - DEBUG - Tool8 (ajout de contenu : note, checklist, section, emoji) initialise
2025-06-23 02:47:10,060 - DEBUG - Header configure et widgets ajoutes
2025-06-23 02:47:10,072 - DEBUG - editeur de texte initialise
2025-06-23 02:47:10,073 - DEBUG - Container central configure
2025-06-23 02:47:10,074 - DEBUG - Footer configure
2025-06-23 02:47:10,086 - INFO - Initialisation complete de la fenetre principale terminee
2025-06-23 02:47:15,992 - DEBUG - Etat des boutons mis a jour
2025-06-23 02:47:18,212 - DEBUG - Etat des boutons mis a jour
2025-06-23 02:47:18,532 - DEBUG - Etat des boutons mis a jour
2025-06-23 02:47:19,379 - DEBUG - Toggling style : h1
2025-06-23 02:47:19,380 - DEBUG - Changement titre H1
2025-06-23 02:47:19,393 - DEBUG - Style applique avec succes
2025-06-23 02:47:20,013 - DEBUG - Etat des boutons mis a jour
2025-06-23 02:47:23,647 - DEBUG - Etat des boutons mis a jour
2025-06-23 02:47:25,211 - DEBUG - Toggling style : h1
2025-06-23 02:47:25,212 - DEBUG - Changement titre H1
2025-06-23 02:47:25,223 - DEBUG - Style applique avec succes
2025-06-23 02:47:25,835 - DEBUG - Toggling style : h1
2025-06-23 02:47:25,835 - DEBUG - Changement titre H1
2025-06-23 02:47:25,838 - DEBUG - Style applique avec succes
2025-06-23 02:47:26,387 - DEBUG - Toggling style : h1
2025-06-23 02:47:26,388 - DEBUG - Changement titre H1
2025-06-23 02:47:26,391 - DEBUG - Style applique avec succes
2025-06-23 02:47:26,724 - DEBUG - Toggling style : h1
2025-06-23 02:47:26,725 - DEBUG - Changement titre H1
2025-06-23 02:47:26,728 - DEBUG - Style applique avec succes
2025-06-23 02:47:27,266 - DEBUG - Etat des boutons mis a jour
2025-06-23 02:47:28,238 - DEBUG - Etat des boutons mis a jour
2025-06-23 02:47:28,330 - DEBUG - Etat des boutons mis a jour
2025-06-23 02:47:28,354 - DEBUG - Etat des boutons mis a jour
2025-06-23 02:47:28,370 - DEBUG - Etat des boutons mis a jour
2025-06-23 02:47:28,402 - DEBUG - Etat des boutons mis a jour
2025-06-23 02:47:28,435 - DEBUG - Etat des boutons mis a jour
2025-06-23 02:47:28,466 - DEBUG - Etat des boutons mis a jour
2025-06-23 02:47:28,498 - DEBUG - Etat des boutons mis a jour
2025-06-23 02:47:28,530 - DEBUG - Etat des boutons mis a jour
2025-06-23 02:47:28,562 - DEBUG - Etat des boutons mis a jour
2025-06-23 02:47:28,610 - DEBUG - Etat des boutons mis a jour
2025-06-23 02:47:28,682 - DEBUG - Etat des boutons mis a jour
2025-06-23 02:47:28,762 - DEBUG - Etat des boutons mis a jour
2025-06-23 02:47:28,773 - DEBUG - Etat des boutons mis a jour
2025-06-23 02:47:28,782 - DEBUG - Etat des boutons mis a jour
2025-06-23 02:47:28,793 - DEBUG - Etat des boutons mis a jour
2025-06-23 02:47:28,804 - DEBUG - Etat des boutons mis a jour
2025-06-23 02:47:28,813 - DEBUG - Etat des boutons mis a jour
2025-06-23 02:47:28,819 - DEBUG - Etat des boutons mis a jour
2025-06-23 02:47:30,620 - DEBUG - Etat des boutons mis a jour
2025-06-23 02:47:31,069 - DEBUG - Etat des boutons mis a jour
2025-06-23 02:47:33,066 - DEBUG - Application fermee
