2025-06-23 01:45:26,934 - INFO - Initialisation de la fenetre principale
2025-06-23 01:45:26,939 - DEBUG - Configuration fenetre principale appliquee
2025-06-23 01:45:26,951 - INFO - Initialisation de la barre de titre
2025-06-23 01:45:28,813 - DEBUG - Barre de titre creee
2025-06-23 01:45:28,814 - INFO - Creation du Tool avec 2 colonnes
2025-06-23 01:45:28,815 - INFO - Ajout du bouton 'Nouveau.'
2025-06-23 01:45:28,815 - DEBUG - Ajout tooltip a 'Nouveau.': Creer un nouveau fichier
2025-06-23 01:45:28,816 - DEBUG - Connexion de la fonction au bouton 'Nouveau.'
2025-06-23 01:45:28,817 - DEBUG - Bouton 'Nouveau.' ajoute en position (0, 0)
2025-06-23 01:45:28,820 - INFO - Ajout du bouton 'Ouvrir.'
2025-06-23 01:45:28,821 - DEBUG - Ajout tooltip a 'Ouvrir.': Ouvrir un fichier .md
2025-06-23 01:45:28,822 - DEBUG - Connexion de la fonction au bouton 'Ouvrir.'
2025-06-23 01:45:28,823 - DEBUG - Bouton 'Ouvrir.' ajoute en position (0, 1)
2025-06-23 01:45:28,830 - INFO - Ajout du bouton 'Sauvegarder.'
2025-06-23 01:45:28,830 - DEBUG - Ajout tooltip a 'Sauvegarder.': Sauvegarder le fichier
2025-06-23 01:45:28,832 - DEBUG - Connexion de la fonction au bouton 'Sauvegarder.'
2025-06-23 01:45:28,836 - DEBUG - Bouton 'Sauvegarder.' ajoute en position (1, 0)
2025-06-23 01:45:28,836 - INFO - Ajout du bouton 'Informations.'
2025-06-23 01:45:28,837 - DEBUG - Ajout tooltip a 'Informations.': Afficher les informations du document
2025-06-23 01:45:28,838 - DEBUG - Connexion de la fonction au bouton 'Informations.'
2025-06-23 01:45:28,839 - DEBUG - Bouton 'Informations.' ajoute en position (1, 1)
2025-06-23 01:45:28,840 - DEBUG - Tool1 (fichier) initialise
2025-06-23 01:45:28,847 - INFO - Creation du Tool avec 2 colonnes
2025-06-23 01:45:28,848 - INFO - Ajout du bouton 'G.'
2025-06-23 01:45:28,849 - DEBUG - Ajout tooltip a 'G.': Gras
2025-06-23 01:45:28,850 - DEBUG - Connexion de la fonction au bouton 'G.'
2025-06-23 01:45:28,851 - DEBUG - Bouton 'G.' ajoute en position (0, 0)
2025-06-23 01:45:28,852 - INFO - Ajout du bouton 'I.'
2025-06-23 01:45:28,853 - DEBUG - Ajout tooltip a 'I.': Italique
2025-06-23 01:45:28,854 - DEBUG - Connexion de la fonction au bouton 'I.'
2025-06-23 01:45:28,855 - DEBUG - Bouton 'I.' ajoute en position (0, 1)
2025-06-23 01:45:28,856 - INFO - Ajout du bouton 'S.'
2025-06-23 01:45:28,857 - DEBUG - Ajout tooltip a 'S.': Souligne
2025-06-23 01:45:28,866 - DEBUG - Connexion de la fonction au bouton 'S.'
2025-06-23 01:45:28,867 - DEBUG - Bouton 'S.' ajoute en position (1, 0)
2025-06-23 01:45:28,867 - INFO - Ajout du bouton 'ab.'
2025-06-23 01:45:28,868 - DEBUG - Ajout tooltip a 'ab.': Barre
2025-06-23 01:45:28,869 - DEBUG - Connexion de la fonction au bouton 'ab.'
2025-06-23 01:45:28,870 - DEBUG - Bouton 'ab.' ajoute en position (1, 1)
2025-06-23 01:45:28,871 - DEBUG - Tool2 (styles texte) initialise
2025-06-23 01:45:28,872 - INFO - Creation du Tool avec 2 colonnes
2025-06-23 01:45:28,873 - INFO - Ajout du bouton 'Lien.'
2025-06-23 01:45:28,881 - DEBUG - Ajout icone a 'Lien.': ui/icons/add_link.png
2025-06-23 01:45:28,885 - DEBUG - Ajout tooltip a 'Lien.': Inserer un lien
2025-06-23 01:45:28,885 - DEBUG - Connexion de la fonction au bouton 'Lien.'
2025-06-23 01:45:28,887 - DEBUG - Bouton 'Lien.' ajoute en position (0, 0)
2025-06-23 01:45:28,887 - INFO - Ajout du bouton 'Tableau.'
2025-06-23 01:45:28,888 - DEBUG - Ajout icone a 'Tableau.': ui/icons/table.png
2025-06-23 01:45:28,889 - DEBUG - Ajout tooltip a 'Tableau.': Inserer un tableau
2025-06-23 01:45:28,890 - DEBUG - Connexion de la fonction au bouton 'Tableau.'
2025-06-23 01:45:28,900 - DEBUG - Bouton 'Tableau.' ajoute en position (0, 1)
2025-06-23 01:45:28,900 - INFO - Ajout du bouton 'Image.'
2025-06-23 01:45:28,901 - DEBUG - Ajout icone a 'Image.': ui/icons/add_photo.png
2025-06-23 01:45:28,903 - DEBUG - Ajout tooltip a 'Image.': Inserer une image
2025-06-23 01:45:28,903 - DEBUG - Connexion de la fonction au bouton 'Image.'
2025-06-23 01:45:28,904 - DEBUG - Bouton 'Image.' ajoute en position (1, 0)
2025-06-23 01:45:28,905 - DEBUG - Tool3 (insertion) initialise
2025-06-23 01:45:28,906 - INFO - Creation du Tool avec 2 colonnes
2025-06-23 01:45:28,907 - INFO - Ajout du bouton ''
2025-06-23 01:45:28,913 - DEBUG - Ajout icone a '': ui/icons/align_left.png
2025-06-23 01:45:28,916 - DEBUG - Ajout tooltip a '': Aligner a gauche
2025-06-23 01:45:28,919 - DEBUG - Connexion de la fonction au bouton ''
2025-06-23 01:45:28,920 - DEBUG - Bouton '' ajoute en position (0, 0)
2025-06-23 01:45:28,920 - INFO - Ajout du bouton ''
2025-06-23 01:45:28,922 - DEBUG - Ajout icone a '': ui/icons/align_center.png
2025-06-23 01:45:28,923 - DEBUG - Ajout tooltip a '': Centrer le texte
2025-06-23 01:45:28,933 - DEBUG - Connexion de la fonction au bouton ''
2025-06-23 01:45:28,934 - DEBUG - Bouton '' ajoute en position (0, 1)
2025-06-23 01:45:28,935 - INFO - Ajout du bouton ''
2025-06-23 01:45:28,937 - DEBUG - Ajout icone a '': ui/icons/align_right.png
2025-06-23 01:45:28,940 - DEBUG - Ajout tooltip a '': Aligner a droite
2025-06-23 01:45:28,949 - DEBUG - Connexion de la fonction au bouton ''
2025-06-23 01:45:28,951 - DEBUG - Bouton '' ajoute en position (1, 0)
2025-06-23 01:45:28,952 - INFO - Ajout du bouton ''
2025-06-23 01:45:28,953 - DEBUG - Ajout icone a '': ui/icons/align_justify.png
2025-06-23 01:45:28,954 - DEBUG - Ajout tooltip a '': Justifier le texte
2025-06-23 01:45:28,955 - DEBUG - Connexion de la fonction au bouton ''
2025-06-23 01:45:28,955 - DEBUG - Bouton '' ajoute en position (1, 1)
2025-06-23 01:45:28,956 - DEBUG - Tool4 (alignement) initialise
2025-06-23 01:45:28,956 - INFO - Creation du Tool avec 2 colonnes
2025-06-23 01:45:28,968 - INFO - Ajout du bouton ''
2025-06-23 01:45:28,970 - DEBUG - Ajout icone a '': ui/icons/indent_decrease.png
2025-06-23 01:45:28,972 - DEBUG - Ajout tooltip a '': Diminuer le retrait
2025-06-23 01:45:28,973 - DEBUG - Connexion de la fonction au bouton ''
2025-06-23 01:45:28,985 - DEBUG - Bouton '' ajoute en position (0, 0)
2025-06-23 01:45:28,986 - INFO - Ajout du bouton ''
2025-06-23 01:45:28,987 - DEBUG - Ajout icone a '': ui/icons/indent_increase.png
2025-06-23 01:45:28,988 - DEBUG - Ajout tooltip a '': Augmenter le retrait
2025-06-23 01:45:28,989 - DEBUG - Connexion de la fonction au bouton ''
2025-06-23 01:45:29,002 - DEBUG - Bouton '' ajoute en position (0, 1)
2025-06-23 01:45:29,002 - INFO - Ajout du bouton '.'
2025-06-23 01:45:29,003 - DEBUG - Ajout icone a '.': ui/icons/list_numbered.png
2025-06-23 01:45:29,006 - DEBUG - Ajout tooltip a '.': Creer une liste numerotee
2025-06-23 01:45:29,021 - DEBUG - Connexion de la fonction au bouton '.'
2025-06-23 01:45:29,022 - DEBUG - Bouton '.' ajoute en position (1, 0)
2025-06-23 01:45:29,023 - INFO - Ajout du bouton '.'
2025-06-23 01:45:29,040 - DEBUG - Ajout icone a '.': ui/icons/list_bulleted.png
2025-06-23 01:45:29,050 - DEBUG - Ajout tooltip a '.': Creer une liste a puces
2025-06-23 01:45:29,052 - DEBUG - Connexion de la fonction au bouton '.'
2025-06-23 01:45:29,053 - DEBUG - Bouton '.' ajoute en position (1, 1)
2025-06-23 01:45:29,053 - DEBUG - Tool5 (listes et retraits) initialise
2025-06-23 01:45:29,054 - INFO - Creation du Tool avec 2 colonnes
2025-06-23 01:45:29,057 - INFO - Ajout du bouton '.'
2025-06-23 01:45:29,067 - DEBUG - Ajout icone a '.': ui/icons/paste.png
2025-06-23 01:45:29,068 - DEBUG - Ajout tooltip a '.': Coller
2025-06-23 01:45:29,069 - DEBUG - Connexion de la fonction au bouton '.'
2025-06-23 01:45:29,070 - DEBUG - Bouton '.' ajoute en position (0, 0)
2025-06-23 01:45:29,070 - INFO - Ajout du bouton '.'
2025-06-23 01:45:29,071 - DEBUG - Ajout icone a '.': ui/icons/cut.png
2025-06-23 01:45:29,072 - DEBUG - Ajout tooltip a '.': Couper
2025-06-23 01:45:29,072 - DEBUG - Connexion de la fonction au bouton '.'
2025-06-23 01:45:29,082 - DEBUG - Bouton '.' ajoute en position (0, 1)
2025-06-23 01:45:29,083 - INFO - Ajout du bouton '.'
2025-06-23 01:45:29,084 - DEBUG - Ajout icone a '.': ui/icons/copy.png
2025-06-23 01:45:29,085 - DEBUG - Ajout tooltip a '.': Copier
2025-06-23 01:45:29,085 - DEBUG - Connexion de la fonction au bouton '.'
2025-06-23 01:45:29,087 - DEBUG - Bouton '.' ajoute en position (1, 0)
2025-06-23 01:45:29,087 - INFO - Ajout du bouton ''
2025-06-23 01:45:29,088 - DEBUG - Ajout icone a '': ui/icons/paint.png
2025-06-23 01:45:29,089 - DEBUG - Ajout tooltip a '': Appliquer le style (pinceau)
2025-06-23 01:45:29,090 - DEBUG - Connexion de la fonction au bouton ''
2025-06-23 01:45:29,100 - DEBUG - Bouton '' ajoute en position (1, 1)
2025-06-23 01:45:29,100 - DEBUG - Tool6 (edition) initialise
2025-06-23 01:45:29,101 - INFO - Creation du Tool avec 2 colonnes
2025-06-23 01:45:29,102 - INFO - Ajout du bouton 'H1.'
2025-06-23 01:45:29,102 - DEBUG - Ajout tooltip a 'H1.': Titre 1
2025-06-23 01:45:29,103 - DEBUG - Connexion de la fonction au bouton 'H1.'
2025-06-23 01:45:29,104 - DEBUG - Bouton 'H1.' ajoute en position (0, 0)
2025-06-23 01:45:29,104 - INFO - Ajout du bouton 'H2.'
2025-06-23 01:45:29,105 - DEBUG - Ajout tooltip a 'H2.': Titre 2
2025-06-23 01:45:29,106 - DEBUG - Connexion de la fonction au bouton 'H2.'
2025-06-23 01:45:29,116 - DEBUG - Bouton 'H2.' ajoute en position (0, 1)
2025-06-23 01:45:29,117 - INFO - Ajout du bouton 'H3.'
2025-06-23 01:45:29,118 - DEBUG - Ajout tooltip a 'H3.': Titre 3
2025-06-23 01:45:29,119 - DEBUG - Connexion de la fonction au bouton 'H3.'
2025-06-23 01:45:29,119 - DEBUG - Bouton 'H3.' ajoute en position (1, 0)
2025-06-23 01:45:29,120 - INFO - Ajout du bouton 'H4.'
2025-06-23 01:45:29,120 - DEBUG - Ajout tooltip a 'H4.': Titre 4
2025-06-23 01:45:29,121 - DEBUG - Connexion de la fonction au bouton 'H4.'
2025-06-23 01:45:29,123 - DEBUG - Bouton 'H4.' ajoute en position (1, 1)
2025-06-23 01:45:29,123 - DEBUG - Tool7 (titres) initialise
2025-06-23 01:45:29,133 - INFO - Creation du Tool avec 2 colonnes
2025-06-23 01:45:29,134 - INFO - Ajout du bouton '.'
2025-06-23 01:45:29,135 - DEBUG - Ajout icone a '.': ui/icons/note_add.png
2025-06-23 01:45:29,136 - DEBUG - Ajout tooltip a '.': Ajouter une note
2025-06-23 01:45:29,137 - DEBUG - Connexion de la fonction au bouton '.'
2025-06-23 01:45:29,137 - DEBUG - Bouton '.' ajoute en position (0, 0)
2025-06-23 01:45:29,138 - INFO - Ajout du bouton ''
2025-06-23 01:45:29,139 - DEBUG - Ajout icone a '': ui/icons/checklist.png
2025-06-23 01:45:29,149 - DEBUG - Ajout tooltip a '': Ajouter une checklist
2025-06-23 01:45:29,150 - DEBUG - Connexion de la fonction au bouton ''
2025-06-23 01:45:29,151 - DEBUG - Bouton '' ajoute en position (0, 1)
2025-06-23 01:45:29,151 - INFO - Ajout du bouton '.'
2025-06-23 01:45:29,152 - DEBUG - Ajout icone a '.': ui/icons/flip.png
2025-06-23 01:45:29,153 - DEBUG - Ajout tooltip a '.': Ajouter une ligne de separateur
2025-06-23 01:45:29,154 - DEBUG - Connexion de la fonction au bouton '.'
2025-06-23 01:45:29,154 - DEBUG - Bouton '.' ajoute en position (1, 0)
2025-06-23 01:45:29,155 - INFO - Ajout du bouton '.'
2025-06-23 01:45:29,156 - DEBUG - Ajout icone a '.': ui/icons/add_reaction.png
2025-06-23 01:45:29,168 - DEBUG - Ajout tooltip a '.': Ajouter un emoji
2025-06-23 01:45:29,169 - DEBUG - Connexion de la fonction au bouton '.'
2025-06-23 01:45:29,170 - DEBUG - Bouton '.' ajoute en position (1, 1)
2025-06-23 01:45:29,170 - DEBUG - Tool8 (ajout de contenu : note, checklist, section, emoji) initialise
2025-06-23 01:45:29,202 - DEBUG - Header configure et widgets ajoutes
2025-06-23 01:45:29,223 - DEBUG - editeur de texte initialise
2025-06-23 01:45:29,235 - DEBUG - Container central configure
2025-06-23 01:45:29,236 - DEBUG - Footer configure
2025-06-23 01:45:29,269 - INFO - Initialisation complete de la fenetre principale terminee
2025-06-23 01:45:49,686 - DEBUG - Application fermee
